C51 COMPILER V9.60.0.0   BSP_FLASH                                                         09/20/2025 15:17:35 PAGE 1   


C51 COMPILER V9.60.0.0, COMPILATION OF MODULE BSP_FLASH
OBJECT MODULE PLACED IN .\Objects\bsp_flash.obj
COMPILER INVOKED BY: C:\Keil_v5\C51\BIN\C51.EXE Bsp\bsp_flash.c LARGE OPTIMIZE(8,SPEED) BROWSE DEBUG OBJECTEXTEND PRINT(
                    -.\Listings\bsp_flash.lst) TABS(2) OBJECT(.\Objects\bsp_flash.obj)

line level    source

   1          #include "./User/includes.h"
   2          
   3          xdata FlashParameterTypeDef FlashCacheBuf = {0};//ç”¨äºå‚¨å­˜FLASHä¸­çš„çš„æ•°æ®ï¼ˆå°†flashçš„æ•°æ®è¯»å
             -ˆ°SRAMä¸­ï¼‰
   4          
   5          //æŒ‡é’ˆå¸¸é‡ï¼ŒæŒ‡å‘flashæ•°æ®åœ¨å†…å­˜ä¸­çš„é¦–åœ°å€ï¼Œå…¨å±€å˜é‡å¯åœ¨å„ä¸ªæ–‡ä»¶ä¸­ä½¿ç”¨
   6          xdata FlashParameterTypeDef const *const pFlash  =  &FlashCacheBuf;
   7          //========================================================================
   8          // å‡½æ•°:BSP_GetFlashConfig(SignalLineTotalTypeDef *pFlash)
   9          // æè¿°: è¯»å–flashé‡Œé¢çš„é…ç½®å‚æ•°
  10          // å‚æ•°ï¼š*pFlashæŒ‡å‘éœ€è¦ä¿å­˜æ•°æ®çš„å†…å­˜é¦–åœ°å€3
  11          // ç‰ˆæœ¬: V1.0, 2022-10-17
  12          //========================================================================
  13          void BSP_GetFlashConfig(void)
  14          {
  15   1      
  16   1            //ä¸»æ¿ä¸ä¸Šä½æœºçš„è¿æ¥ä¸²å£å·
  17   1            pFlash->upload.com            =     IapReadByte(FLASH_ADDR_UPLOAD_COM);         //ä¸»æ¿ä¸ä¸Šä½æœºçš„è¿æ
             -¥ä¸²å£å·
  18   1            pFlash->upload.bote           =     IapReadByte(FLASH_ADDR_UPLOAD_BOTE);        //ä¸»æ¿ä¸ä¸Šä½æœºçš„è¿
             -æ¥ä¸²å£æ³¢ç‰¹ç‡
  19   1        
  20   1            //ä¸»æ¿ä¸GPSçš„è¿æ¥ä¸²å£å·
  21   1            pFlash->gps.com               =     IapReadByte(FLASH_ADDR_GPS_COM);            //ä¸»æ¿ä¸GPSçš„è¿æ¥ä¸²å£å
             -·
  22   1            pFlash->gps.bote              =     IapReadByte(FLASH_ADDR_GPS_BOTE);           //ä¸»æ¿ä¸GPSçš„è¿æ¥ä¸²å
             -£æ³¢ç‰¹ç‡
  23   1            pFlash->gps.remap             =     IapReadByte(FLASH_ADDR_GPS_COM_REMAP);      //ä¸»æ¿ä¸GPSçš„è¿æ¥ä
             -¸²å£é‡æ˜ å°„
  24   1        
  25   1        
  26   1        
  27   1            //ä¸»æ¿ä¸é«˜æ£®ç¢°æ†ä¼ æ„Ÿå™¨è¿æ¥çš„ä¸²å£
  28   1            pFlash->bump_hs.com           =     IapReadByte(FLASH_ADDR_BUMP_HS_COM);        //ä¸»æ¿ä¸ä¸Šä½æœºçš„è¿
             -æ¥ä¸²å£å·
  29   1            pFlash->bump_hs.bote          =     IapReadByte(FLASH_ADDR_BUMP_HS_BOTE);       //ä¸»æ¿ä¸ä¸Šä½æœºçš„
             -è¿æ¥ä¸²å£æ³¢ç‰¹ç‡
  30   1        
  31   1            //ä¸»æ¿ä¸2.4Gç¢°æ†ä¼ æ„Ÿå™¨è¿æ¥çš„ä¸²å£
  32   1            pFlash->bump_24g.com          =     IapReadByte(FLASH_ADDR_BUMP_24G_COM);       //ä¸»æ¿ä¸2.4Gç¢°æ†ä¼ æ
             -„Ÿå™¨è¿æ¥ä¸²å£å·
  33   1            pFlash->bump_24g.bote         =     IapReadByte(FLASH_ADDR_BUMP_24G_BOTE);      //ä¸»æ¿ä¸2.4Gç¢°æ†ä¼
             - æ„Ÿå™¨è¿æ¥ä¸²å£æ³¢ç‰¹ç‡
  34   1        
  35   1        
  36   1            //ä¸»æ¿ä¸å€¾è§’è¿æ¥çš„ä¸²å£ï¼ˆæ±‡æ€»åä¸Šä¼ ï¼‰
  37   1            pFlash->titl_all.com          =     IapReadByte(FLASH_ADDR_TILT_ALL_COM);       //ä¸»æ¿ä¸å€¾è§’è¿æ¥çš
             -„ä¸²å£ï¼ˆæ±‡æ€»åä¸Šä¼ ï¼‰ä¸²å£å·
  38   1            pFlash->titl_all.bote         =     IapReadByte(FLASH_ADDR_TILT_BOTE);          //ä¸»æ¿ä¸å€¾è§’è¿æ¥çš„
             -ä¸²å£æ³¢ç‰¹ç‡
  39   1        
  40   1            //ä¸»æ¿ä¸å‰è½´å€¾è§’ä¼ æ„Ÿå™¨çš„è¿æ¥ä¸²å£å·ï¼ˆå•ä¼ æ„Ÿå™¨è¿æ¥ï¼‰
  41   1            pFlash->titl_q.com            =     IapReadByte(FLASH_ADDR_TILT_Q_COM);         //ä¸»æ¿ä¸å‰è½´å€¾è§’ä¼ æ
             -„Ÿå™¨çš„è¿æ¥ä¸²å£å·ï¼ˆå•ä¼ æ„Ÿå™¨è¿æ¥ï¼‰
C51 COMPILER V9.60.0.0   BSP_FLASH                                                         09/20/2025 15:17:35 PAGE 2   

  42   1            pFlash->titl_q.bote           =     IapReadByte(FLASH_ADDR_TILT_BOTE);          //ä¸»æ¿ä¸å€¾è§’è¿æ¥çš„
             -ä¸²å£æ³¢ç‰¹ç‡
  43   1            
  44   1            //ä¸»æ¿ä¸åè½´å€¾è§’ä¼ æ„Ÿå™¨çš„è¿æ¥ä¸²å£å·ï¼ˆå•ä¼ æ„Ÿå™¨è¿æ¥ï¼‰
  45   1            pFlash->titl_h.com            =     IapReadByte(FLASH_ADDR_TILT_H_COM);         //ä¸»æ¿ä¸åè½´å€¾è§’ä¼ æ
             -„Ÿå™¨çš„è¿æ¥ä¸²å£å·ï¼ˆå•ä¼ æ„Ÿå™¨è¿æ¥ï¼‰
  46   1            pFlash->titl_h.bote           =     IapReadByte(FLASH_ADDR_TILT_BOTE);          //ä¸»æ¿ä¸å€¾è§’è¿æ¥çš„
             -ä¸²å£æ³¢ç‰¹ç‡
  47   1            
  48   1            //ä¸»æ¿ä¸æŒ‚è½´å€¾è§’ä¼ æ„Ÿå™¨çš„è¿æ¥ä¸²å£å·ï¼ˆå•ä¼ æ„Ÿå™¨è¿æ¥ï¼‰
  49   1            pFlash->titl_g.com            =     IapReadByte(FLASH_ADDR_TILT_G_COM);         //ä¸»æ¿ä¸æŒ‚è½´å€¾è§’ä¼ æ
             -„Ÿå™¨çš„è¿æ¥ä¸²å£å·ï¼ˆå•ä¼ æ„Ÿå™¨è¿æ¥ï¼‰
  50   1            pFlash->titl_g.bote           =     IapReadByte(FLASH_ADDR_TILT_BOTE);          //ä¸»æ¿ä¸å€¾è§’è¿æ¥çš„
             -ä¸²å£æ³¢ç‰¹ç‡
  51   1            
  52   1            //ä¸»æ¿ä¸äºŒè½®æ‘©æ‰˜è½¦å€¾è§’ä¼ æ„Ÿå™¨çš„è¿æ¥ä¸²å£å·ï¼ˆå•ä¼ æ„Ÿå™¨è¿æ¥ï¼‰
  53   1            pFlash->titl_mtc.com          =     IapReadByte(FLASH_ADDR_TILT_MTC_COM);       //ä¸»æ¿ä¸äºŒè½®æ‘©æ‰˜è½
             -¦å€¾è§’ä¼ æ„Ÿå™¨çš„è¿æ¥ä¸²å£å·ï¼ˆå•ä¼ æ„Ÿå™¨è¿æ¥ï¼‰
  54   1            pFlash->titl_mtc.bote         =     IapReadByte(FLASH_ADDR_TILT_BOTE);          //ä¸»æ¿ä¸å€¾è§’è¿æ¥çš
             -„ä¸²å£æ³¢ç‰¹ç‡
  55   1            
  56   1            //ä¸»æ¿ç½‘å£æ¨¡å—
  57   1            pFlash->network.com           =     IapReadByte(FLASH_ADDR_NETWORK_COM);        //ä¸»æ¿ç½‘ç»œæ¨¡å—æ˜¯å¦
             -å¯ç”¨
  58   1            
  59   1            
  60   1            //ä¸»æ¿ä¸è¶…å£°æ³¢ï¼ˆå•è¾¹æ¡¥ï¼‰ä¼ æ„Ÿå™¨çš„è¿æ¥ä¸²å£å·ï¼ˆå•ä¼ æ„Ÿå™¨è¿æ¥ï¼‰
  61   1            pFlash->csb_dbq.com           =     IapReadByte(FLASH_ADDR_CSB_DBQ_COM);        //ä¸»æ¿ä¸æŒ‚è½´å€¾è§’ä¼ 
             -æ„Ÿå™¨çš„è¿æ¥ä¸²å£å·ï¼ˆå•ä¼ æ„Ÿå™¨è¿æ¥ï¼‰
  62   1            pFlash->csb_dbq.bote          =     IapReadByte(FLASH_ADDR_CSB_DBQ_BOTE);         //ä¸»æ¿ä¸å€¾è§’è¿æ
             -¥çš„ä¸²å£æ³¢ç‰¹ç‡
  63   1            
  64   1            //ä¸»æ¿ä¸è¶…å£°æ³¢ï¼ˆéš§é“ï¼‰ä¼ æ„Ÿå™¨çš„è¿æ¥ä¸²å£å·ï¼ˆå•ä¼ æ„Ÿå™¨è¿æ¥ï¼‰
  65   1            pFlash->csb_sd.com            =     IapReadByte(FLASH_ADDR_CSB_SD_COM);       //ä¸»æ¿ä¸äºŒè½®æ‘©æ‰˜è½¦å
             -€¾è§’ä¼ æ„Ÿå™¨çš„è¿æ¥ä¸²å£å·ï¼ˆå•ä¼ æ„Ÿå™¨è¿æ¥ï¼‰
  66   1            pFlash->csb_sd.bote           =     IapReadByte(FLASH_ADDR_CSB_SD_BOTE);          //ä¸»æ¿ä¸å€¾è§’è¿æ¥
             -çš„ä¸²å£æ³¢ç‰¹ç‡
  67   1        
  68   1            //åº§æ¤…å¼€å…³ï¼ˆè°ƒèŠ‚ï¼‰
  69   1            pFlash->zytj.pin              =     IapReadByte(FLASH_ADDR_ZYTJ_PIN);           //åº§æ¤…å¼€å…³ï¼ˆè°ƒèŠ‚ï¼‰è¾
             -“å…¥ç®¡è„šä½ç½®
  70   1            pFlash->zytj.modle            =     IapReadByte(FLASH_ADDR_ZYTJ_MODEL);         //åº§æ¤…å¼€å…³ï¼ˆè°ƒèŠ‚ï
             -¼‰è¾“å…¥æ¨¡å¼
  71   1            pFlash->zytj.rising_ed        =     IapReadByte(FLASH_ADDR_ZYTJ_RISING_ED);     //åº§æ¤…å¼€å…³ï¼ˆè°ƒèŠ‚ï
             -¼‰ä¸Šå‡æ²¿æ¶ˆæŠ–
  72   1            pFlash->zytj.falling_ed       =     IapReadByte(FLASH_ADDR_ZYTJ_FALLING_ED);    //åº§æ¤…å¼€å…³ï¼ˆè°ƒèŠ‚ï¼
             -‰ä¸‹é™æ²¿æ¶ˆæŠ–
  73   1            pFlash->zytj.type             =     IapReadByte(FLASH_ADDR_ZYTJ_TYPE);          //åº§æ¤…å¼€å…³ï¼ˆè°ƒèŠ‚ï¼‰è¯„åˆ
             -¤ç±»å‹å’Œæ–¹å¼
  74   1            //æ‰‹åˆ¹å¼€å…³
  75   1            pFlash->ss.pin                =     IapReadByte(FLASH_ADDR_SS_PIN);             //æ‰‹åˆ¹å¼€å…³è¾“å…¥ç®
             -¡è„šä½ç½®
  76   1            pFlash->ss.modle              =     IapReadByte(FLASH_ADDR_SS_MODEL);           //æ‰‹åˆ¹å¼€å…³è¾“å…¥æ¨¡å
             -¼
  77   1            pFlash->ss.rising_ed          =     IapReadByte(FLASH_ADDR_SS_RISING_ED);       //æ‰‹åˆ¹å¼€å…³ä¸Šå‡æ²¿
             -æ¶ˆæŠ–
  78   1            pFlash->ss.falling_ed         =     IapReadByte(FLASH_ADDR_SS_FALLING_ED);      //æ‰‹åˆ¹å¼€å…³ä¸‹é™æ²¿æ
             -¶ˆæŠ–
  79   1            pFlash->ss.type               =     IapReadByte(FLASH_ADDR_SS_TYPE);            //æ‰‹åˆ¹å¼€å…³è¯„åˆ¤ç±»å‹å’Œæ–¹å
             -¼
  80   1            //å·¦è½¬å¼€å…³
  81   1            pFlash->zz.pin                =     IapReadByte(FLASH_ADDR_ZZ_PIN);             //å·¦è½¬å¼€å…³è¾“å…¥ç®¡
C51 COMPILER V9.60.0.0   BSP_FLASH                                                         09/20/2025 15:17:35 PAGE 3   

             -è„šä½ç½®
  82   1            pFlash->zz.modle              =     IapReadByte(FLASH_ADDR_ZZ_MODEL);           //å·¦è½¬å¼€å…³è¾“å…¥æ¨¡å
             -¼
  83   1            pFlash->zz.rising_ed          =     IapReadByte(FLASH_ADDR_ZZ_RISING_ED);       //å·¦è½¬å¼€å…³ä¸Šå‡æ²¿
             -æ¶ˆæŠ–
  84   1            pFlash->zz.falling_ed         =     IapReadByte(FLASH_ADDR_ZZ_FALLING_ED);      //å·¦è½¬å¼€å…³ä¸‹é™æ²¿æ
             -¶ˆæŠ–
  85   1            pFlash->zz.type               =     IapReadByte(FLASH_ADDR_ZZ_TYPE);            //å·¦è½¬å¼€å…³è¯„åˆ¤ç±»å‹å’Œæ–¹å
             -¼
  86   1            //å³è½¬å¼€å…³
  87   1            pFlash->yz.pin                =     IapReadByte(FLASH_ADDR_YZ_PIN);             //å³è½¬å¼€å…³è¾“å…¥ç®¡è
             -„šä½ç½®
  88   1            pFlash->yz.modle              =     IapReadByte(FLASH_ADDR_YZ_MODEL);           //å³è½¬å¼€å…³è¾“å…¥æ¨¡å
             -¼
  89   1            pFlash->yz.rising_ed          =     IapReadByte(FLASH_ADDR_YZ_RISING_ED);       //å³è½¬å¼€å…³ä¸Šå‡æ²¿
             -æ¶ˆæŠ–
  90   1            pFlash->yz.falling_ed         =     IapReadByte(FLASH_ADDR_YZ_FALLING_ED);      //å³è½¬å¼€å…³ä¸‹é™æ²¿æ
             -¶ˆæŠ–
  91   1            pFlash->yz.type               =     IapReadByte(FLASH_ADDR_YZ_TYPE);            //å³è½¬å¼€å…³è¯„åˆ¤ç±»å‹å’Œæ–¹å
             -¼
  92   1            //è¿œå…‰å¼€å…³
  93   1            pFlash->yg.pin                =     IapReadByte(FLASH_ADDR_YG_PIN);             //è¿œå…‰å¼€å…³è¾“å…¥ç®¡è
             -„šä½ç½®
  94   1            pFlash->yg.modle              =     IapReadByte(FLASH_ADDR_YG_MODEL);           //è¿œå…‰å¼€å…³è¾“å…¥æ¨¡å
             -¼
  95   1            pFlash->yg.rising_ed          =     IapReadByte(FLASH_ADDR_YG_RISING_ED);       //è¿œå…‰å¼€å…³ä¸Šå‡æ²¿
             -æ¶ˆæŠ–
  96   1            pFlash->yg.falling_ed         =     IapReadByte(FLASH_ADDR_YG_FALLING_ED);      //è¿œå…‰å¼€å…³ä¸‹é™æ²¿æ¶
             -ˆæŠ–
  97   1            pFlash->yg.type               =     IapReadByte(FLASH_ADDR_YG_TYPE);            //è¿œå…‰å¼€å…³è¯„åˆ¤ç±»å‹å’Œæ–¹å
             -¼
  98   1            //è¿‘å…‰å¼€å…³
  99   1            pFlash->jg.pin                =     IapReadByte(FLASH_ADDR_JG_PIN);             //è¿‘å…‰å¼€å…³è¾“å…¥ç®¡è
             -„šä½ç½®
 100   1            pFlash->jg.modle              =     IapReadByte(FLASH_ADDR_JG_MODEL);           //è¿‘å…‰å¼€å…³è¾“å…¥æ¨¡å
             -¼
 101   1            pFlash->jg.rising_ed          =     IapReadByte(FLASH_ADDR_JG_RISING_ED);       //è¿‘å…‰å¼€å…³ä¸Šå‡æ²¿
             -æ¶ˆæŠ–
 102   1            pFlash->jg.falling_ed         =     IapReadByte(FLASH_ADDR_JG_FALLING_ED);      //è¿‘å…‰å¼€å…³ä¸‹é™æ²¿æ
             -¶ˆæŠ–
 103   1            pFlash->jg.type               =     IapReadByte(FLASH_ADDR_JG_TYPE);            //è¿‘å…‰å¼€å…³è¯„åˆ¤ç±»å‹å’Œæ–¹å
             -¼
 104   1            //ç¦»åˆå¼€å…³
 105   1            pFlash->lh.pin                =     IapReadByte(FLASH_ADDR_LH_PIN);             //ç¦»åˆå¼€å…³è¾“å…¥ç®¡
             -è„šä½ç½®
 106   1            pFlash->lh.modle              =     IapReadByte(FLASH_ADDR_LH_MODEL);           //ç¦»åˆå¼€å…³è¾“å…¥æ¨¡å
             -¼
 107   1            pFlash->lh.rising_ed          =     IapReadByte(FLASH_ADDR_LH_RISING_ED);       //ç¦»åˆå¼€å…³ä¸Šå‡æ²¿
             -æ¶ˆæŠ–
 108   1            pFlash->lh.falling_ed         =     IapReadByte(FLASH_ADDR_LH_FALLING_ED);      //ç¦»åˆå¼€å…³ä¸‹é™æ²¿æ¶
             -ˆæŠ–
 109   1            pFlash->lh.type           =     IapReadByte(FLASH_ADDR_LH_TYPE);            //ç¦»åˆå¼€å…³è¯„åˆ¤ç±»å‹å’Œæ–¹å¼
 110   1            //è„šåˆ¹å¼€å…³
 111   1            pFlash->js.pin                =     IapReadByte(FLASH_ADDR_JS_PIN);             //è„šåˆ¹å¼€å…³è¾“å…¥ç®
             -¡è„šä½ç½®
 112   1            pFlash->js.modle              =     IapReadByte(FLASH_ADDR_JS_MODEL);           //è„šåˆ¹å¼€å…³è¾“å…¥æ¨¡
             -å¼
 113   1            pFlash->js.rising_ed          =     IapReadByte(FLASH_ADDR_JS_RISING_ED);       //è„šåˆ¹å¼€å…³ä¸Šå‡æ²¿
             -æ¶ˆæŠ–
 114   1            pFlash->js.falling_ed         =     IapReadByte(FLASH_ADDR_JS_FALLING_ED);      //è„šåˆ¹å¼€å…³ä¸‹é™æ²¿
             -æ¶ˆæŠ–
 115   1            pFlash->js.type               =     IapReadByte(FLASH_ADDR_JS_TYPE);            //è„šåˆ¹å¼€å…³è¯„åˆ¤ç±»å‹å’Œæ–¹å
C51 COMPILER V9.60.0.0   BSP_FLASH                                                         09/20/2025 15:17:35 PAGE 4   

             -¼
 116   1            //ç†„ç«å¼€å…³
 117   1            pFlash->xh.pin                =     IapReadByte(FLASH_ADDR_XH_PIN);             //ç†„ç«å¼€å…³è¾“å…¥ç®
             -¡è„šä½ç½®
 118   1            pFlash->xh.modle              =     IapReadByte(FLASH_ADDR_XH_MODEL);           //ç†„ç«å¼€å…³è¾“å…¥æ¨¡å
             -¼
 119   1            pFlash->xh.rising_ed          =     IapReadByte(FLASH_ADDR_XH_RISING_ED);       //ç†„ç«å¼€å…³ä¸Šå‡æ²¿
             -æ¶ˆæŠ–
 120   1            pFlash->xh.falling_ed         =     IapReadByte(FLASH_ADDR_XH_FALLING_ED);      //ç†„ç«å¼€å…³ä¸‹é™æ²¿æ
             -¶ˆæŠ–
 121   1            pFlash->xh.type               =     IapReadByte(FLASH_ADDR_XH_TYPE);            //ç†„ç«å¼€å…³è¯„åˆ¤æ–¹å
             -¼
 122   1            //å¯åŠ¨å¼€å…³
 123   1            pFlash->qd.pin                =     IapReadByte(FLASH_ADDR_QD_PIN);             //å¯åŠ¨å¼€å…³è¾“å…¥ç®
             -¡è„šä½ç½®
 124   1            pFlash->qd.modle              =     IapReadByte(FLASH_ADDR_QD_MODEL);           //å¯åŠ¨å¼€å…³è¾“å…¥æ¨¡
             -å¼
 125   1            pFlash->qd.rising_ed          =     IapReadByte(FLASH_ADDR_QD_RISING_ED);       //å¯åŠ¨å¼€å…³ä¸Šå‡æ²¿
             -æ¶ˆæŠ–
 126   1            pFlash->qd.falling_ed         =     IapReadByte(FLASH_ADDR_QD_FALLING_ED);      //å¯åŠ¨å¼€å…³ä¸‹é™æ²¿æ
             -¶ˆæŠ–
 127   1            pFlash->qd.type               =     IapReadByte(FLASH_ADDR_QD_TYPE);            //å¯åŠ¨æ–¹å¼  
 128   1            //å®‰å…¨å¸¦å¼€å…³
 129   1            pFlash->aqd.pin               =     IapReadByte(FLASH_ADDR_AQD_PIN);            //å®‰å…¨å¸¦å¼€å…³è¾“å…¥ç
             -®¡è„šä½ç½®
 130   1            pFlash->aqd.modle             =     IapReadByte(FLASH_ADDR_AQD_MODEL);          //å®‰å…¨å¸¦å¼€å…³è¾“å…¥æ
             -¨¡å¼
 131   1            pFlash->aqd.rising_ed         =     IapReadByte(FLASH_ADDR_AQD_RISING_ED);      //å®‰å…¨å¸¦å¼€å…³ä¸Šå‡
             -æ²¿æ¶ˆæŠ–
 132   1            pFlash->aqd.falling_ed        =     IapReadByte(FLASH_ADDR_AQD_FALLING_ED);     //å®‰å…¨å¸¦å¼€å…³ä¸‹é™
             -æ²¿æ¶ˆæŠ–
 133   1            pFlash->aqd.type              =     IapReadByte(FLASH_ADDR_AQD_TYPE);           //å®‰å…¨å¸¦å¼€å…³è¯„åˆ¤ç±»å‹å’
             -Œæ–¹å¼
 134   1            //ç¤ºè­¦å¼€å…³
 135   1            pFlash->sj.pin                =     IapReadByte(FLASH_ADDR_SJ_PIN);             //ç¤ºè­¦å¼€å…³è¾“å…¥ç®¡è
             -„šä½ç½®
 136   1            pFlash->sj.modle              =     IapReadByte(FLASH_ADDR_SJ_MODEL);           //ç¤ºè­¦å¼€å…³è¾“å…¥æ¨¡å
             -¼
 137   1            pFlash->sj.rising_ed          =     IapReadByte(FLASH_ADDR_SJ_RISING_ED);       //ç¤ºè­¦å¼€å…³ä¸Šå‡æ²¿æ
             -¶ˆæŠ–
 138   1            pFlash->sj.falling_ed         =     IapReadByte(FLASH_ADDR_SJ_FALLING_ED);      //ç¤ºè­¦å¼€å…³ä¸‹é™æ²¿æ¶
             -ˆæŠ–
 139   1            pFlash->sj.type               =     IapReadByte(FLASH_ADDR_SJ_TYPE);            //ç¤ºè­¦å¼€å…³è¯„åˆ¤ç±»å‹å’Œæ–¹å
             -¼
 140   1            //å°ç¯å¼€å…³
 141   1            pFlash->xd.pin                =     IapReadByte(FLASH_ADDR_XD_PIN);             //å°ç¯å¼€å…³è¾“å…¥ç®¡è
             -„šä½ç½®
 142   1            pFlash->xd.modle              =     IapReadByte(FLASH_ADDR_XD_MODEL);           //å°ç¯å¼€å…³è¾“å…¥æ¨¡å
             -¼
 143   1            pFlash->xd.rising_ed          =     IapReadByte(FLASH_ADDR_XD_RISING_ED);       //å°ç¯å¼€å…³ä¸Šå‡æ²¿
             -æ¶ˆæŠ–
 144   1            pFlash->xd.falling_ed         =     IapReadByte(FLASH_ADDR_XD_FALLING_ED);      //å°ç¯å¼€å…³ä¸‹é™æ²¿æ
             -¶ˆæŠ–
 145   1            pFlash->xd.type               =     IapReadByte(FLASH_ADDR_XD_TYPE);            //å°ç¯å¼€å…³è¯„åˆ¤ç±»å‹å’Œæ–¹å
             -¼
 146   1            //å–‡å­å¼€å…³
 147   1            pFlash->lb.pin                =     IapReadByte(FLASH_ADDR_LB_PIN);             //å–‡å­å¼€å…³è¾“å…¥ç®¡
             -è„šä½ç½®
 148   1            pFlash->lb.modle              =     IapReadByte(FLASH_ADDR_LB_MODEL);           //å–‡å­å¼€å…³è¾“å…¥æ¨¡å
             -¼
 149   1            pFlash->lb.rising_ed          =     IapReadByte(FLASH_ADDR_LB_RISING_ED);       //å–‡å­å¼€å…³ä¸Šå‡æ²¿
             -æ¶ˆæŠ–
C51 COMPILER V9.60.0.0   BSP_FLASH                                                         09/20/2025 15:17:35 PAGE 5   

 150   1            pFlash->lb.falling_ed         =     IapReadByte(FLASH_ADDR_LB_FALLING_ED);      //å–‡å­å¼€å…³ä¸‹é™æ²¿æ
             -¶ˆæŠ–
 151   1            pFlash->lb.type               =     IapReadByte(FLASH_ADDR_LB_TYPE);            //å–‡å­å¼€å…³è¯„åˆ¤ç±»å‹å’Œæ–¹å
             -¼
 152   1            //è½¦é—¨å¼€å…³
 153   1            pFlash->cm.pin                =     IapReadByte(FLASH_ADDR_CM_PIN);             //è½¦é—¨å¼€å…³è¾“å…¥ç®¡
             -è„šä½ç½®
 154   1            pFlash->cm.modle              =     IapReadByte(FLASH_ADDR_CM_MODEL);           //è½¦é—¨å¼€å…³è¾“å…¥æ¨¡å
             -¼
 155   1            pFlash->cm.rising_ed          =     IapReadByte(FLASH_ADDR_CM_RISING_ED);       //è½¦é—¨å¼€å…³ä¸Šå‡æ²¿
             -æ¶ˆæŠ–
 156   1            pFlash->cm.falling_ed         =     IapReadByte(FLASH_ADDR_CM_FALLING_ED);      //è½¦é—¨å¼€å…³ä¸‹é™æ²¿æ¶
             -ˆæŠ–
 157   1            pFlash->cm.type               =     IapReadByte(FLASH_ADDR_CM_TYPE);            //è½¦é—¨å¼€å…³è¯„åˆ¤ç±»å‹å’Œæ–¹å
             -¼
 158   1            //æŒ¡ä½ä¼ æ„Ÿå™¨
 159   1            pFlash->dw.pin1               =     IapReadByte(FLASH_ADDR_DW_PIN1);            //æŒ¡ä½ä¼ æ„Ÿå™¨ä¿¡å·
             -çº¿1è¾“å…¥ç®¡è„šä½ç½®
 160   1            pFlash->dw.pin2               =     IapReadByte(FLASH_ADDR_DW_PIN2);            //æŒ¡ä½ä¼ æ„Ÿå™¨ä¿¡å·çº¿
             -2è¾“å…¥ç®¡è„šä½ç½®
 161   1            pFlash->dw.pin3               =     IapReadByte(FLASH_ADDR_DW_PIN3);            //æŒ¡ä½ä¼ æ„Ÿå™¨ä¿¡å·çº¿3è¾
             -“å…¥ç®¡è„šä½ç½®
 162   1            pFlash->dw.pin4               =     IapReadByte(FLASH_ADDR_DW_PIN4);            //æŒ¡ä½ä¼ æ„Ÿå™¨ä¿¡å·çº¿4è¾“å
             -…¥ç®¡è„šä½ç½®
 163   1            pFlash->dw.pin5               =     IapReadByte(FLASH_ADDR_DW_PIN5);            //æŒ¡ä½ä¼ æ„Ÿå™¨ä¿¡å·çº¿5è¾“å
             -…¥ç®¡è„šä½ç½®
 164   1            pFlash->dw.modle              =     IapReadByte(FLASH_ADDR_DW_MODEL);           //æŒ¡ä½ä¼ æ„Ÿå™¨è¾“å…¥æ¨
             -¡å¼
 165   1            pFlash->dw.rising_ed          =     IapReadByte(FLASH_ADDR_DW_RISING_ED);       //æŒ¡ä½ä¼ æ„Ÿå™¨ä¸Šå‡æ²
             -¿æ¶ˆæŠ–
 166   1            pFlash->dw.falling_ed         =     IapReadByte(FLASH_ADDR_DW_FALLING_ED);      //æŒ¡ä½ä¼ æ„Ÿå™¨ä¸‹é™æ
             -²¿æ¶ˆæŠ–
 167   1            pFlash->dw.value[0]           =     IapReadByte(FLASH_ADDR_DW_VALUE_1);         //1æŒ¡ä½æ ‡å®šå€¼
 168   1            pFlash->dw.value[1]           =     IapReadByte(FLASH_ADDR_DW_VALUE_2);         //2æŒ¡ä½æ ‡å®šå€¼
 169   1            pFlash->dw.value[2]           =     IapReadByte(FLASH_ADDR_DW_VALUE_3);         //3æŒ¡ä½æ ‡å®šå€¼
 170   1            pFlash->dw.value[3]           =     IapReadByte(FLASH_ADDR_DW_VALUE_4);         //4æŒ¡ä½æ ‡å®šå€¼
 171   1            pFlash->dw.value[4]           =     IapReadByte(FLASH_ADDR_DW_VALUE_5);         //5æŒ¡ä½æ ‡å®šå€¼
 172   1            pFlash->dw.value[5]           =     IapReadByte(FLASH_ADDR_DW_VALUE_R);         //å€’æŒ¡æŒ¡ä½æ ‡å®šå€¼
 173   1            pFlash->dw.value[6]           =     IapReadByte(FLASH_ADDR_DW_VALUE_ZERO);      //ç©ºæŒ¡æŒ¡ä½æ ‡å®šå€¼
 174   1            pFlash->dw.type               =     IapReadByte(FLASH_ADDR_DW_TYPE);            //æŒ¡ä½ä¼ æ„Ÿå™¨ç±»å‹
 175   1            //å·¦åè§†å¼€å…³
 176   1            pFlash->zhs.pin               =     IapReadByte(FLASH_ADDR_ZHS_PIN);            //å·¦åè§†å¼€å…³è¾“å…¥ç
             -®¡è„šä½ç½®
 177   1            pFlash->zhs.modle             =     IapReadByte(FLASH_ADDR_ZHS_MODEL);          //å·¦åè§†å¼€å…³è¾“å…¥æ
             -¨¡å¼
 178   1            pFlash->zhs.rising_ed         =     IapReadByte(FLASH_ADDR_ZHS_RISING_ED);      //å·¦åè§†å¼€å…³ä¸Šå‡
             -æ²¿æ¶ˆæŠ–
 179   1            pFlash->zhs.falling_ed        =     IapReadByte(FLASH_ADDR_ZHS_FALLING_ED);     //å·¦åè§†å¼€å…³ä¸‹é™æ²
             -¿æ¶ˆæŠ–
 180   1            pFlash->zhs.type              =     IapReadByte(FLASH_ADDR_ZHS_TYPE);           //å·¦åè§†å¼€å…³è¯„åˆ¤ç±»å‹å’
             -Œæ–¹å¼
 181   1            //å†…åè§†å¼€å…³
 182   1            pFlash->nhs.pin               =     IapReadByte(FLASH_ADDR_NHS_PIN);            //å†…åè§†å¼€å…³è¾“å…¥ç
             -®¡è„šä½ç½®
 183   1            pFlash->nhs.modle             =     IapReadByte(FLASH_ADDR_NHS_MODEL);          //å†…åè§†å¼€å…³è¾“å…¥æ
             -¨¡å¼
 184   1            pFlash->nhs.rising_ed         =     IapReadByte(FLASH_ADDR_NHS_RISING_ED);      //å†…åè§†å¼€å…³ä¸Šå‡
             -æ²¿æ¶ˆæŠ–
 185   1            pFlash->nhs.falling_ed        =     IapReadByte(FLASH_ADDR_NHS_FALLING_ED);     //å†…åè§†å¼€å…³ä¸‹é™æ
             -²¿æ¶ˆæŠ–
 186   1            pFlash->nhs.type              =     IapReadByte(FLASH_ADDR_NHS_TYPE);           //å†…åè§†å¼€å…³è¯„åˆ¤ç±»å‹å
             -’Œæ–¹å¼
C51 COMPILER V9.60.0.0   BSP_FLASH                                                         09/20/2025 15:17:35 PAGE 6   

 187   1            //å‰¯åˆ¹å¼€å…³
 188   1            pFlash->fsc.pin               =     IapReadByte(FLASH_ADDR_FSC_PIN);            //å‰¯åˆ¹å¼€å…³è¾“å…¥ç®¡
             -è„šä½ç½®
 189   1            pFlash->fsc.modle             =     IapReadByte(FLASH_ADDR_FSC_MODEL);          //å‰¯åˆ¹å¼€å…³è¾“å…¥æ¨¡å
             -¼
 190   1            pFlash->fsc.rising_ed         =     IapReadByte(FLASH_ADDR_FSC_RISING_ED);      //å‰¯åˆ¹å¼€å…³ä¸Šå‡æ²¿
             -æ¶ˆæŠ–
 191   1            pFlash->fsc.falling_ed        =     IapReadByte(FLASH_ADDR_FSC_FALLING_ED);     //å‰¯åˆ¹å¼€å…³ä¸‹é™æ²¿
             -æ¶ˆæŠ–
 192   1            pFlash->fsc.type              =     IapReadByte(FLASH_ADDR_FSC_TYPE);           //å‰¯åˆ¹å¼€å…³è¯„åˆ¤ç±»å‹å’Œæ–
             -¹å¼
 193   1            //é›¾ç¯å¼€å…³
 194   1            pFlash->wd.pin                =     IapReadByte(FLASH_ADDR_WD_PIN);             //é›¾ç¯å¼€å…³è¾“å…¥ç®¡è
             -„šä½ç½®
 195   1            pFlash->wd.modle              =     IapReadByte(FLASH_ADDR_WD_MODEL);           //é›¾ç¯å¼€å…³è¾“å…¥æ¨¡å
             -¼
 196   1            pFlash->wd.rising_ed          =     IapReadByte(FLASH_ADDR_WD_RISING_ED);       //é›¾ç¯å¼€å…³ä¸Šå‡æ²¿
             -æ¶ˆæŠ–
 197   1            pFlash->wd.falling_ed         =     IapReadByte(FLASH_ADDR_WD_FALLING_ED);      //é›¾ç¯å¼€å…³ä¸‹é™æ²¿æ
             -¶ˆæŠ–
 198   1            pFlash->wd.type               =     IapReadByte(FLASH_ADDR_WD_TYPE);            //é›¾ç¯å¼€å…³è¯„åˆ¤ç±»å‹å’Œæ–¹å
             -¼
 199   1            //é›¨åˆ·å¼€å…³
 200   1            pFlash->ys.pin                =     IapReadByte(FLASH_ADDR_YS_PIN);             //é›¨åˆ·å¼€å…³è¾“å…¥ç®
             -¡è„šä½ç½®
 201   1            pFlash->ys.modle              =     IapReadByte(FLASH_ADDR_YS_MODEL);           //é›¨åˆ·å¼€å…³è¾“å…¥æ¨¡å
             -¼
 202   1            pFlash->ys.rising_ed          =     IapReadByte(FLASH_ADDR_YS_RISING_ED);       //é›¨åˆ·å¼€å…³ä¸Šå‡æ²¿
             -æ¶ˆæŠ–
 203   1            pFlash->ys.falling_ed         =     IapReadByte(FLASH_ADDR_YS_FALLING_ED);      //é›¨åˆ·å¼€å…³ä¸‹é™æ²¿æ
             -¶ˆæŠ–
 204   1            pFlash->ys.type               =     IapReadByte(FLASH_ADDR_YS_TYPE);            //é›¨åˆ·å¼€å…³è¯„åˆ¤ç±»å‹å’Œæ–¹å
             -¼
 205   1            //å€’è½¦ç¯å¼€å…³
 206   1            pFlash->dcd.pin               =     IapReadByte(FLASH_ADDR_DCD_PIN);            //å€’è½¦ç¯å¼€å…³è¾“å…¥
             -ç®¡è„šä½ç½®
 207   1            pFlash->dcd.modle             =     IapReadByte(FLASH_ADDR_DCD_MODEL);          //å€’è½¦ç¯å¼€å…³è¾“å…¥æ¨
             -¡å¼
 208   1            pFlash->dcd.rising_ed         =     IapReadByte(FLASH_ADDR_DCD_RISING_ED);      //å€’è½¦ç¯å¼€å…³ä¸Šå‡
             -æ²¿æ¶ˆæŠ–
 209   1            pFlash->dcd.falling_ed        =     IapReadByte(FLASH_ADDR_DCD_FALLING_ED);     //å€’è½¦ç¯å¼€å…³ä¸‹é™
             -æ²¿æ¶ˆæŠ–
 210   1            pFlash->dcd.type              =     IapReadByte(FLASH_ADDR_DCD_TYPE);           //å€’è½¦ç¯å¼€å…³è¯„åˆ¤ç±»å‹å’
             -Œæ–¹å¼
 211   1            //é’¥åŒ™é—¨å¼€å…³
 212   1            pFlash->ysm.pin               =     IapReadByte(FLASH_ADDR_YSM_PIN);            //é’¥åŒ™é—¨å¼€å…³è¾“å…¥ç
             -®¡è„šä½ç½®
 213   1            pFlash->ysm.modle             =     IapReadByte(FLASH_ADDR_YSM_MODEL);          //é’¥åŒ™é—¨å¼€å…³è¾“å…¥æ¨
             -¡å¼
 214   1            pFlash->ysm.rising_ed         =     IapReadByte(FLASH_ADDR_YSM_RISING_ED);      //é’¥åŒ™é—¨å¼€å…³ä¸Šå‡æ
             -²¿æ¶ˆæŠ–
 215   1            pFlash->ysm.falling_ed        =     IapReadByte(FLASH_ADDR_YSM_FALLING_ED);     //é’¥åŒ™é—¨å¼€å…³ä¸‹é™æ²
             -¿æ¶ˆæŠ–
 216   1            pFlash->ysm.type              =     IapReadByte(FLASH_ADDR_YSM_TYPE);           //é’¥åŒ™é—¨å¼€å…³è¯„åˆ¤ç±»å‹å’
             -Œæ–¹å¼
 217   1            //ç»•è½¦å¼€å…³1
 218   1            pFlash->rc.pin1               =     IapReadByte(FLASH_ADDR_RC_PIN1);            //ç»•è½¦1å·å¼€å…³è¾“å…
             -¥ç®¡è„šä½ç½®
 219   1            pFlash->rc.pin2               =     IapReadByte(FLASH_ADDR_RC_PIN2);            //ç»•è½¦2å·å¼€å…³è¾“å…¥ç®¡
             -è„šä½ç½®
 220   1            pFlash->rc.pin3               =     IapReadByte(FLASH_ADDR_RC_PIN3);            //ç»•è½¦3å·å¼€å…³è¾“å…¥ç®¡è„š
             -ä½ç½®
C51 COMPILER V9.60.0.0   BSP_FLASH                                                         09/20/2025 15:17:35 PAGE 7   

 221   1            pFlash->rc.modle              =     IapReadByte(FLASH_ADDR_RC_MODEL);           //ç»•è½¦å¼€å…³è¾“å…¥æ¨¡å¼
             -
 222   1            pFlash->rc.rising_ed          =     IapReadByte(FLASH_ADDR_RC_RISING_ED);       //ç»•è½¦å¼€å…³ä¸Šå‡æ²¿æ
             -¶ˆæŠ–
 223   1            pFlash->rc.falling_ed         =     IapReadByte(FLASH_ADDR_RC_FALLING_ED);      //ç»•è½¦å¼€å…³ä¸‹é™æ²¿æ¶
             -ˆæŠ–
 224   1            pFlash->rc.type               =     IapReadByte(FLASH_ADDR_RC_TYPE);            //ç»•è½¦å¼€å…³1ç±»å‹
 225   1            //é—¯åŠ¨å¼€å…³
 226   1            pFlash->cd.pin                =     IapReadByte(FLASH_ADDR_CD_PIN);             //é—¯åŠ¨å¼€å…³è¾“å…¥ç®¡è„
             -šä½ç½®
 227   1            pFlash->cd.modle              =     IapReadByte(FLASH_ADDR_CD_MODEL);           //é—¯åŠ¨å¼€å…³è¾“å…¥æ¨¡å¼
 228   1            pFlash->cd.rising_ed          =     IapReadByte(FLASH_ADDR_CD_RISING_ED);       //é—¯åŠ¨å¼€å…³ä¸Šå‡æ²¿æ¶
             -ˆæŠ–
 229   1            pFlash->cd.falling_ed         =     IapReadByte(FLASH_ADDR_CD_FALLING_ED);      //é—¯åŠ¨å¼€å…³ä¸‹é™æ²¿æ¶
             -ˆæŠ–
 230   1            pFlash->cd.type               =     IapReadByte(FLASH_ADDR_CD_TYPE);            //é—¯åŠ¨å¼€å…³è¯„åˆ¤ç±»å‹å’Œæ–¹å
             -¼
 231   1            //åº§æ¤…å¼€å…³ï¼ˆå‹åŠ›ï¼‰
 232   1            pFlash->zyyl.pin              =     IapReadByte(FLASH_ADDR_ZYYL_PIN);           //åº§æ¤…å¼€å…³ï¼ˆå‹åŠ
             -›ï¼‰è¾“å…¥ç®¡è„šä½ç½®
 233   1            pFlash->zyyl.modle            =     IapReadByte(FLASH_ADDR_ZYYL_MODEL);         //åº§æ¤…å¼€å…³ï¼ˆå‹åŠ›ï
             -¼‰è¾“å…¥æ¨¡å¼
 234   1            pFlash->zyyl.rising_ed        =     IapReadByte(FLASH_ADDR_ZYYL_RISING_ED);     //åº§æ¤…å¼€å…³ï¼ˆå‹åŠ›
             -ï¼‰ä¸Šå‡æ²¿æ¶ˆæŠ–
 235   1            pFlash->zyyl.falling_ed       =     IapReadByte(FLASH_ADDR_ZYYL_FALLING_ED);    //åº§æ¤…å¼€å…³ä¸‹é™æ²¿
             -æ¶ˆæŠ–
 236   1            pFlash->zyyl.type             =     IapReadByte(FLASH_ADDR_ZYYL_TYPE);          //åº§æ¤…å¼€å…³è¯„åˆ¤ç±»å‹å’Œæ–
             -¹å¼
 237   1            //é‡Œç¨‹è®¡æ•°
 238   1            pFlash->lc.pin                =     IapReadByte(FLASH_ADDR_LCJS_PIN);           //é‡Œç¨‹è®¡æ•°è¾“å…¥ç®¡
             -è„šä½ç½®
 239   1            pFlash->lc.modle              =     IapReadByte(FLASH_ADDR_LCJS_MODEL);         //é‡Œç¨‹è®¡æ•°è¾“å…¥æ¨¡å¼
             -
 240   1            pFlash->lc.rising_ed          =     IapReadByte(FLASH_ADDR_LCJS_RISING_ED);     //é‡Œç¨‹è®¡æ•°ä¸‹é™æ²¿æ
             -¶ˆæŠ–
 241   1            pFlash->lc.falling_ed         =     IapReadByte(FLASH_ADDR_LCJS_FALLING_ED);    //é‡Œç¨‹è®¡æ•°ä¸Šå‡æ²¿æ
             -¶ˆæŠ–
 242   1            pFlash->lc.type               =     IapReadByte(FLASH_ADDR_LCJS_TYPE);          //é‡Œç¨‹è®¡æ•°è¯„åˆ¤ç±»å‹å’Œæ–¹
             -å¼
 243   1            //è§‚å¯Ÿä»ªè¡¨ç›˜
 244   1            pFlash->gcybp.pin             =     IapReadByte(FLASH_ADDR_GCYBP_PIN);          //è§‚å¯Ÿä»ªè¡¨ç›˜è¾“å…
             -¥ç®¡è„šä½ç½®
 245   1            pFlash->gcybp.modle           =     IapReadByte(FLASH_ADDR_GCYBP_MODEL);        //è§‚å¯Ÿä»ªè¡¨ç›˜è¾“å…¥
             -æ¨¡å¼
 246   1            pFlash->gcybp.rising_ed       =     IapReadByte(FLASH_ADDR_GCYBP_RISING_ED);    //è§‚å¯Ÿä»ªè¡¨ç›˜ä¸Šå‡
             -æ²¿æ¶ˆæŠ–
 247   1            pFlash->gcybp.falling_ed      =     IapReadByte(FLASH_ADDR_GCYBP_FALLING_ED);   //è§‚å¯Ÿä»ªè¡¨ç›˜ä¸‹é™
             -æ²¿æ¶ˆæŠ–
 248   1            pFlash->gcybp.type            =     IapReadByte(FLASH_ADDR_GCYBP_TYPE);         //è§‚å¯Ÿä»ªè¡¨ç›˜è¯„åˆ¤ç±»å‹
             -å’Œæ–¹å¼
 249   1            
 250   1            //è§¦å‘å¼€å§‹è€ƒè¯•
 251   1            pFlash->begin.pin             =     IapReadByte(FLASH_ADDR_BEGIN_PIN);          //è§¦å‘å¼€å§‹è€ƒè¯•è¾
             -“å…¥ç®¡è„šä½ç½®
 252   1            pFlash->begin.modle           =     IapReadByte(FLASH_ADDR_BEGIN_MODEL);        //è§¦å‘å¼€å§‹è€ƒè¯•è¾“
             -å…¥æ¨¡å¼
 253   1            pFlash->begin.rising_ed       =     IapReadByte(FLASH_ADDR_BEGIN_RISING_ED);    //è§¦å‘å¼€å§‹è€ƒè¯•ä¸Š
             -å‡æ²¿æ¶ˆæŠ–
 254   1            pFlash->begin.falling_ed      =     IapReadByte(FLASH_ADDR_BEGIN_FALLING_ED);   //è§¦å‘å¼€å§‹è€ƒè¯•ä¸‹
             -é™æ²¿æ¶ˆæŠ–
 255   1            pFlash->begin.type            =     IapReadByte(FLASH_ADDR_BEGIN_TYPE);         //è§¦å‘å¼€å§‹è€ƒè¯•è¯„åˆ¤ç±»
             -å‹å’Œæ–¹å¼
C51 COMPILER V9.60.0.0   BSP_FLASH                                                         09/20/2025 15:17:35 PAGE 8   

 256   1            //è½¬é€Ÿ
 257   1            pFlash->zs.pin                =     IapReadByte(FLASH_ADDR_ZS_PIN);              //å¯åŠ¨å‘åŠ¨æœºæ—¶æœ€å°
             -è„‰å†²è®¡æ•°ï¼ˆå¤§äºè¯¥å€¼è½¦è¾†å¯åŠ¨ï¼‰
 258   1            pFlash->zs.min                =     IapReadByte(FLASH_ADDR_ZS_IDLIN_MIN);        //è½¬é€Ÿæ€ é€Ÿæœ€å°è„‰å†
             -²è®¡æ•°
 259   1            pFlash->zs.max                =     IapReadByte(FLASH_ADDR_ZS_XH_MAX);           //ç†„ç«åå‘åŠ¨æœºçš„æœ
             -€å¤§è„‰å†²è®¡æ•°ï¼ˆå°äºè¯¥å€¼è½¦è¾†ç†„ç«ï¼‰
 260   1            pFlash->zs.bs                 =     IapReadByte(FLASH_ADDR_ZS_BS);               //è½¬é€Ÿè„‰å†²è®¡æ•°æ”¾å¤§å€æ•°
 261   1            pFlash->zs.sampling_time      =     IapReadByte(FLASH_ADDR_ZS_SAMPLING_TIME);    //è½¬é€Ÿè„‰å†²é‡‡æ ·æ—
             -¶é—´
 262   1            pFlash->zs.init_value         =     IapReadByte(FLASH_ADDR_ZS_INIT_VALUE);       //åˆå§‹è½¬é€Ÿ 0=é»˜è®¤0ï¼Œ
             -1=é»˜è®¤800
 263   1            //å•è¾¹æ¡¥ä¼ æ„Ÿå™¨
 264   1            pFlash->dbq.pin1              =     IapReadByte(FLASH_ADDR_DBQ_PIN1);             //å•è¾¹æ¡¥ä¿¡å·è¾“å…¥ç
             -®¡è„šä½ç½®1
 265   1            pFlash->dbq.pin2              =     IapReadByte(FLASH_ADDR_DBQ_PIN2);             //å•è¾¹æ¡¥ä¿¡å·è¾“å…¥ç®
             -¡è„šä½ç½®2
 266   1            pFlash->dbq.pin3              =     IapReadByte(FLASH_ADDR_DBQ_PIN3);             //å•è¾¹æ¡¥ä¿¡å·è¾“å…¥ç®¡è„š
             -ä½ç½®3
 267   1            pFlash->dbq.pin4              =     IapReadByte(FLASH_ADDR_DBQ_PIN4);             //å•è¾¹æ¡¥ä¿¡å·è¾“å…¥ç®¡è„š
             -ä½ç½®4
 268   1            pFlash->dbq.pin5              =     IapReadByte(FLASH_ADDR_DBQ_PIN5);             //å•è¾¹æ¡¥ä¿¡å·è¾“å…¥ç®¡è„šä
             -½ç½®5
 269   1            pFlash->dbq.pin6              =     IapReadByte(FLASH_ADDR_DBQ_PIN6);             //å•è¾¹æ¡¥ä¿¡å·è¾“å…¥ç
             -®¡è„šä½ç½®6
 270   1            pFlash->dbq.modle             =     IapReadByte(FLASH_ADDR_DBQ_MODEL);            //å•è¾¹æ¡¥ä¿¡å·è¾“å…¥æ
             -¨¡å¼
 271   1            pFlash->dbq.rising_ed         =     IapReadByte(FLASH_ADDR_DBQ_RISING_ED);        //å•è¾¹æ¡¥ä¿¡å·è¾“å…¥ä
             -¸Šå‡æ²¿æ¶ˆæŠ–æ—¶é—´
 272   1            pFlash->dbq.falling_ed        =     IapReadByte(FLASH_ADDR_DBQ_FALLING_ED);       //å•è¾¹æ¡¥ä¿¡å·è¾“å…¥ä
             -¸‹é™æ²¿æ¶ˆæŠ–æ—¶é—´
 273   1            pFlash->dbq.type              =     IapReadByte(FLASH_ADDR_DBQ_TYPE);             //å•è¾¹æ¡¥ä¿¡å·è¾“å…¥ä¼ æ„Ÿå
             -™¨ç±»å‹    
 274   1            
 275   1            //æ¿å¡ä¿¡æ¯ æ¿å·board
 276   1            pFlash->board.trigger_mode    =     IapReadByte(FLASH_ADDR_TRIGGER_MODE);         //æ•°æ®è§¦å‘æ¨¡å¼
 277   1            pFlash->board.device_type     =     IapReadByte(FLASH_ADDR_DEVICE_TYPE);          //æ¿å¡ç±»å‹
 278   1            pFlash->board.number_L        =     IapReadByte(FLASH_ADDR_BOARD_ID_L);           //æ¿å·ä½ä½
 279   1            pFlash->board.number_H        =     IapReadByte(FLASH_ADDR_BOARD_ID_H);           //æ¿å·é«˜ä½
 280   1            
 281   1      #ifdef  STC15W4K48S4      
                    //æ‘©æ‰˜è½¦å¤´ç›”ä¼ æ„Ÿå™¨
                    pFlash->tk.pin                =       IapReadByte(FLASH_ADDR_TK_PIN);               //æ‘©æ‰˜è½¦å¤´ç›”å¼€å…
             -³ï¼ˆå‹åŠ›ï¼‰è¾“å…¥ç®¡è„šä½ç½®
                    pFlash->tk.modle              =       IapReadByte(FLASH_ADDR_TK_MODEL);             //æ‘©æ‰˜è½¦å¤´ç›”å¼€å…³ï
             -¼ˆå‹åŠ›ï¼‰è¾“å…¥æ¨¡å¼
                    pFlash->tk.rising_ed          =       IapReadByte(FLASH_ADDR_TK_RISING_ED);         //æ‘©æ‰˜è½¦å¤´ç›”å¼€å…³
             -ï¼ˆå‹åŠ›ï¼‰ä¸Šå‡æ²¿æ¶ˆæŠ–
                    pFlash->tk.falling_ed         =       IapReadByte(FLASH_ADDR_TK_FALLING_ED);        //æ‘©æ‰˜è½¦å¤´ç›”å¼€å…³
             -ä¸‹é™æ²¿æ¶ˆæŠ–
                    pFlash->tk.type               =       IapReadByte(FLASH_ADDR_TK_TYPE);              //æ‘©æ‰˜è½¦å¤´ç›”å¼€å…³è¯„åˆ¤ç±
             -»å‹å’Œæ–¹å¼  
                    
                    //æ‘©æ‰˜è½¦å·¦æŠŠæ‰‹ä¼ æ„Ÿå™¨
                    pFlash->zbs.pin               =       IapReadByte(FLASH_ADDR_ZBS_PIN);              //æ‘©æ‰˜è½¦å·¦æŠŠæ‰‹å¼
             -€å…³ï¼ˆå‹åŠ›ï¼‰è¾“å…¥ç®¡è„šä½ç½®
                    pFlash->zbs.modle             =       IapReadByte(FLASH_ADDR_ZBS_MODEL);            //æ‘©æ‰˜è½¦å·¦æŠŠæ‰‹å¼€
             -å…³ï¼ˆå‹åŠ›ï¼‰è¾“å…¥æ¨¡å¼
                    pFlash->zbs.rising_ed         =       IapReadByte(FLASH_ADDR_ZBS_RISING_ED);        //æ‘©æ‰˜è½¦å·¦æŠŠæ‰‹å¼
             -€å…³ï¼ˆå‹åŠ›ï¼‰ä¸Šå‡æ²¿æ¶ˆæŠ–
                    pFlash->zbs.falling_ed        =       IapReadByte(FLASH_ADDR_ZBS_FALLING_ED);       //æ‘©æ‰˜è½¦å·¦æŠŠæ‰‹å¼€
             -å…³ä¸‹é™æ²¿æ¶ˆæŠ–
C51 COMPILER V9.60.0.0   BSP_FLASH                                                         09/20/2025 15:17:35 PAGE 9   

                    pFlash->zbs.type              =       IapReadByte(FLASH_ADDR_ZBS_TYPE);             //æ‘©æ‰˜è½¦å·¦æŠŠæ‰‹å¼€å…³è¯„
             -åˆ¤ç±»å‹å’Œæ–¹å¼  
                    
                    //æ‘©æ‰˜è½¦å³æŠŠæ‰‹ä¼ æ„Ÿå™¨
                    pFlash->ybs.pin               =       IapReadByte(FLASH_ADDR_YBS_PIN);              //æ‘©æ‰˜è½¦å³æŠŠæ‰‹å¼
             -€å…³ï¼ˆå‹åŠ›ï¼‰è¾“å…¥ç®¡è„šä½ç½®
                    pFlash->ybs.modle             =       IapReadByte(FLASH_ADDR_YBS_MODEL);            //æ‘©æ‰˜è½¦å³æŠŠæ‰‹å¼€
             -å…³ï¼ˆå‹åŠ›ï¼‰è¾“å…¥æ¨¡å¼
                    pFlash->ybs.rising_ed         =       IapReadByte(FLASH_ADDR_YBS_RISING_ED);        //æ‘©æ‰˜è½¦å³æŠŠæ‰‹å¼
             -€å…³ï¼ˆå‹åŠ›ï¼‰ä¸Šå‡æ²¿æ¶ˆæŠ–
                    pFlash->ybs.falling_ed        =       IapReadByte(FLASH_ADDR_YBS_FALLING_ED);       //æ‘©æ‰˜è½¦å³æŠŠæ‰‹å¼€
             -å…³ä¸‹é™æ²¿æ¶ˆæŠ–
                    pFlash->ybs.type              =       IapReadByte(FLASH_ADDR_YBS_TYPE);             //æ‘©æ‰˜è½¦å³æŠŠæ‰‹å¼€å…³è¯„
             -åˆ¤ç±»å‹å’Œæ–¹å¼  
                    
                    //æ‘©æ‰˜è½¦å·¦è¸æ¿ä¼ æ„Ÿå™¨
                    pFlash->zjtb.pin              =       IapReadByte(FLASH_ADDR_ZJTB_PIN);             //æ‘©æ‰˜è½¦å·¦è¸æ¿
             -å¼€å…³ï¼ˆå‹åŠ›ï¼‰è¾“å…¥ç®¡è„šä½ç½®
                    pFlash->zjtb.modle            =       IapReadByte(FLASH_ADDR_ZJTB_MODEL);           //æ‘©æ‰˜è½¦å·¦è¸æ¿å¼
             -€å…³ï¼ˆå‹åŠ›ï¼‰è¾“å…¥æ¨¡å¼
                    pFlash->zjtb.rising_ed        =       IapReadByte(FLASH_ADDR_ZJTB_RISING_ED);       //æ‘©æ‰˜è½¦å·¦è¸æ¿å
             -¼€å…³ï¼ˆå‹åŠ›ï¼‰ä¸Šå‡æ²¿æ¶ˆæŠ–
                    pFlash->zjtb.falling_ed       =       IapReadByte(FLASH_ADDR_ZJTB_FALLING_ED);      //æ‘©æ‰˜è½¦å·¦è¸æ¿å
             -¼€å…³ä¸‹é™æ²¿æ¶ˆæŠ–
                    pFlash->zjtb.type             =       IapReadByte(FLASH_ADDR_ZJTB_TYPE);            //æ‘©æ‰˜è½¦å·¦è¸æ¿å¼€å…³è¯„
             -åˆ¤ç±»å‹å’Œæ–¹å¼  
                    
                    //æ‘©æ‰˜è½¦å³è¸æ¿ä¼ æ„Ÿå™¨
                    pFlash->yjtb.pin              =       IapReadByte(FLASH_ADDR_YJTB_PIN);             //æ‘©æ‰˜è½¦å³è¸æ¿
             -å¼€å…³ï¼ˆå‹åŠ›ï¼‰è¾“å…¥ç®¡è„šä½ç½®
                    pFlash->yjtb.modle            =       IapReadByte(FLASH_ADDR_YJTB_MODEL);           //æ‘©æ‰˜è½¦å³è¸æ¿å¼
             -€å…³ï¼ˆå‹åŠ›ï¼‰è¾“å…¥æ¨¡å¼
                    pFlash->yjtb.rising_ed        =       IapReadByte(FLASH_ADDR_YJTB_RISING_ED);       //æ‘©æ‰˜è½¦å³è¸æ¿å
             -¼€å…³ï¼ˆå‹åŠ›ï¼‰ä¸Šå‡æ²¿æ¶ˆæŠ–
                    pFlash->yjtb.falling_ed       =       IapReadByte(FLASH_ADDR_YJTB_FALLING_ED);      //æ‘©æ‰˜è½¦å³è¸æ¿å
             -¼€å…³ä¸‹é™æ²¿æ¶ˆæŠ–
                    pFlash->yjtb.type             =       IapReadByte(FLASH_ADDR_YJTB_TYPE);            //æ‘©æ‰˜è½¦å³è¸æ¿å¼€å…³è¯„
             -åˆ¤ç±»å‹å’Œæ–¹å¼  
                    
                    //ç¢°æ†æ¥æ”¶
                    pFlash->pgjs.pin              =       IapReadByte(FLASH_ADDR_PGJS_PIN);             //ç¢°æ†é¡¹ç›®ç®¡è„š
             -ä½ç½®
                    pFlash->pgjs.modle            =       IapReadByte(FLASH_ADDR_PGJS_MODEL);           //ç¢°æ†é¡¹ç›®è¾“å…¥æ¨¡
             -å¼
                    pFlash->pgjs.rising_ed        =       IapReadByte(FLASH_ADDR_PGJS_RISING_ED);       //ç¢°æ†é¡¹ç›®ä¸Šå‡æ
             -²¿æ¶ˆæŠ–
                    pFlash->pgjs.falling_ed       =       IapReadByte(FLASH_ADDR_PGJS_FALLING_ED);      //ç¢°æ†é¡¹ç›®ä¸‹é™æ
             -²¿æ¶ˆæŠ–
                    pFlash->pgjs.type             =       IapReadByte(FLASH_ADDR_PGJS_TYPE);            //ç¢°æ†é¡¹ç›®è¯„åˆ¤ç±»å‹å’Œ
             -æ–¹å¼  
                    
                    //ç¢°æ†é¡¹ç›®1
                    pFlash->bump[0].name          =       IapReadByte(FLASH_ADDR_PGJS_1_NAME);          //ç¢°æ†é¡¹ç›®åç§
             -°
                    pFlash->bump[0].number        =       IapReadByte(FLASH_ADDR_PGJS_1_N0);            //ç¢°æ†é¡¹ç›®ç¼–å·
                    pFlash->bump[0].count         =       IapReadByte(FLASH_ADDR_PGJS_1_COUNT);         //ç¢°æ†é¡¹ç›®å¯¹åº”æ†
             -çš„æ•°é‡
                    pFlash->bump[0].type          =       IapReadByte(FLASH_ADDR_PGJS_1_TYPE);          //ç¢°æ†é¡¹ç›®å¯¹åº”ä¼ 
             -æ„Ÿå™¨ç±»å‹
                    
                    //ç¢°æ†é¡¹ç›®2
                    pFlash->bump[1].name          =       IapReadByte(FLASH_ADDR_PGJS_2_NAME);          //ç¢°æ†é¡¹ç›®åç§
C51 COMPILER V9.60.0.0   BSP_FLASH                                                         09/20/2025 15:17:35 PAGE 10  

             -°
                    pFlash->bump[1].number        =       IapReadByte(FLASH_ADDR_PGJS_2_N0);            //ç¢°æ†é¡¹ç›®ç¼–å·
                    pFlash->bump[1].count         =       IapReadByte(FLASH_ADDR_PGJS_2_COUNT);         //ç¢°æ†é¡¹ç›®å¯¹åº”æ†
             -çš„æ•°é‡
                    pFlash->bump[1].type          =       IapReadByte(FLASH_ADDR_PGJS_2_TYPE);          //ç¢°æ†é¡¹ç›®å¯¹åº”ä¼ 
             -æ„Ÿå™¨ç±»å‹
                    
                    //ç¢°æ†é¡¹ç›®3
                    pFlash->bump[2].name          =       IapReadByte(FLASH_ADDR_PGJS_3_NAME);          //ç¢°æ†é¡¹ç›®åç§
             -°
                    pFlash->bump[2].number        =       IapReadByte(FLASH_ADDR_PGJS_3_N0);            //ç¢°æ†é¡¹ç›®ç¼–å·
                    pFlash->bump[2].count         =       IapReadByte(FLASH_ADDR_PGJS_3_COUNT);         //ç¢°æ†é¡¹ç›®å¯¹åº”æ†
             -çš„æ•°é‡
                    pFlash->bump[2].type          =       IapReadByte(FLASH_ADDR_PGJS_3_TYPE);          //ç¢°æ†é¡¹ç›®å¯¹åº”ä¼ 
             -æ„Ÿå™¨ç±»å‹
                    
                    //ç¢°æ†é¡¹ç›®4
                    pFlash->bump[3].name          =       IapReadByte(FLASH_ADDR_PGJS_4_NAME);          //ç¢°æ†é¡¹ç›®åç§
             -°
                    pFlash->bump[3].number        =       IapReadByte(FLASH_ADDR_PGJS_4_N0);            //ç¢°æ†é¡¹ç›®ç¼–å·
                    pFlash->bump[3].count         =       IapReadByte(FLASH_ADDR_PGJS_4_COUNT);         //ç¢°æ†é¡¹ç›®å¯¹åº”æ†
             -çš„æ•°é‡
                    pFlash->bump[3].type          =       IapReadByte(FLASH_ADDR_PGJS_4_TYPE);          //ç¢°æ†é¡¹ç›®å¯¹åº”ä¼ 
             -æ„Ÿå™¨ç±»å‹
                    
                    
                   //æ‘©æ‰˜è½¦å‰æ‰‹åˆ¹
                    pFlash->qss.pin               =       IapReadByte(FLASH_ADDR_QSS_PIN);              //æ‘©æ‰˜è½¦å‰æ‰‹åˆ¹è¾
             -“å…¥ç®¡è„šä½ç½®
                    pFlash->qss.modle             =       IapReadByte(FLASH_ADDR_QSS_MODEL);            //æ‘©æ‰˜è½¦å‰æ‰‹åˆ¹è¾“
             -å…¥æ¨¡å¼
                    pFlash->qss.rising_ed         =       IapReadByte(FLASH_ADDR_QSS_RISING_ED);        //æ‘©æ‰˜è½¦å‰æ‰‹åˆ¹ä¸
             -Šå‡æ²¿æ¶ˆæŠ–
                    pFlash->qss.falling_ed        =       IapReadByte(FLASH_ADDR_QSS_FALLING_ED);       //æ‘©æ‰˜è½¦å‰æ‰‹åˆ¹ä¸‹
             -é™æ²¿æ¶ˆæŠ–
                    pFlash->qss.type              =       IapReadByte(FLASH_ADDR_QSS_TYPE);             //æ‘©æ‰˜è½¦å‰æ‰‹åˆ¹ç±»å‹å’
             -Œæ–¹å¼  
                    
                    //ç¢°æ†é¡¹ç›®5
                    pFlash->bump[4].name          =       IapReadByte(FLASH_ADDR_PGJS_5_NAME);          //ç¢°æ†é¡¹ç›®åç§
             -°
                    pFlash->bump[4].number        =       IapReadByte(FLASH_ADDR_PGJS_5_N0);            //ç¢°æ†é¡¹ç›®ç¼–å·
                    pFlash->bump[4].count         =       IapReadByte(FLASH_ADDR_PGJS_5_COUNT);         //ç¢°æ†é¡¹ç›®å¯¹åº”æ†
             -çš„æ•°é‡
                    pFlash->bump[4].type          =       IapReadByte(FLASH_ADDR_PGJS_5_TYPE);          //ç¢°æ†é¡¹ç›®å¯¹åº”ä¼ 
             -æ„Ÿå™¨ç±»å‹
                    
                    //ç¢°æ†é¡¹ç›®6
                    pFlash->bump[5].name          =       IapReadByte(FLASH_ADDR_PGJS_6_NAME);          //ç¢°æ†é¡¹ç›®åç§
             -°
                    pFlash->bump[5].number        =       IapReadByte(FLASH_ADDR_PGJS_6_N0);            //ç¢°æ†é¡¹ç›®ç¼–å·
                    pFlash->bump[5].count         =       IapReadByte(FLASH_ADDR_PGJS_6_COUNT);         //ç¢°æ†é¡¹ç›®å¯¹åº”æ†
             -çš„æ•°é‡
                    pFlash->bump[5].type          =       IapReadByte(FLASH_ADDR_PGJS_6_TYPE);          //ç¢°æ†é¡¹ç›®å¯¹åº”ä¼ 
             -æ„Ÿå™¨ç±»å‹
                    
                    //ç¢°æ†é¡¹ç›®7
                    pFlash->bump[6].name          =       IapReadByte(FLASH_ADDR_PGJS_7_NAME);          //ç¢°æ†é¡¹ç›®åç§
             -°
                    pFlash->bump[6].number        =       IapReadByte(FLASH_ADDR_PGJS_7_N0);            //ç¢°æ†é¡¹ç›®ç¼–å·
                    pFlash->bump[6].count         =       IapReadByte(FLASH_ADDR_PGJS_7_COUNT);         //ç¢°æ†é¡¹ç›®å¯¹åº”æ†
             -çš„æ•°é‡
C51 COMPILER V9.60.0.0   BSP_FLASH                                                         09/20/2025 15:17:35 PAGE 11  

                    pFlash->bump[6].type          =       IapReadByte(FLASH_ADDR_PGJS_7_TYPE);          //ç¢°æ†é¡¹ç›®å¯¹åº”ä¼ 
             -æ„Ÿå™¨ç±»å‹
                    
                    //ç¢°æ†é¡¹ç›®8
                    pFlash->bump[7].name          =       IapReadByte(FLASH_ADDR_PGJS_8_NAME);          //ç¢°æ†é¡¹ç›®åç§
             -°
                    pFlash->bump[7].number        =       IapReadByte(FLASH_ADDR_PGJS_8_N0);            //ç¢°æ†é¡¹ç›®ç¼–å·
                    pFlash->bump[7].count         =       IapReadByte(FLASH_ADDR_PGJS_8_COUNT);         //ç¢°æ†é¡¹ç›®å¯¹åº”æ†
             -çš„æ•°é‡
                    pFlash->bump[7].type          =       IapReadByte(FLASH_ADDR_PGJS_8_TYPE);          //ç¢°æ†é¡¹ç›®å¯¹åº”ä¼ 
             -æ„Ÿå™¨ç±»å‹
                        
                   //GNSSå‹å·
                    pFlash->gnss.model            =       IapReadByte(FLASH_ADDR_GNSS_MODEL);           //GNSSå‹å·
              #endif
 383   1      }
 384          //========================================================================
 385          // å‡½æ•°: BPS_FlashWriteByte(u16 addr, u8 value)
 386          // æè¿°: æŒ‰ç…§å­—èŠ‚å†™å…¥flashï¼Œå†™å…¥å‰å…ˆå¤‡ä»½æ•°æ®
 387          // å‚æ•°ï¼šaddrä¸ºè¦å†™å…¥å­—èŠ‚æ•°æ®çš„åœ°å€ï¼Œvalueä¸ºå­—èŠ‚æ•°æ®
 388          // ç‰ˆæœ¬: V1.0, 2022-10-17
 389          //========================================================================
 390          void BSP_FlashWriteByte(u16 addr, u8 value)
 391          {
 392   1      
 393   1        BSP_GetFlashConfig();//ç¼“å­˜flashæ•°æ®
 394   1        IapEraseSector(addr);//æ“¦é™¤æ‰‡åŒº
 395   1        //å†™å…¥æ•°æ®
 396   1        
 397   1        //ä¸»æ¿ä¸ä¸Šä½æœºçš„è¿æ¥ä¸²å£å·
 398   1        addr == FLASH_ADDR_UPLOAD_COM         ? IapWriteByte(addr,value) : IapWriteByte(FLASH_ADDR_UPLOAD_COM, FlashC
             -acheBuf.upload.com);
 399   1        addr == FLASH_ADDR_UPLOAD_BOTE        ? IapWriteByte(addr,value) : IapWriteByte(FLASH_ADDR_UPLOAD_BOTE, Flas
             -hCacheBuf.upload.bote);
 400   1        
 401   1        //ä¸»æ¿ä¸GPSè¿æ¥ä¸²å£å·
 402   1        addr == FLASH_ADDR_GPS_COM            ? IapWriteByte(addr,value) : IapWriteByte(FLASH_ADDR_GPS_COM, FlashCache
             -Buf.gps.com);
 403   1        addr == FLASH_ADDR_GPS_BOTE           ? IapWriteByte(addr,value) : IapWriteByte(FLASH_ADDR_GPS_BOTE, FlashCach
             -eBuf.gps.bote);
 404   1        addr == FLASH_ADDR_GPS_COM_REMAP      ? IapWriteByte(addr,value) : IapWriteByte(FLASH_ADDR_GPS_COM_REMAP, F
             -lashCacheBuf.gps.remap);
 405   1        
 406   1        //ä¸»æ¿ä¸é«˜æ£®ç¢°æ†ä¼ æ„Ÿå™¨è¿æ¥çš„ä¸²å£
 407   1        addr == FLASH_ADDR_BUMP_HS_COM        ? IapWriteByte(addr,value) : IapWriteByte(FLASH_ADDR_BUMP_HS_COM, Flas
             -hCacheBuf.bump_hs.com);
 408   1        addr == FLASH_ADDR_BUMP_HS_BOTE       ? IapWriteByte(addr,value) : IapWriteByte(FLASH_ADDR_BUMP_HS_BOTE, Fla
             -shCacheBuf.bump_hs.bote);
 409   1        
 410   1        //ä¸»æ¿ä¸2.4Gç¢°æ†ä¼ æ„Ÿå™¨è¿æ¥çš„ä¸²å£
 411   1        addr == FLASH_ADDR_BUMP_24G_COM       ? IapWriteByte(addr,value) : IapWriteByte(FLASH_ADDR_BUMP_24G_COM, Fla
             -shCacheBuf.bump_24g.com);
 412   1        addr == FLASH_ADDR_BUMP_24G_BOTE      ? IapWriteByte(addr,value) : IapWriteByte(FLASH_ADDR_BUMP_24G_BOTE, F
             -lashCacheBuf.bump_24g.bote);
 413   1          
 414   1        //ä¸»æ¿ä¸å€¾è§’è¿æ¥çš„ä¸²å£ï¼ˆæ±‡æ€»åæ¥å…¥ï¼‰
 415   1        addr == FLASH_ADDR_TILT_ALL_COM       ? IapWriteByte(addr,value) : IapWriteByte(FLASH_ADDR_TILT_ALL_COM, Fla
             -shCacheBuf.titl_all.com);
 416   1        addr == FLASH_ADDR_TILT_BOTE          ? IapWriteByte(addr,value) : IapWriteByte(FLASH_ADDR_TILT_BOTE, FlashCa
             -cheBuf.titl_all.bote);
 417   1        
 418   1        //ä¸»æ¿ä¸å‰è½´å€¾è§’ä¼ æ„Ÿå™¨çš„è¿æ¥ä¸²å£å·ï¼ˆå•ä¼ æ„Ÿå™¨è¿æ¥ï¼‰
C51 COMPILER V9.60.0.0   BSP_FLASH                                                         09/20/2025 15:17:35 PAGE 12  

 419   1        addr == FLASH_ADDR_TILT_Q_COM         ? IapWriteByte(addr,value) : IapWriteByte(FLASH_ADDR_TILT_Q_COM, FlashC
             -acheBuf.titl_q.com);
 420   1        addr == FLASH_ADDR_TILT_BOTE          ? IapWriteByte(addr,value) : IapWriteByte(FLASH_ADDR_TILT_BOTE, FlashCa
             -cheBuf.titl_q.bote);
 421   1        
 422   1        //ä¸»æ¿ä¸åè½´å€¾è§’ä¼ æ„Ÿå™¨çš„è¿æ¥ä¸²å£å·ï¼ˆå•ä¼ æ„Ÿå™¨è¿æ¥ï¼‰
 423   1        addr == FLASH_ADDR_TILT_H_COM         ? IapWriteByte(addr,value) : IapWriteByte(FLASH_ADDR_TILT_H_COM, FlashC
             -acheBuf.titl_h.com);
 424   1        addr == FLASH_ADDR_TILT_BOTE          ? IapWriteByte(addr,value) : IapWriteByte(FLASH_ADDR_TILT_BOTE, FlashCa
             -cheBuf.titl_h.bote);
 425   1        
 426   1        //ä¸»æ¿ä¸æŒ‚è½´å€¾è§’ä¼ æ„Ÿå™¨çš„è¿æ¥ä¸²å£å·ï¼ˆå•ä¼ æ„Ÿå™¨è¿æ¥ï¼‰
 427   1        addr == FLASH_ADDR_TILT_G_COM         ? IapWriteByte(addr,value) : IapWriteByte(FLASH_ADDR_TILT_G_COM, FlashC
             -acheBuf.titl_g.com);
 428   1        addr == FLASH_ADDR_TILT_BOTE          ? IapWriteByte(addr,value) : IapWriteByte(FLASH_ADDR_TILT_BOTE, FlashCa
             -cheBuf.titl_g.bote);
 429   1        
 430   1        //ä¸»æ¿ä¸äºŒè½®æ‘©æ‰˜è½¦å€¾è§’ä¼ æ„Ÿå™¨çš„è¿æ¥ä¸²å£å·ï¼ˆå•ä¼ æ„Ÿå™¨è¿æ¥ï¼‰
 431   1        addr == FLASH_ADDR_TILT_MTC_COM       ? IapWriteByte(addr,value) : IapWriteByte(FLASH_ADDR_TILT_MTC_COM, Fla
             -shCacheBuf.titl_mtc.com);
 432   1        addr == FLASH_ADDR_TILT_BOTE          ? IapWriteByte(addr,value) : IapWriteByte(FLASH_ADDR_TILT_BOTE, FlashCa
             -cheBuf.titl_mtc.bote);
 433   1        
 434   1        //ä¸»æ¿ç½‘å£æ¨¡å—
 435   1        addr == FLASH_ADDR_NETWORK_COM        ? IapWriteByte(addr,value) : IapWriteByte(FLASH_ADDR_NETWORK_COM, Flas
             -hCacheBuf.network.com);
 436   1        
 437   1        
 438   1        //ä¸»æ¿ä¸è¶…å£°æ³¢ï¼ˆå•è¾¹æ¡¥ï¼‰ä¼ æ„Ÿå™¨çš„è¿æ¥ä¸²å£å·
 439   1        addr == FLASH_ADDR_CSB_DBQ_COM        ? IapWriteByte(addr,value) : IapWriteByte(FLASH_ADDR_CSB_DBQ_COM, Flas
             -hCacheBuf.csb_dbq.com);
 440   1        addr == FLASH_ADDR_CSB_DBQ_BOTE       ? IapWriteByte(addr,value) : IapWriteByte(FLASH_ADDR_CSB_DBQ_BOTE, Fla
             -shCacheBuf.csb_dbq.bote);
 441   1        
 442   1        //ä¸»æ¿ä¸è¶…å£°æ³¢ï¼ˆéš§é“ï¼‰ä¼ æ„Ÿå™¨çš„è¿æ¥ä¸²å£å·
 443   1        addr == FLASH_ADDR_CSB_SD_COM         ? IapWriteByte(addr,value) : IapWriteByte(FLASH_ADDR_CSB_SD_COM, FlashC
             -acheBuf.csb_sd.com);
 444   1        addr == FLASH_ADDR_CSB_SD_BOTE        ? IapWriteByte(addr,value) : IapWriteByte(FLASH_ADDR_CSB_SD_BOTE, Flas
             -hCacheBuf.csb_sd.bote);
 445   1        
 446   1      
 447   1        //åº§æ¤…å¼€å…³ï¼ˆè°ƒèŠ‚ï¼‰
 448   1        addr == FLASH_ADDR_ZYTJ_PIN           ? IapWriteByte(addr,value) : IapWriteByte(FLASH_ADDR_ZYTJ_PIN, FlashCach
             -eBuf.zytj.pin);
 449   1        addr == FLASH_ADDR_ZYTJ_MODEL         ? IapWriteByte(addr,value) : IapWriteByte(FLASH_ADDR_ZYTJ_MODEL,FlashCa
             -cheBuf.zytj.modle);
 450   1        addr == FLASH_ADDR_ZYTJ_RISING_ED     ? IapWriteByte(addr,value) : IapWriteByte(FLASH_ADDR_ZYTJ_RISING_ED,F
             -lashCacheBuf.zytj.rising_ed);
 451   1        addr == FLASH_ADDR_ZYTJ_FALLING_ED    ? IapWriteByte(addr,value) : IapWriteByte(FLASH_ADDR_ZYTJ_FALLING_ED
             -,FlashCacheBuf.zytj.falling_ed);
 452   1        addr == FLASH_ADDR_ZYTJ_TYPE          ? IapWriteByte(addr,value) : IapWriteByte(FLASH_ADDR_ZYTJ_TYPE, FlashCa
             -cheBuf.zytj.type);
 453   1        //æ‰‹åˆ¹å¼€å…³
 454   1        addr == FLASH_ADDR_SS_PIN             ? IapWriteByte(addr,value) : IapWriteByte(FLASH_ADDR_SS_PIN, FlashCacheBu
             -f.ss.pin);
 455   1        addr == FLASH_ADDR_SS_MODEL           ? IapWriteByte(addr,value) : IapWriteByte(FLASH_ADDR_SS_MODEL,FlashCache
             -Buf.ss.modle);
 456   1        addr == FLASH_ADDR_SS_RISING_ED       ? IapWriteByte(addr,value) : IapWriteByte(FLASH_ADDR_SS_RISING_ED,Flas
             -hCacheBuf.ss.rising_ed);
 457   1        addr == FLASH_ADDR_SS_FALLING_ED      ? IapWriteByte(addr,value) : IapWriteByte(FLASH_ADDR_SS_FALLING_ED, F
             -lashCacheBuf.ss.falling_ed);
 458   1        addr == FLASH_ADDR_SS_TYPE            ? IapWriteByte(addr,value) : IapWriteByte(FLASH_ADDR_SS_TYPE, FlashCache
C51 COMPILER V9.60.0.0   BSP_FLASH                                                         09/20/2025 15:17:35 PAGE 13  

             -Buf.ss.type);
 459   1        //å·¦è½¬å¼€å…³
 460   1        addr == FLASH_ADDR_ZZ_PIN             ? IapWriteByte(addr,value) : IapWriteByte(FLASH_ADDR_ZZ_PIN, FlashCacheBu
             -f.zz.pin);
 461   1        addr == FLASH_ADDR_ZZ_MODEL           ? IapWriteByte(addr,value) : IapWriteByte(FLASH_ADDR_ZZ_MODEL,FlashCache
             -Buf.zz.modle);
 462   1        addr == FLASH_ADDR_ZZ_RISING_ED       ? IapWriteByte(addr,value) : IapWriteByte(FLASH_ADDR_ZZ_RISING_ED,Flas
             -hCacheBuf.zz.rising_ed);
 463   1        addr == FLASH_ADDR_ZZ_FALLING_ED      ? IapWriteByte(addr,value) : IapWriteByte(FLASH_ADDR_ZZ_FALLING_ED, F
             -lashCacheBuf.zz.falling_ed);
 464   1        addr == FLASH_ADDR_ZZ_TYPE            ? IapWriteByte(addr,value) : IapWriteByte(FLASH_ADDR_ZZ_TYPE, FlashCache
             -Buf.zz.type);
 465   1        //å³è½¬å¼€å…³
 466   1        addr == FLASH_ADDR_YZ_PIN             ? IapWriteByte(addr,value) : IapWriteByte(FLASH_ADDR_YZ_PIN, FlashCacheBu
             -f.yz.pin);
 467   1        addr == FLASH_ADDR_YZ_MODEL           ? IapWriteByte(addr,value) : IapWriteByte(FLASH_ADDR_YZ_MODEL,FlashCache
             -Buf.yz.modle);
 468   1        addr == FLASH_ADDR_YZ_RISING_ED         ? IapWriteByte(addr,value) : IapWriteByte(FLASH_ADDR_YZ_RISING_ED,Fla
             -shCacheBuf.yz.rising_ed);
 469   1        addr == FLASH_ADDR_YZ_FALLING_ED        ? IapWriteByte(addr,value) : IapWriteByte(FLASH_ADDR_YZ_FALLING_ED, 
             -FlashCacheBuf.yz.falling_ed);
 470   1        addr == FLASH_ADDR_YZ_TYPE            ? IapWriteByte(addr,value) : IapWriteByte(FLASH_ADDR_YZ_TYPE, FlashCache
             -Buf.yz.type);
 471   1        //è¿œå…‰å¼€å…³
 472   1        addr == FLASH_ADDR_YG_PIN             ? IapWriteByte(addr,value) : IapWriteByte(FLASH_ADDR_YG_PIN, FlashCacheBu
             -f.yg.pin);
 473   1        addr == FLASH_ADDR_YG_MODEL           ? IapWriteByte(addr,value) : IapWriteByte(FLASH_ADDR_YG_MODEL,FlashCache
             -Buf.yg.modle);
 474   1        addr == FLASH_ADDR_YG_RISING_ED         ? IapWriteByte(addr,value) : IapWriteByte(FLASH_ADDR_YG_RISING_ED,Fla
             -shCacheBuf.yg.rising_ed);
 475   1        addr == FLASH_ADDR_YG_FALLING_ED        ? IapWriteByte(addr,value) : IapWriteByte(FLASH_ADDR_YG_FALLING_ED, 
             -FlashCacheBuf.yg.falling_ed);
 476   1        addr == FLASH_ADDR_YG_TYPE            ? IapWriteByte(addr,value) : IapWriteByte(FLASH_ADDR_YG_TYPE, FlashCache
             -Buf.yg.type);
 477   1        //è¿‘å…‰å¼€å…³
 478   1        addr == FLASH_ADDR_JG_PIN             ? IapWriteByte(addr,value) : IapWriteByte(FLASH_ADDR_JG_PIN, FlashCacheBu
             -f.jg.pin);
 479   1        addr == FLASH_ADDR_JG_MODEL           ? IapWriteByte(addr,value) : IapWriteByte(FLASH_ADDR_JG_MODEL,FlashCache
             -Buf.jg.modle);
 480   1        addr == FLASH_ADDR_JG_RISING_ED       ? IapWriteByte(addr,value) : IapWriteByte(FLASH_ADDR_JG_RISING_ED,Flas
             -hCacheBuf.jg.rising_ed);
 481   1        addr == FLASH_ADDR_JG_FALLING_ED      ? IapWriteByte(addr,value) : IapWriteByte(FLASH_ADDR_JG_FALLING_ED, F
             -lashCacheBuf.jg.falling_ed);
 482   1        addr == FLASH_ADDR_JG_TYPE            ? IapWriteByte(addr,value) : IapWriteByte(FLASH_ADDR_JG_TYPE, FlashCache
             -Buf.jg.type);
 483   1        //ç¦»åˆå¼€å…³
 484   1        addr == FLASH_ADDR_LH_PIN             ? IapWriteByte(addr,value) : IapWriteByte(FLASH_ADDR_LH_PIN, FlashCacheBu
             -f.lh.pin);
 485   1        addr == FLASH_ADDR_LH_MODEL           ? IapWriteByte(addr,value) : IapWriteByte(FLASH_ADDR_LH_MODEL,FlashCache
             -Buf.lh.modle);
 486   1        addr == FLASH_ADDR_LH_RISING_ED       ? IapWriteByte(addr,value) : IapWriteByte(FLASH_ADDR_LH_RISING_ED,Flas
             -hCacheBuf.lh.rising_ed);
 487   1        addr == FLASH_ADDR_LH_FALLING_ED      ? IapWriteByte(addr,value) : IapWriteByte(FLASH_ADDR_LH_FALLING_ED, F
             -lashCacheBuf.lh.falling_ed);
 488   1        addr == FLASH_ADDR_LH_TYPE            ? IapWriteByte(addr,value) : IapWriteByte(FLASH_ADDR_LH_TYPE, FlashCache
             -Buf.lh.type);
 489   1        //è„šåˆ¹å¼€å…³
 490   1        addr == FLASH_ADDR_JS_PIN             ? IapWriteByte(addr,value) : IapWriteByte(FLASH_ADDR_JS_PIN, FlashCacheBu
             -f.js.pin);
 491   1        addr == FLASH_ADDR_JS_MODEL           ? IapWriteByte(addr,value) : IapWriteByte(FLASH_ADDR_JS_MODEL,FlashCache
             -Buf.js.modle);
 492   1        addr == FLASH_ADDR_JS_RISING_ED       ? IapWriteByte(addr,value) : IapWriteByte(FLASH_ADDR_JS_RISING_ED,Flas
C51 COMPILER V9.60.0.0   BSP_FLASH                                                         09/20/2025 15:17:35 PAGE 14  

             -hCacheBuf.js.rising_ed);
 493   1        addr == FLASH_ADDR_JS_FALLING_ED      ? IapWriteByte(addr,value) : IapWriteByte(FLASH_ADDR_JS_FALLING_ED, F
             -lashCacheBuf.js.falling_ed);
 494   1        addr == FLASH_ADDR_JS_TYPE            ? IapWriteByte(addr,value) : IapWriteByte(FLASH_ADDR_JS_TYPE, FlashCache
             -Buf.js.type);
 495   1        //ç†„ç«å¼€å…³
 496   1        addr == FLASH_ADDR_XH_PIN             ? IapWriteByte(addr,value) : IapWriteByte(FLASH_ADDR_XH_PIN, FlashCacheBu
             -f.xh.pin);
 497   1        addr == FLASH_ADDR_XH_MODEL           ? IapWriteByte(addr,value) : IapWriteByte(FLASH_ADDR_XH_MODEL,FlashCache
             -Buf.xh.modle);
 498   1        addr == FLASH_ADDR_XH_RISING_ED       ? IapWriteByte(addr,value) : IapWriteByte(FLASH_ADDR_XH_RISING_ED,Flas
             -hCacheBuf.xh.rising_ed);
 499   1        addr == FLASH_ADDR_XH_FALLING_ED      ? IapWriteByte(addr,value) : IapWriteByte(FLASH_ADDR_XH_FALLING_ED, F
             -lashCacheBuf.xh.falling_ed);
 500   1        addr == FLASH_ADDR_XH_TYPE            ? IapWriteByte(addr,value) : IapWriteByte(FLASH_ADDR_XH_TYPE, FlashCache
             -Buf.xh.type);
 501   1        //å¯åŠ¨å¼€å…³
 502   1        addr == FLASH_ADDR_QD_PIN             ? IapWriteByte(addr,value) : IapWriteByte(FLASH_ADDR_QD_PIN, FlashCacheBu
             -f.qd.pin);
 503   1        addr == FLASH_ADDR_QD_MODEL           ? IapWriteByte(addr,value) : IapWriteByte(FLASH_ADDR_QD_MODEL,FlashCache
             -Buf.qd.modle);
 504   1        addr == FLASH_ADDR_QD_RISING_ED       ? IapWriteByte(addr,value) : IapWriteByte(FLASH_ADDR_QD_RISING_ED,Flas
             -hCacheBuf.qd.rising_ed);
 505   1        addr == FLASH_ADDR_QD_FALLING_ED      ? IapWriteByte(addr,value) : IapWriteByte(FLASH_ADDR_QD_FALLING_ED, F
             -lashCacheBuf.qd.falling_ed);
 506   1        addr == FLASH_ADDR_QD_TYPE            ? IapWriteByte(addr,value) : IapWriteByte(FLASH_ADDR_QD_TYPE, FlashCache
             -Buf.qd.type);
 507   1        //å®‰å…¨å¸¦å¼€å…³
 508   1        addr == FLASH_ADDR_AQD_PIN            ? IapWriteByte(addr,value) : IapWriteByte(FLASH_ADDR_AQD_PIN, FlashCache
             -Buf.aqd.pin);
 509   1        addr == FLASH_ADDR_AQD_MODEL          ? IapWriteByte(addr,value) : IapWriteByte(FLASH_ADDR_AQD_MODEL,FlashCac
             -heBuf.aqd.modle);
 510   1        addr == FLASH_ADDR_AQD_RISING_ED      ? IapWriteByte(addr,value) : IapWriteByte(FLASH_ADDR_AQD_RISING_ED,Fl
             -ashCacheBuf.aqd.rising_ed);
 511   1        addr == FLASH_ADDR_AQD_FALLING_ED     ? IapWriteByte(addr,value) : IapWriteByte(FLASH_ADDR_AQD_FALLING_ED,  
             -FlashCacheBuf.aqd.falling_ed);
 512   1        addr == FLASH_ADDR_AQD_TYPE           ? IapWriteByte(addr,value) : IapWriteByte(FLASH_ADDR_AQD_TYPE,  FlashCach
             -eBuf.aqd.type);
 513   1        //ç¤ºè­¦å¼€å…³
 514   1        addr == FLASH_ADDR_SJ_PIN             ? IapWriteByte(addr,value) : IapWriteByte(FLASH_ADDR_SJ_PIN, FlashCacheBu
             -f.sj.pin);
 515   1        addr == FLASH_ADDR_SJ_MODEL           ? IapWriteByte(addr,value) : IapWriteByte(FLASH_ADDR_SJ_MODEL,FlashCache
             -Buf.sj.modle);
 516   1        addr == FLASH_ADDR_SJ_RISING_ED       ? IapWriteByte(addr,value) : IapWriteByte(FLASH_ADDR_SJ_RISING_ED,Flas
             -hCacheBuf.sj.rising_ed);
 517   1        addr == FLASH_ADDR_SJ_FALLING_ED      ? IapWriteByte(addr,value) : IapWriteByte(FLASH_ADDR_SJ_FALLING_ED, Fl
             -ashCacheBuf.sj.falling_ed);
 518   1        addr == FLASH_ADDR_SJ_TYPE            ? IapWriteByte(addr,value) : IapWriteByte(FLASH_ADDR_SJ_TYPE, FlashCach
             -eBuf.sj.type);
 519   1        //å°ç¯å¼€å…³
 520   1        addr == FLASH_ADDR_XD_PIN             ? IapWriteByte(addr,value) : IapWriteByte(FLASH_ADDR_XD_PIN, FlashCacheBu
             -f.xd.pin);
 521   1        addr == FLASH_ADDR_XD_MODEL           ? IapWriteByte(addr,value) : IapWriteByte(FLASH_ADDR_XD_MODEL,FlashCache
             -Buf.xd.modle);
 522   1        addr == FLASH_ADDR_XD_RISING_ED       ? IapWriteByte(addr,value) : IapWriteByte(FLASH_ADDR_XD_RISING_ED,Flas
             -hCacheBuf.xd.rising_ed);
 523   1        addr == FLASH_ADDR_XD_FALLING_ED      ? IapWriteByte(addr,value) : IapWriteByte(FLASH_ADDR_XD_FALLING_ED, Fl
             -ashCacheBuf.xd.falling_ed);
 524   1        addr == FLASH_ADDR_XD_TYPE            ? IapWriteByte(addr,value) : IapWriteByte(FLASH_ADDR_XD_TYPE, FlashCache
             -Buf.xd.type);
 525   1        //å–‡å­å¼€å…³
 526   1        addr == FLASH_ADDR_LB_PIN             ? IapWriteByte(addr,value) : IapWriteByte(FLASH_ADDR_LB_PIN, FlashCacheBu
C51 COMPILER V9.60.0.0   BSP_FLASH                                                         09/20/2025 15:17:35 PAGE 15  

             -f.lb.pin);
 527   1        addr == FLASH_ADDR_LB_MODEL           ? IapWriteByte(addr,value) : IapWriteByte(FLASH_ADDR_LB_MODEL,FlashCache
             -Buf.lb.modle);
 528   1        addr == FLASH_ADDR_LB_RISING_ED       ? IapWriteByte(addr,value) : IapWriteByte(FLASH_ADDR_LB_RISING_ED,Flas
             -hCacheBuf.lb.rising_ed);
 529   1        addr == FLASH_ADDR_LB_FALLING_ED      ? IapWriteByte(addr,value) : IapWriteByte(FLASH_ADDR_LB_FALLING_ED, Fl
             -ashCacheBuf.lb.falling_ed);
 530   1        addr == FLASH_ADDR_LB_TYPE            ? IapWriteByte(addr,value) : IapWriteByte(FLASH_ADDR_LB_TYPE, FlashCache
             -Buf.lb.type);
 531   1        //è½¦é—¨å¼€å…³
 532   1        addr == FLASH_ADDR_CM_PIN             ? IapWriteByte(addr,value) : IapWriteByte(FLASH_ADDR_CM_PIN, FlashCacheBu
             -f.cm.pin);
 533   1        addr == FLASH_ADDR_CM_MODEL           ? IapWriteByte(addr,value) : IapWriteByte(FLASH_ADDR_CM_MODEL,FlashCache
             -Buf.cm.modle);
 534   1        addr == FLASH_ADDR_CM_RISING_ED       ? IapWriteByte(addr,value) : IapWriteByte(FLASH_ADDR_CM_RISING_ED,Flas
             -hCacheBuf.cm.rising_ed);
 535   1        addr == FLASH_ADDR_CM_FALLING_ED      ? IapWriteByte(addr,value) : IapWriteByte(FLASH_ADDR_CM_FALLING_ED, Fl
             -ashCacheBuf.cm.falling_ed);
 536   1        addr == FLASH_ADDR_CM_TYPE            ? IapWriteByte(addr,value) : IapWriteByte(FLASH_ADDR_CM_TYPE, FlashCache
             -Buf.cm.type);
 537   1        //æŒ¡ä½ä¼ æ„Ÿå™¨
 538   1        addr == FLASH_ADDR_DW_PIN1            ? IapWriteByte(addr,value) : IapWriteByte(FLASH_ADDR_DW_PIN1,FlashCacheB
             -uf.dw.pin1);
 539   1        addr == FLASH_ADDR_DW_PIN2            ? IapWriteByte(addr,value) : IapWriteByte(FLASH_ADDR_DW_PIN2,FlashCacheB
             -uf.dw.pin2);
 540   1        addr == FLASH_ADDR_DW_PIN3            ? IapWriteByte(addr,value) : IapWriteByte(FLASH_ADDR_DW_PIN3,FlashCacheB
             -uf.dw.pin3);
 541   1        addr == FLASH_ADDR_DW_PIN4            ? IapWriteByte(addr,value) : IapWriteByte(FLASH_ADDR_DW_PIN4,FlashCacheB
             -uf.dw.pin4);
 542   1        addr == FLASH_ADDR_DW_PIN5            ? IapWriteByte(addr,value) : IapWriteByte(FLASH_ADDR_DW_PIN5,FlashCacheB
             -uf.dw.pin5);
 543   1        addr == FLASH_ADDR_DW_MODEL           ? IapWriteByte(addr,value) : IapWriteByte(FLASH_ADDR_DW_MODEL,FlashCache
             -Buf.dw.modle);
 544   1        addr == FLASH_ADDR_DW_RISING_ED       ? IapWriteByte(addr,value) : IapWriteByte(FLASH_ADDR_DW_RISING_ED,Flas
             -hCacheBuf.dw.rising_ed);
 545   1        addr == FLASH_ADDR_DW_FALLING_ED      ? IapWriteByte(addr,value) : IapWriteByte(FLASH_ADDR_DW_FALLING_ED,Fla
             -shCacheBuf.dw.falling_ed);
 546   1        addr == FLASH_ADDR_DW_TYPE            ? IapWriteByte(addr,value) : IapWriteByte(FLASH_ADDR_DW_TYPE,FlashCacheBu
             -f.dw.type);
 547   1        addr == FLASH_ADDR_DW_VALUE_1         ? IapWriteByte(addr,value) : IapWriteByte(FLASH_ADDR_DW_VALUE_1,FlashCa
             -cheBuf.dw.value[0]);
 548   1        addr == FLASH_ADDR_DW_VALUE_2         ? IapWriteByte(addr,value) : IapWriteByte(FLASH_ADDR_DW_VALUE_2,FlashCa
             -cheBuf.dw.value[1]);
 549   1        addr == FLASH_ADDR_DW_VALUE_3         ? IapWriteByte(addr,value) : IapWriteByte(FLASH_ADDR_DW_VALUE_3,FlashCa
             -cheBuf.dw.value[2]);
 550   1        addr == FLASH_ADDR_DW_VALUE_4         ? IapWriteByte(addr,value) : IapWriteByte(FLASH_ADDR_DW_VALUE_4,FlashCa
             -cheBuf.dw.value[3]);
 551   1        addr == FLASH_ADDR_DW_VALUE_5         ? IapWriteByte(addr,value) : IapWriteByte(FLASH_ADDR_DW_VALUE_5,FlashCa
             -cheBuf.dw.value[4]);
 552   1        addr == FLASH_ADDR_DW_VALUE_R         ? IapWriteByte(addr,value) : IapWriteByte(FLASH_ADDR_DW_VALUE_R,FlashCa
             -cheBuf.dw.value[5]);
 553   1        addr == FLASH_ADDR_DW_VALUE_ZERO      ? IapWriteByte(addr,value) : IapWriteByte(FLASH_ADDR_DW_VALUE_ZERO,Fla
             -shCacheBuf.dw.value[6]);
 554   1      
 555   1        //å·¦åè§†å¼€å…³
 556   1        addr == FLASH_ADDR_ZHS_PIN            ? IapWriteByte(addr,value) : IapWriteByte(FLASH_ADDR_ZHS_PIN, FlashCache
             -Buf.zhs.pin);
 557   1        addr == FLASH_ADDR_ZHS_MODEL          ? IapWriteByte(addr,value) : IapWriteByte(FLASH_ADDR_ZHS_MODEL,FlashCac
             -heBuf.zhs.modle);
 558   1        addr == FLASH_ADDR_ZHS_RISING_ED      ? IapWriteByte(addr,value) : IapWriteByte(FLASH_ADDR_ZHS_RISING_ED,Fl
             -ashCacheBuf.zhs.rising_ed);
 559   1        addr == FLASH_ADDR_ZHS_FALLING_ED     ? IapWriteByte(addr,value) : IapWriteByte(FLASH_ADDR_ZHS_FALLING_ED,  
C51 COMPILER V9.60.0.0   BSP_FLASH                                                         09/20/2025 15:17:35 PAGE 16  

             -FlashCacheBuf.zhs.falling_ed);
 560   1        addr == FLASH_ADDR_ZHS_TYPE           ? IapWriteByte(addr,value) : IapWriteByte(FLASH_ADDR_ZHS_TYPE,  FlashCach
             -eBuf.zhs.type);
 561   1        //å†…åè§†å¼€å…³
 562   1        addr == FLASH_ADDR_NHS_PIN            ? IapWriteByte(addr,value) : IapWriteByte(FLASH_ADDR_NHS_PIN, FlashCache
             -Buf.nhs.pin);
 563   1        addr == FLASH_ADDR_NHS_MODEL          ? IapWriteByte(addr,value) : IapWriteByte(FLASH_ADDR_NHS_MODEL,FlashCac
             -heBuf.nhs.modle);
 564   1        addr == FLASH_ADDR_NHS_RISING_ED      ? IapWriteByte(addr,value) : IapWriteByte(FLASH_ADDR_NHS_RISING_ED,Fl
             -ashCacheBuf.nhs.rising_ed);
 565   1        addr == FLASH_ADDR_NHS_FALLING_ED     ? IapWriteByte(addr,value) : IapWriteByte(FLASH_ADDR_NHS_FALLING_ED,  
             -FlashCacheBuf.nhs.falling_ed);
 566   1        addr == FLASH_ADDR_NHS_TYPE           ? IapWriteByte(addr,value) : IapWriteByte(FLASH_ADDR_NHS_TYPE,  FlashCach
             -eBuf.nhs.type);
 567   1        //å‰¯åˆ¹å¼€å…³
 568   1        addr == FLASH_ADDR_FSC_PIN            ? IapWriteByte(addr,value) : IapWriteByte(FLASH_ADDR_FSC_PIN, FlashCache
             -Buf.fsc.pin);
 569   1        addr == FLASH_ADDR_FSC_MODEL          ? IapWriteByte(addr,value) : IapWriteByte(FLASH_ADDR_FSC_MODEL,FlashCac
             -heBuf.fsc.modle);
 570   1        addr == FLASH_ADDR_FSC_RISING_ED      ? IapWriteByte(addr,value) : IapWriteByte(FLASH_ADDR_FSC_RISING_ED,Fl
             -ashCacheBuf.fsc.rising_ed);
 571   1        addr == FLASH_ADDR_FSC_FALLING_ED     ? IapWriteByte(addr,value) : IapWriteByte(FLASH_ADDR_FSC_FALLING_ED,  
             -FlashCacheBuf.fsc.falling_ed);
 572   1        addr == FLASH_ADDR_FSC_TYPE           ? IapWriteByte(addr,value) : IapWriteByte(FLASH_ADDR_FSC_TYPE,  FlashCach
             -eBuf.fsc.type);
 573   1        //é›¾ç¯å¼€å…³
 574   1        addr == FLASH_ADDR_WD_PIN             ? IapWriteByte(addr,value) : IapWriteByte(FLASH_ADDR_WD_PIN, FlashCacheBu
             -f.wd.pin);
 575   1        addr == FLASH_ADDR_WD_MODEL           ? IapWriteByte(addr,value) : IapWriteByte(FLASH_ADDR_WD_MODEL,FlashCache
             -Buf.wd.modle);
 576   1        addr == FLASH_ADDR_WD_RISING_ED       ? IapWriteByte(addr,value) : IapWriteByte(FLASH_ADDR_WD_RISING_ED,Flas
             -hCacheBuf.wd.rising_ed);
 577   1        addr == FLASH_ADDR_WD_FALLING_ED      ? IapWriteByte(addr,value) : IapWriteByte(FLASH_ADDR_WD_FALLING_ED, Fl
             -ashCacheBuf.wd.falling_ed);
 578   1        addr == FLASH_ADDR_WD_TYPE            ? IapWriteByte(addr,value) : IapWriteByte(FLASH_ADDR_WD_TYPE, FlashCache
             -Buf.wd.type);
 579   1        //é›¨åˆ·å¼€å…³
 580   1        addr == FLASH_ADDR_YS_PIN             ? IapWriteByte(addr,value) : IapWriteByte(FLASH_ADDR_YS_PIN, FlashCacheBu
             -f.ys.pin);
 581   1        addr == FLASH_ADDR_YS_MODEL           ? IapWriteByte(addr,value) : IapWriteByte(FLASH_ADDR_YS_MODEL,FlashCache
             -Buf.ys.modle);
 582   1        addr == FLASH_ADDR_YS_RISING_ED       ? IapWriteByte(addr,value) : IapWriteByte(FLASH_ADDR_YS_RISING_ED,Flas
             -hCacheBuf.ys.rising_ed);
 583   1        addr == FLASH_ADDR_YS_FALLING_ED      ? IapWriteByte(addr,value) : IapWriteByte(FLASH_ADDR_YS_FALLING_ED, Fl
             -ashCacheBuf.ys.falling_ed);
 584   1        addr == FLASH_ADDR_YS_TYPE            ? IapWriteByte(addr,value) : IapWriteByte(FLASH_ADDR_YS_TYPE, FlashCache
             -Buf.ys.type);
 585   1        //å€’è½¦ç¯å¼€å…³
 586   1        addr == FLASH_ADDR_DCD_PIN            ? IapWriteByte(addr,value) : IapWriteByte(FLASH_ADDR_DCD_PIN, FlashCache
             -Buf.dcd.pin);
 587   1        addr == FLASH_ADDR_DCD_MODEL          ? IapWriteByte(addr,value) : IapWriteByte(FLASH_ADDR_DCD_MODEL,FlashCac
             -heBuf.dcd.modle);
 588   1        addr == FLASH_ADDR_DCD_RISING_ED      ? IapWriteByte(addr,value) : IapWriteByte(FLASH_ADDR_DCD_RISING_ED,Fl
             -ashCacheBuf.dcd.rising_ed);
 589   1        addr == FLASH_ADDR_DCD_FALLING_ED     ? IapWriteByte(addr,value) : IapWriteByte(FLASH_ADDR_DCD_FALLING_ED,  
             -FlashCacheBuf.dcd.falling_ed);
 590   1        addr == FLASH_ADDR_DCD_TYPE           ? IapWriteByte(addr,value) : IapWriteByte(FLASH_ADDR_DCD_TYPE,  FlashCach
             -eBuf.dcd.type);
 591   1        //é’¥åŒ™é—¨å¼€å…³
 592   1        addr == FLASH_ADDR_YSM_PIN            ? IapWriteByte(addr,value) : IapWriteByte(FLASH_ADDR_YSM_PIN, FlashCache
             -Buf.ysm.pin);
 593   1        addr == FLASH_ADDR_YSM_MODEL          ? IapWriteByte(addr,value) : IapWriteByte(FLASH_ADDR_YSM_MODEL,FlashCac
C51 COMPILER V9.60.0.0   BSP_FLASH                                                         09/20/2025 15:17:35 PAGE 17  

             -heBuf.ysm.modle);
 594   1        addr == FLASH_ADDR_YSM_RISING_ED      ? IapWriteByte(addr,value) : IapWriteByte(FLASH_ADDR_YSM_RISING_ED,Fl
             -ashCacheBuf.ysm.rising_ed);
 595   1        addr == FLASH_ADDR_YSM_FALLING_ED     ? IapWriteByte(addr,value) : IapWriteByte(FLASH_ADDR_YSM_FALLING_ED,  
             -FlashCacheBuf.ysm.falling_ed);
 596   1        addr == FLASH_ADDR_YSM_TYPE           ? IapWriteByte(addr,value) : IapWriteByte(FLASH_ADDR_YSM_TYPE,  FlashCach
             -eBuf.ysm.type);
 597   1        //ç»•è½¦å¼€å…³1
 598   1        addr == FLASH_ADDR_RC_PIN1            ? IapWriteByte(addr,value) : IapWriteByte(FLASH_ADDR_RC_PIN1,FlashCacheB
             -uf.rc.pin1);
 599   1        addr == FLASH_ADDR_RC_PIN2            ? IapWriteByte(addr,value) : IapWriteByte(FLASH_ADDR_RC_PIN2,FlashCacheB
             -uf.rc.pin2);
 600   1        addr == FLASH_ADDR_RC_PIN3            ? IapWriteByte(addr,value) : IapWriteByte(FLASH_ADDR_RC_PIN3,FlashCacheB
             -uf.rc.pin3);
 601   1        addr == FLASH_ADDR_RC_MODEL           ? IapWriteByte(addr,value) : IapWriteByte(FLASH_ADDR_RC_MODEL,FlashCache
             -Buf.rc.modle);
 602   1        addr == FLASH_ADDR_RC_RISING_ED       ? IapWriteByte(addr,value) : IapWriteByte(FLASH_ADDR_RC_RISING_ED,Flas
             -hCacheBuf.rc.rising_ed);
 603   1        addr == FLASH_ADDR_RC_FALLING_ED      ? IapWriteByte(addr,value) : IapWriteByte(FLASH_ADDR_RC_FALLING_ED, Fl
             -ashCacheBuf.rc.falling_ed);
 604   1        addr == FLASH_ADDR_RC_TYPE            ? IapWriteByte(addr,value) : IapWriteByte(FLASH_ADDR_RC_TYPE, FlashCacheB
             -uf.rc.type);
 605   1        //é—¯åŠ¨å¼€å…³
 606   1        addr == FLASH_ADDR_CD_PIN             ? IapWriteByte(addr,value) : IapWriteByte(FLASH_ADDR_CD_PIN, FlashCacheBu
             -f.cd.pin);
 607   1        addr == FLASH_ADDR_CD_MODEL           ? IapWriteByte(addr,value) : IapWriteByte(FLASH_ADDR_CD_MODEL,FlashCache
             -Buf.cd.modle);
 608   1        addr == FLASH_ADDR_CD_RISING_ED       ? IapWriteByte(addr,value) : IapWriteByte(FLASH_ADDR_CD_RISING_ED,Flas
             -hCacheBuf.cd.rising_ed);
 609   1        addr == FLASH_ADDR_CD_FALLING_ED      ? IapWriteByte(addr,value) : IapWriteByte(FLASH_ADDR_CD_FALLING_ED, Fl
             -ashCacheBuf.cd.falling_ed);
 610   1        addr == FLASH_ADDR_CD_TYPE            ? IapWriteByte(addr,value) : IapWriteByte(FLASH_ADDR_CD_TYPE, FlashCache
             -Buf.cd.type);
 611   1        //åº§æ¤…å¼€å…³ï¼ˆå‹åŠ›)
 612   1        addr == FLASH_ADDR_ZYYL_PIN           ? IapWriteByte(addr,value) : IapWriteByte(FLASH_ADDR_ZYYL_PIN, FlashCach
             -eBuf.zyyl.pin);
 613   1        addr == FLASH_ADDR_ZYYL_MODEL         ? IapWriteByte(addr,value) : IapWriteByte(FLASH_ADDR_ZYYL_MODEL,FlashCa
             -cheBuf.zyyl.modle);
 614   1        addr == FLASH_ADDR_ZYYL_RISING_ED     ? IapWriteByte(addr,value) : IapWriteByte(FLASH_ADDR_ZYYL_RISING_ED,F
             -lashCacheBuf.zyyl.rising_ed);
 615   1        addr == FLASH_ADDR_ZYYL_FALLING_ED    ? IapWriteByte(addr,value) : IapWriteByte(FLASH_ADDR_ZYYL_FALLING_ED,
             -  FlashCacheBuf.zyyl.falling_ed);
 616   1        addr == FLASH_ADDR_ZYYL_TYPE          ? IapWriteByte(addr,value) : IapWriteByte(FLASH_ADDR_ZYYL_TYPE, FlashCa
             -cheBuf.zyyl.type);
 617   1        
 618   1        //é‡Œç¨‹è®¡æ•°
 619   1        addr == FLASH_ADDR_LCJS_PIN           ? IapWriteByte(addr,value) : IapWriteByte(FLASH_ADDR_LCJS_PIN, FlashCach
             -eBuf.lc.pin);
 620   1        addr == FLASH_ADDR_LCJS_MODEL         ? IapWriteByte(addr,value) : IapWriteByte(FLASH_ADDR_LCJS_MODEL,FlashCa
             -cheBuf.lc.modle);
 621   1        addr == FLASH_ADDR_LCJS_RISING_ED     ? IapWriteByte(addr,value) : IapWriteByte(FLASH_ADDR_LCJS_RISING_ED,F
             -lashCacheBuf.lc.rising_ed);
 622   1        addr == FLASH_ADDR_LCJS_FALLING_ED    ? IapWriteByte(addr,value) : IapWriteByte(FLASH_ADDR_LCJS_FALLING_ED,
             -  FlashCacheBuf.lc.falling_ed);
 623   1        addr == FLASH_ADDR_LCJS_TYPE          ? IapWriteByte(addr,value) : IapWriteByte(FLASH_ADDR_LCJS_TYPE, FlashCa
             -cheBuf.lc.type);
 624   1        
 625   1        //è§‚å¯Ÿä»ªè¡¨ç›˜
 626   1        addr == FLASH_ADDR_GCYBP_PIN          ? IapWriteByte(addr,value) : IapWriteByte(FLASH_ADDR_GCYBP_PIN, FlashCac
             -heBuf.gcybp.pin);
 627   1        addr == FLASH_ADDR_GCYBP_MODEL        ? IapWriteByte(addr,value) : IapWriteByte(FLASH_ADDR_GCYBP_MODEL,FlashC
             -acheBuf.gcybp.modle);
C51 COMPILER V9.60.0.0   BSP_FLASH                                                         09/20/2025 15:17:35 PAGE 18  

 628   1        addr == FLASH_ADDR_GCYBP_RISING_ED    ? IapWriteByte(addr,value) : IapWriteByte(FLASH_ADDR_GCYBP_RISING_ED,
             -FlashCacheBuf.gcybp.rising_ed);
 629   1        addr == FLASH_ADDR_GCYBP_FALLING_ED   ? IapWriteByte(addr,value) : IapWriteByte(FLASH_ADDR_GCYBP_FALLING_E
             -D,  FlashCacheBuf.gcybp.falling_ed);
 630   1        addr == FLASH_ADDR_GCYBP_TYPE         ? IapWriteByte(addr,value) : IapWriteByte(FLASH_ADDR_GCYBP_TYPE,  FlashC
             -acheBuf.gcybp.type);
 631   1        
 632   1        
 633   1        //è§¦å‘å¼€å§‹è€ƒè¯•ä¿¡å·
 634   1        addr == FLASH_ADDR_BEGIN_PIN          ? IapWriteByte(addr,value) : IapWriteByte(FLASH_ADDR_BEGIN_PIN, FlashCac
             -heBuf.begin.pin);
 635   1        addr == FLASH_ADDR_BEGIN_MODEL        ? IapWriteByte(addr,value) : IapWriteByte(FLASH_ADDR_BEGIN_MODEL,FlashC
             -acheBuf.begin.modle);
 636   1        addr == FLASH_ADDR_BEGIN_RISING_ED    ? IapWriteByte(addr,value) : IapWriteByte(FLASH_ADDR_BEGIN_RISING_ED,
             -FlashCacheBuf.begin.rising_ed);
 637   1        addr == FLASH_ADDR_BEGIN_FALLING_ED   ? IapWriteByte(addr,value) : IapWriteByte(FLASH_ADDR_BEGIN_FALLING_E
             -D,  FlashCacheBuf.begin.falling_ed);
 638   1        addr == FLASH_ADDR_BEGIN_TYPE         ? IapWriteByte(addr,value) : IapWriteByte(FLASH_ADDR_BEGIN_TYPE,  FlashC
             -acheBuf.begin.type);
 639   1        
 640   1        //è½¬é€Ÿ
 641   1        addr == FLASH_ADDR_ZS_PIN             ? IapWriteByte(addr,value) : IapWriteByte(FLASH_ADDR_ZS_PIN, FlashCacheBu
             -f.zs.pin);
 642   1        addr == FLASH_ADDR_ZS_IDLIN_MIN       ? IapWriteByte(addr,value) : IapWriteByte(FLASH_ADDR_ZS_IDLIN_MIN,Flas
             -hCacheBuf.zs.min);
 643   1        addr == FLASH_ADDR_ZS_XH_MAX          ? IapWriteByte(addr,value) : IapWriteByte(FLASH_ADDR_ZS_XH_MAX,FlashCach
             -eBuf.zs.max);
 644   1        addr == FLASH_ADDR_ZS_BS              ? IapWriteByte(addr,value) : IapWriteByte(FLASH_ADDR_ZS_BS,FlashCacheBuf.z
             -s.bs);
 645   1        addr == FLASH_ADDR_ZS_SAMPLING_TIME   ? IapWriteByte(addr,value) : IapWriteByte(FLASH_ADDR_ZS_SAMPLING_TIM
             -E,FlashCacheBuf.zs.sampling_time);
 646   1        addr == FLASH_ADDR_ZS_INIT_VALUE      ? IapWriteByte(addr,value) : IapWriteByte(FLASH_ADDR_ZS_INIT_VALUE, Fl
             -ashCacheBuf.zs.init_value); 
 647   1      
 648   1        //å•è¾¹æ¡¥ä¼ æ„Ÿå™¨
 649   1        addr == FLASH_ADDR_DBQ_PIN1           ? IapWriteByte(addr,value) : IapWriteByte(FLASH_ADDR_DBQ_PIN1,FlashCache
             -Buf.dbq.pin1);
 650   1        addr == FLASH_ADDR_DBQ_PIN2           ? IapWriteByte(addr,value) : IapWriteByte(FLASH_ADDR_DBQ_PIN2,FlashCache
             -Buf.dbq.pin2);
 651   1        addr == FLASH_ADDR_DBQ_PIN3           ? IapWriteByte(addr,value) : IapWriteByte(FLASH_ADDR_DBQ_PIN3,FlashCache
             -Buf.dbq.pin3);
 652   1        addr == FLASH_ADDR_DBQ_PIN4           ? IapWriteByte(addr,value) : IapWriteByte(FLASH_ADDR_DBQ_PIN4,FlashCache
             -Buf.dbq.pin4);
 653   1        addr == FLASH_ADDR_DBQ_PIN5           ? IapWriteByte(addr,value) : IapWriteByte(FLASH_ADDR_DBQ_PIN5,FlashCache
             -Buf.dbq.pin5);  
 654   1        addr == FLASH_ADDR_DBQ_PIN6           ? IapWriteByte(addr,value) : IapWriteByte(FLASH_ADDR_DBQ_PIN6,FlashCache
             -Buf.dbq.pin6);
 655   1        addr == FLASH_ADDR_DBQ_MODEL          ? IapWriteByte(addr,value) : IapWriteByte(FLASH_ADDR_DBQ_MODEL,FlashCach
             -eBuf.dbq.modle);
 656   1        addr == FLASH_ADDR_DBQ_RISING_ED      ? IapWriteByte(addr,value) : IapWriteByte(FLASH_ADDR_DBQ_RISING_ED,Fla
             -shCacheBuf.dbq.rising_ed);
 657   1        addr == FLASH_ADDR_DBQ_FALLING_ED     ? IapWriteByte(addr,value) : IapWriteByte(FLASH_ADDR_DBQ_FALLING_ED,
             -  FlashCacheBuf.dbq.falling_ed);
 658   1        addr == FLASH_ADDR_DBQ_TYPE           ? IapWriteByte(addr,value) : IapWriteByte(FLASH_ADDR_DBQ_TYPE,  FlashCach
             -eBuf.dbq.type); 
 659   1        
 660   1        
 661   1        //æ¿å¡ä¿¡æ¯ æ¿å·board
 662   1        addr == FLASH_ADDR_TRIGGER_MODE       ? IapWriteByte(addr,value) : IapWriteByte(FLASH_ADDR_TRIGGER_MODE, Fla
             -shCacheBuf.board.trigger_mode);
 663   1        addr == FLASH_ADDR_DEVICE_TYPE        ? IapWriteByte(addr,value) : IapWriteByte(FLASH_ADDR_DEVICE_TYPE, Flash
             -CacheBuf.board.device_type);
C51 COMPILER V9.60.0.0   BSP_FLASH                                                         09/20/2025 15:17:35 PAGE 19  

 664   1        addr == FLASH_ADDR_BOARD_ID_L         ? IapWriteByte(addr,value) : IapWriteByte(FLASH_ADDR_BOARD_ID_L, FlashC
             -acheBuf.board.number_L);
 665   1        addr == FLASH_ADDR_BOARD_ID_H         ? IapWriteByte(addr,value) : IapWriteByte(FLASH_ADDR_BOARD_ID_H, FlashC
             -acheBuf.board.number_H);
 666   1        
 667   1      #ifdef  STC15W4K48S4  
                //æ‘©æ‰˜è½¦å¤´ç›”
                addr == FLASH_ADDR_TK_PIN             ? IapWriteByte(addr,value) : IapWriteByte(FLASH_ADDR_TK_PIN, FlashCacheBu
             -f.tk.pin);
                addr == FLASH_ADDR_TK_MODEL           ? IapWriteByte(addr,value) : IapWriteByte(FLASH_ADDR_TK_MODEL,FlashCache
             -Buf.tk.modle);
                addr == FLASH_ADDR_TK_RISING_ED       ? IapWriteByte(addr,value) : IapWriteByte(FLASH_ADDR_TK_RISING_ED,Flas
             -hCacheBuf.tk.rising_ed);
                addr == FLASH_ADDR_TK_FALLING_ED      ? IapWriteByte(addr,value) : IapWriteByte(FLASH_ADDR_TK_FALLING_ED, Fl
             -ashCacheBuf.tk.falling_ed);
                addr == FLASH_ADDR_TK_TYPE            ? IapWriteByte(addr,value) : IapWriteByte(FLASH_ADDR_TK_TYPE, FlashCache
             -Buf.tk.type);
                
                //æ‘©æ‰˜è½¦å·¦æŠŠæ‰‹
                addr == FLASH_ADDR_ZBS_PIN            ? IapWriteByte(addr,value) : IapWriteByte(FLASH_ADDR_ZBS_PIN, FlashCacheB
             -uf.zbs.pin);
                addr == FLASH_ADDR_ZBS_MODEL          ? IapWriteByte(addr,value) : IapWriteByte(FLASH_ADDR_ZBS_MODEL,FlashCach
             -eBuf.zbs.modle);
                addr == FLASH_ADDR_ZBS_RISING_ED      ? IapWriteByte(addr,value) : IapWriteByte(FLASH_ADDR_ZBS_RISING_ED,Fla
             -shCacheBuf.zbs.rising_ed);
                addr == FLASH_ADDR_ZBS_FALLING_ED     ? IapWriteByte(addr,value) : IapWriteByte(FLASH_ADDR_ZBS_FALLING_ED,  
             -FlashCacheBuf.zbs.falling_ed);
                addr == FLASH_ADDR_ZBS_TYPE           ? IapWriteByte(addr,value) : IapWriteByte(FLASH_ADDR_ZBS_TYPE,  FlashCach
             -eBuf.zbs.type);
                
                //æ‘©æ‰˜è½¦å³æŠŠæ‰‹
                addr == FLASH_ADDR_YBS_PIN            ? IapWriteByte(addr,value) : IapWriteByte(FLASH_ADDR_YBS_PIN, FlashCacheB
             -uf.ybs.pin);
                addr == FLASH_ADDR_YBS_MODEL          ? IapWriteByte(addr,value) : IapWriteByte(FLASH_ADDR_YBS_MODEL,FlashCach
             -eBuf.ybs.modle);
                addr == FLASH_ADDR_YBS_RISING_ED      ? IapWriteByte(addr,value) : IapWriteByte(FLASH_ADDR_YBS_RISING_ED,Fla
             -shCacheBuf.ybs.rising_ed);
                addr == FLASH_ADDR_YBS_FALLING_ED     ? IapWriteByte(addr,value) : IapWriteByte(FLASH_ADDR_YBS_FALLING_ED,  
             -FlashCacheBuf.ybs.falling_ed);
                addr == FLASH_ADDR_YBS_TYPE           ? IapWriteByte(addr,value) : IapWriteByte(FLASH_ADDR_YBS_TYPE,  FlashCach
             -eBuf.ybs.type);
                
                //æ‘©æ‰˜è½¦å·¦è„šè¸æ¿
                addr == FLASH_ADDR_ZJTB_PIN           ? IapWriteByte(addr,value) : IapWriteByte(FLASH_ADDR_ZJTB_PIN, FlashCach
             -eBuf.zjtb.pin);
                addr == FLASH_ADDR_ZJTB_MODEL         ? IapWriteByte(addr,value) : IapWriteByte(FLASH_ADDR_ZJTB_MODEL,FlashCa
             -cheBuf.zjtb.modle);
                addr == FLASH_ADDR_ZJTB_RISING_ED     ? IapWriteByte(addr,value) : IapWriteByte(FLASH_ADDR_ZJTB_RISING_ED,F
             -lashCacheBuf.zjtb.rising_ed);
                addr == FLASH_ADDR_ZJTB_FALLING_ED    ? IapWriteByte(addr,value) : IapWriteByte(FLASH_ADDR_ZJTB_FALLING_ED,
             -  FlashCacheBuf.zjtb.falling_ed);
                addr == FLASH_ADDR_ZJTB_TYPE          ? IapWriteByte(addr,value) : IapWriteByte(FLASH_ADDR_ZJTB_TYPE, FlashCa
             -cheBuf.zjtb.type);
                
                //æ‘©æ‰˜è½¦å³è„šè¸æ¿
                addr == FLASH_ADDR_YJTB_PIN           ? IapWriteByte(addr,value) : IapWriteByte(FLASH_ADDR_YJTB_PIN, FlashCach
             -eBuf.yjtb.pin);
                addr == FLASH_ADDR_YJTB_MODEL         ? IapWriteByte(addr,value) : IapWriteByte(FLASH_ADDR_YJTB_MODEL,FlashCa
             -cheBuf.yjtb.modle);
                addr == FLASH_ADDR_YJTB_RISING_ED     ? IapWriteByte(addr,value) : IapWriteByte(FLASH_ADDR_YJTB_RISING_ED,F
             -lashCacheBuf.yjtb.rising_ed);
                addr == FLASH_ADDR_YJTB_FALLING_ED    ? IapWriteByte(addr,value) : IapWriteByte(FLASH_ADDR_YJTB_FALLING_ED,
C51 COMPILER V9.60.0.0   BSP_FLASH                                                         09/20/2025 15:17:35 PAGE 20  

             -  FlashCacheBuf.yjtb.falling_ed);
                addr == FLASH_ADDR_YJTB_TYPE          ? IapWriteByte(addr,value) : IapWriteByte(FLASH_ADDR_YJTB_TYPE, FlashCa
             -cheBuf.yjtb.type);
                
                //ç¢°æ†æ¥æ”¶
                addr == FLASH_ADDR_PGJS_PIN           ? IapWriteByte(addr,value) : IapWriteByte(FLASH_ADDR_PGJS_PIN, FlashCach
             -eBuf.pgjs.pin);
                addr == FLASH_ADDR_PGJS_MODEL         ? IapWriteByte(addr,value) : IapWriteByte(FLASH_ADDR_PGJS_MODEL,FlashCa
             -cheBuf.pgjs.modle);
                addr == FLASH_ADDR_PGJS_RISING_ED     ? IapWriteByte(addr,value) : IapWriteByte(FLASH_ADDR_PGJS_RISING_ED,F
             -lashCacheBuf.pgjs.rising_ed);
                addr == FLASH_ADDR_PGJS_FALLING_ED    ? IapWriteByte(addr,value) : IapWriteByte(FLASH_ADDR_PGJS_FALLING_ED,
             -  FlashCacheBuf.pgjs.falling_ed);
                addr == FLASH_ADDR_PGJS_TYPE          ? IapWriteByte(addr,value) : IapWriteByte(FLASH_ADDR_PGJS_TYPE, FlashCa
             -cheBuf.pgjs.type);
              
                //ç¢°æ†é¡¹ç›®1
                addr == FLASH_ADDR_PGJS_1_NAME        ? IapWriteByte(addr,value) : IapWriteByte(FLASH_ADDR_PGJS_1_NAME, Flash
             -CacheBuf.bump[0].name);
                addr == FLASH_ADDR_PGJS_1_N0          ? IapWriteByte(addr,value) : IapWriteByte(FLASH_ADDR_PGJS_1_N0,FlashCach
             -eBuf.bump[0].number);
                addr == FLASH_ADDR_PGJS_1_COUNT       ? IapWriteByte(addr,value) : IapWriteByte(FLASH_ADDR_PGJS_1_COUNT,Flas
             -hCacheBuf.bump[0].count);
                addr == FLASH_ADDR_PGJS_1_TYPE        ? IapWriteByte(addr,value) : IapWriteByte(FLASH_ADDR_PGJS_1_TYPE,FlashC
             -acheBuf.bump[0].type);
                
                //ç¢°æ†é¡¹ç›®2
                addr == FLASH_ADDR_PGJS_2_NAME        ? IapWriteByte(addr,value) : IapWriteByte(FLASH_ADDR_PGJS_2_NAME, Flash
             -CacheBuf.bump[1].name);
                addr == FLASH_ADDR_PGJS_2_N0          ? IapWriteByte(addr,value) : IapWriteByte(FLASH_ADDR_PGJS_2_N0,FlashCach
             -eBuf.bump[1].number);
                addr == FLASH_ADDR_PGJS_2_COUNT       ? IapWriteByte(addr,value) : IapWriteByte(FLASH_ADDR_PGJS_2_COUNT,Flas
             -hCacheBuf.bump[1].count);
                addr == FLASH_ADDR_PGJS_2_TYPE        ? IapWriteByte(addr,value) : IapWriteByte(FLASH_ADDR_PGJS_2_TYPE,FlashC
             -acheBuf.bump[1].type);
                
                //ç¢°æ†é¡¹ç›®3
                addr == FLASH_ADDR_PGJS_3_NAME        ? IapWriteByte(addr,value) : IapWriteByte(FLASH_ADDR_PGJS_3_NAME, Flash
             -CacheBuf.bump[2].name);
                addr == FLASH_ADDR_PGJS_3_N0          ? IapWriteByte(addr,value) : IapWriteByte(FLASH_ADDR_PGJS_3_N0,FlashCach
             -eBuf.bump[2].number);
                addr == FLASH_ADDR_PGJS_3_COUNT       ? IapWriteByte(addr,value) : IapWriteByte(FLASH_ADDR_PGJS_3_COUNT,Flas
             -hCacheBuf.bump[2].count);
                addr == FLASH_ADDR_PGJS_3_TYPE        ? IapWriteByte(addr,value) : IapWriteByte(FLASH_ADDR_PGJS_3_TYPE,FlashC
             -acheBuf.bump[2].type);
                
                //ç¢°æ†é¡¹ç›®4
                addr == FLASH_ADDR_PGJS_4_NAME        ? IapWriteByte(addr,value) : IapWriteByte(FLASH_ADDR_PGJS_4_NAME, Flash
             -CacheBuf.bump[3].name);
                addr == FLASH_ADDR_PGJS_4_N0          ? IapWriteByte(addr,value) : IapWriteByte(FLASH_ADDR_PGJS_4_N0,FlashCach
             -eBuf.bump[3].number);
                addr == FLASH_ADDR_PGJS_4_COUNT       ? IapWriteByte(addr,value) : IapWriteByte(FLASH_ADDR_PGJS_4_COUNT,Flas
             -hCacheBuf.bump[3].count);
                addr == FLASH_ADDR_PGJS_4_TYPE        ? IapWriteByte(addr,value) : IapWriteByte(FLASH_ADDR_PGJS_4_TYPE,FlashC
             -acheBuf.bump[3].type);
                
                  //æ‘©æ‰˜è½¦å‰æ‰‹åˆ¹
                addr == FLASH_ADDR_QSS_PIN            ? IapWriteByte(addr,value) : IapWriteByte(FLASH_ADDR_QSS_PIN, FlashCacheB
             -uf.qss.pin);
                addr == FLASH_ADDR_QSS_MODEL          ? IapWriteByte(addr,value) : IapWriteByte(FLASH_ADDR_QSS_MODEL,FlashCach
             -eBuf.qss.modle);
                addr == FLASH_ADDR_QSS_RISING_ED      ? IapWriteByte(addr,value) : IapWriteByte(FLASH_ADDR_QSS_RISING_ED,Fla
C51 COMPILER V9.60.0.0   BSP_FLASH                                                         09/20/2025 15:17:35 PAGE 21  

             -shCacheBuf.qss.rising_ed);
                addr == FLASH_ADDR_QSS_FALLING_ED     ? IapWriteByte(addr,value) : IapWriteByte(FLASH_ADDR_QSS_FALLING_ED,  
             -FlashCacheBuf.qss.falling_ed);
                addr == FLASH_ADDR_QSS_TYPE           ? IapWriteByte(addr,value) : IapWriteByte(FLASH_ADDR_QSS_TYPE,  FlashCach
             -eBuf.qss.type);
                
                //ç¢°æ†é¡¹ç›®5
                addr == FLASH_ADDR_PGJS_5_NAME        ? IapWriteByte(addr,value) : IapWriteByte(FLASH_ADDR_PGJS_5_NAME, Flash
             -CacheBuf.bump[4].name);
                addr == FLASH_ADDR_PGJS_5_N0          ? IapWriteByte(addr,value) : IapWriteByte(FLASH_ADDR_PGJS_5_N0,FlashCach
             -eBuf.bump[4].number);
                addr == FLASH_ADDR_PGJS_5_COUNT       ? IapWriteByte(addr,value) : IapWriteByte(FLASH_ADDR_PGJS_5_COUNT,Flas
             -hCacheBuf.bump[4].count);
                addr == FLASH_ADDR_PGJS_5_TYPE        ? IapWriteByte(addr,value) : IapWriteByte(FLASH_ADDR_PGJS_5_TYPE,FlashC
             -acheBuf.bump[4].type);
                
                //ç¢°æ†é¡¹ç›®6
                addr == FLASH_ADDR_PGJS_6_NAME        ? IapWriteByte(addr,value) : IapWriteByte(FLASH_ADDR_PGJS_6_NAME, Flash
             -CacheBuf.bump[5].name);
                addr == FLASH_ADDR_PGJS_6_N0          ? IapWriteByte(addr,value) : IapWriteByte(FLASH_ADDR_PGJS_6_N0,FlashCach
             -eBuf.bump[5].number);
                addr == FLASH_ADDR_PGJS_6_COUNT       ? IapWriteByte(addr,value) : IapWriteByte(FLASH_ADDR_PGJS_6_COUNT,Flas
             -hCacheBuf.bump[5].count);
                addr == FLASH_ADDR_PGJS_6_TYPE        ? IapWriteByte(addr,value) : IapWriteByte(FLASH_ADDR_PGJS_6_TYPE,FlashC
             -acheBuf.bump[5].type);
                
                //ç¢°æ†é¡¹ç›®7
                addr == FLASH_ADDR_PGJS_7_NAME        ? IapWriteByte(addr,value) : IapWriteByte(FLASH_ADDR_PGJS_7_NAME, Flash
             -CacheBuf.bump[6].name);
                addr == FLASH_ADDR_PGJS_7_N0          ? IapWriteByte(addr,value) : IapWriteByte(FLASH_ADDR_PGJS_7_N0,FlashCach
             -eBuf.bump[6].number);
                addr == FLASH_ADDR_PGJS_7_COUNT       ? IapWriteByte(addr,value) : IapWriteByte(FLASH_ADDR_PGJS_7_COUNT,Flas
             -hCacheBuf.bump[6].count);
                addr == FLASH_ADDR_PGJS_7_TYPE        ? IapWriteByte(addr,value) : IapWriteByte(FLASH_ADDR_PGJS_7_TYPE,FlashC
             -acheBuf.bump[6].type);
                
                //ç¢°æ†é¡¹ç›®8
                addr == FLASH_ADDR_PGJS_8_NAME        ? IapWriteByte(addr,value) : IapWriteByte(FLASH_ADDR_PGJS_8_NAME, Flash
             -CacheBuf.bump[7].name);
                addr == FLASH_ADDR_PGJS_8_N0          ? IapWriteByte(addr,value) : IapWriteByte(FLASH_ADDR_PGJS_8_N0,FlashCach
             -eBuf.bump[7].number);
                addr == FLASH_ADDR_PGJS_8_COUNT       ? IapWriteByte(addr,value) : IapWriteByte(FLASH_ADDR_PGJS_8_COUNT,Flas
             -hCacheBuf.bump[7].count);
                addr == FLASH_ADDR_PGJS_8_TYPE        ? IapWriteByte(addr,value) : IapWriteByte(FLASH_ADDR_PGJS_8_TYPE,FlashC
             -acheBuf.bump[7].type);
              
                //GNSSå‹å·
                addr == FLASH_ADDR_GNSS_MODEL         ? IapWriteByte(addr,value) : IapWriteByte(FLASH_ADDR_GNSS_MODEL,FlashCa
             -cheBuf.gnss.model);
              
              
              
              
              
              
              
              
              
              #endif
 777   1        
 778   1      }
 779          
C51 COMPILER V9.60.0.0   BSP_FLASH                                                         09/20/2025 15:17:35 PAGE 22  



MODULE INFORMATION:   STATIC OVERLAYABLE
   CODE SIZE        =  11180    ----
   CONSTANT SIZE    =   ----    ----
   XDATA SIZE       =    316       3
   PDATA SIZE       =   ----    ----
   DATA SIZE        =   ----    ----
   IDATA SIZE       =   ----    ----
   BIT SIZE         =   ----    ----
END OF MODULE INFORMATION.


C51 COMPILATION COMPLETE.  0 WARNING(S),  0 ERROR(S)
