C51 COMPILER V9.60.0.0   CHECK                                                             09/20/2025 15:17:36 PAGE 1   


C51 COMPILER V9.60.0.0, COMPILATION OF MODULE CHECK
OBJECT MODULE PLACED IN .\Objects\check.obj
COMPILER INVOKED BY: C:\Keil_v5\C51\BIN\C51.EXE App\check.c LARGE OPTIMIZE(8,SPEED) BROWSE DEBUG OBJECTEXTEND PRINT(.\Li
                    -stings\check.lst) TABS(2) OBJECT(.\Objects\check.obj)

line level    source

   1          #include <stdio.h>
   2          #include <string.h>
   3          #include  "./User/config.h"
   4          #include  "./User/includes.h"
   5          
   6          
   7          xdata u8 localid[ID_LENTH]={0};//æœ¬æœºIDã€‚
   8          
   9          /*
  10          #if(BOARD_NO  ==  10)  //æµ‹è¯•æ¿å·  10
  11          
  12            char code Serial_id[] = "D17E44A102A05E,D17E848950061C,D17E84A15005AB,D17E0133A2BD36,D17E8139169D06,\
  13                                    D17E44B202A001,D17E0139FAFEAB,D17E8139169006,D17E84894E54E4";
  14            
  15          #elif(BOARD_NO  ==  GZ_QNZ_DSJJ_KM2)  //è´µå·çœé»”å—å·ç‹¬å±±å‰‘æ±Ÿç§‘ç›®äºŒ  49
  16            
  17            char code Serial_id[] = "D17E8133195407,D17E8133195405,D17E8165195AAF,D17E81CD205F9E";
  18            
  19          #elif(BOARD_NO  ==  SD_WF_SGJD_KM2)  //å±±ä¸œçœæ½åŠå¸‚å¯¿å…‰é‡‘ç›¾é©¾æ ¡ç§‘ç›®äºŒ   66
  20          
  21            char code Serial_id[] = "D17E013FB88FD6,D17E0133B89555,D17E01B2B89592,D17E0165B88FE7,D17E0165B88FF8,\
  22                                    D17E01D3B88F9C,D17E01F1B89591,D17E01F4B88DF7,D17E0144001063,D17E01A3B89549,\
  23                                    D17E0133B894FE,D17E0165B88FE8,D17E84894E54E4,D17E0144001063";
  24          
  25          #elif(BOARD_NO  ==  HB_ZJK_XH_KM2)  //æ²³åŒ—çœå¼ å®¶å£å¸‚å®£åŒ–ç§‘ç›®äºŒè€ƒåœº   71
  26          
  27            char code Serial_id[] = "D17E0134857619,D17E0133A2BD5C,D17E016885762D,D17E01B2A2BD0C,D17E013FA2BB05,\
  28                                    D17E01D3A2BABE,D17E013985762D,D17E016885799E,D17E0134857992,D17E01348579B7,\
  29                                    D17E01448579BC,D17E01398579D3,D17E01688579C3,D17E0144857671,D17E013985767C,\
  30                                    D17E01348575F2,D17E016884295E,D17E016885767B,D17E01348579A4,D17E013984295F,\
  31                                    D17E01398579D2,D17E01688579C2,D17E01448579A8,D17E014484294F,D17E0168857984,\
  32                                    D17E016885799C,D17E0144857994,D17E0144857961,D17E0139857975,D17E0134857990,\
  33                                    D17E01398579AB,D17E0144857995,D17E01348579C8,D17E01348579B6,D17E01348575FA,\
  34                                    D17E01688579D2,D17E01448579BB,D17E016885760E,D17E01448579CD,D17E01688579D3,\
  35                                    D17E01398579E3,D17E011C0266CC,D17E01448579CC,D17E011C0266CD,D17E00D402EA43,\
  36                                    D17E0134FAFEAB,D17E01348579C7,D17E016885799D,D17E0134857991,D17E01F1B89595";  
  37            
  38          #elif(BOARD_NO  ==  GZ_TR_SNTN_KM2)  //è´µå·çœé“œä»æ€å—é“œå—ç§‘ç›®äºŒ  81
  39            
  40            char code Serial_id[] = "D17E461B01687B,D17E45F0016881,D17E45F101688D,D17E45F201687A,D17E45F2016879,\
  41                                    D17E461B016889,D17E45EC01A1DB,D17E45EB01A1D1,D17E8407500645,D17E848950061C";
  42            
  43          #elif(BOARD_NO==GZ_QNZ_DYJD_KM2)  //è´µå·çœé»”å—å·éƒ½åŒ€é‡‘éƒ½ç§‘ç›®äºŒ 84
  44            
  45            char code Serial_id[] = "D17EO144FAFEB8,D17EO1B2A2BD3E,D17EO1A3A2BD44,D17EO144001084,D17EO144FAFE43,\
  46                                    D17EO134FAFEB3,D17E013900114B,D17E0168001095,D17E0134001097,D17E01680010CF,\
  47                                    D17E014400111B,D17E84075005AB,D17E84A14E54E8,D17E81951D2015,D17E0144001405,\
  48                                    D17E01680010CF,D17E01680013B2,D17E01D3B88EA4,D17E0134001093,D17E81341688C5,\
  49                                    D17E013400114C,D17E01680010CF,D17E01440013AC,D17E84075005AB,D17E0144001083,\
  50                                    D17E01D3B88EA4,D17E014103788E,D17E440702A031";
  51            
  52          #elif(BOARD_NO  ==  SD_WF_GMCY_KM2)  //å±±ä¸œçœæ½åŠå¸‚é«˜å¯†è¶…è¶Šé©¾æ ¡ç§‘ç›®äºŒ      87
  53            
  54            char code Serial_id[] = "D17E01A3B89335,D17E0133B8930E,D17E0133B892F6,D17E01F1B89336,D17E01A3B89334,\
C51 COMPILER V9.60.0.0   CHECK                                                             09/20/2025 15:17:36 PAGE 2   

  55                                    D17E01B2B89320,D17E01B2B89338,D17E01F1B8931D,D17E01A3B8934D,D17E01B2B8933A,\
  56                                    D17E0133B8930F,D17E01F1B89337,D17E01F1B8931E,D17E01F1B8931C,D17E0165B88CAD,\
  57                                    D17E0133B892F5,D17E01A3B89359,D17E01A3B8934C,D17E01A3B89336,D17E01B2B89339,\
  58                                    D17E01B2B8931F,D17E01340013A3,D17E0139001361,D17E84A15005AB,D17E44A102A08E,\
  59                                    D17E817C198978,D17E01F4A2BB06,D17E44A102A5C4";
  60          
  61          #elif(BOARD_NO  ==  SD_WF_WFLY_KM2)  //å±±ä¸œçœæ½åŠå¸‚é™†æ´‹é©¾æ ¡ç§‘ç›®äºŒè®­ç»ƒ      88
  62            
  63            char code Serial_id[] = "D17E0134001363,D17E0139001360,D17E016800135C,D17E013FB88CF5,D17E0144001353"
  64          
  65          #elif(BOARD_NO  ==  GZ_QDN_TZQT_KM2)  //è´µå·çœé»”ä¸œå—å·å¤©æŸ±å¿æ“å¤©é©¾æ ¡ç§‘ç›®äºŒ     98
  66          
  67            char code Serial_id[] = "D17E45F0016869,D17E45F1016870,D17E45F0016868,D17E45F2016860,D17E461B01686B,\
  68                                    D17E45F1016871,D17EC5F311BE9C,D17EC3B109B889";
  69          
  70          
  71          #elif(BOARD_NO  ==  GZ_QX_QZ_KM2)   //è´µå·çœé»”è¥¿é»”èŒç§‘ç›®äºŒ  102
  72          
  73            char code Serial_id[] = "D17E44B201E22A,D17E440701E226,D17E44B201E218,D17E44A101E22C,D17E448901E22A,\
  74                                    D17E448901E217,D17E440701E214,D17E44A101E21A";
  75            
  76          #elif(BOARD_NO  ==  HB_JZK_XH_KM3)   //æ²³åŒ—çœå¼ å®¶å£å¸‚å®£åŒ–ç§‘ç›®ä¸‰è€ƒåœº  108
  77          
  78            char code Serial_id[] = "D17E0134857619,D17E0133A2BD5C,D17E016885762D,D17E01B2A2BD0C,D17E013FA2BB05,\
  79                                    D17E01D3A2BABE,D17E013985762D,D17E016885799E,D17E0134857992,D17E01348579B7,\
  80                                    D17E01448579BC,D17E01398579D3,D17E01688579C3,D17E0144857671,D17E013985767C,\
  81                                    D17E01348575F2,D17E016884295E,D17E016885767B,D17E01348579A4,D17E013984295F,\
  82                                    D17E01398579D2,D17E01688579C2,D17E01448579A8,D17E014484294F,D17E0168857984,\
  83                                    D17E016885799C,D17E0144857994,D17E0144857961,D17E0139857975,D17E0134857990,\
  84                                    D17E01398579AB,D17E0144857995,D17E01348579C8,D17E01348579B6,D17E01348575FA,\
  85                                    D17E01688579D2,D17E01448579BB,D17E016885760E,D17E01448579CD,D17E01688579D3,\
  86                                    D17E01398579E3,D17E011C0266CC,D17E01448579CC,D17E011C0266CD,D17E00D402EA43,\
  87                                    D17E0134FAFEAB,D17E01348579C7,D17E016885799D,D17E0134857991,D17E01F1B89595";
  88          
  89          #elif(BOARD_NO  ==  HB_SJZ_YH_KM2)   //æ²³åŒ—çœçŸ³å®¶åº„å¸‚è‚²åé©¾æ ¡ç§‘ç›®äºŒ   109
  90          
  91            char code Serial_id[] = "D17E016885762E,D17E0144857625,D17E013485761A,D17E013985762E,D17E0144857624,\
  92                                    D17E01D3A2BABD,D17E01398579ED,D17E01348579D3,D17E01F1B895A8";
  93            
  94          #elif(BOARD_NO  ==  GZ_QNZ_LLJD_KM2)   //è´µå·çœé»”å—å·é¾™é‡Œå¿é‡‘éƒ½é©¾æ ¡ç§‘ç›®äºŒ 119
  95          
  96            char code Serial_id[] = "D17E81951D1E82,D17E01D3B88F72,D17E848950061C,D17E0165A2BB2D,D17E0133A2BD35"; 
  97            
  98          #elif(BOARD_NO  ==  GZ_QDN_JPLX_KM2)    //è´µå·çœé»”ä¸œå—å·é”¦å±å¿é¾™ç¿”æœºåŠ¨è½¦é©¾é©¶åŸ¹è®­æœ‰é™å…¬
             -å¸ç§‘ç›®äºŒ 120
  99          
 100            char code Serial_id[] = "D17E45EB017EFB,D17E45F3017EE6,D17E45EB017EFC,D17E45EA017EF1,D17E45F3017EE7,\
 101                                    D17E45EC017EFC,D17E461B0167D6,D17E45EA017EF0";  
 102            
 103          #elif(BOARD_NO  ==  HN_YZ_JJZD_KM2)     //æ¹–å—çœæ°¸å·å¸‚äº¤è­¦æ”¯é˜Ÿæ”¯é˜Ÿç§‘ç›®äºŒ  125;
 104          
 105            char code Serial_id[] = "D17E84894E54E4,F527448900F162";      
 106            
 107          #elif(BOARD_NO  ==  HB_SJZ_YSPA_KM2)    //æ²³åŒ—çœçŸ³å®¶åº„å¸‚å…ƒæ°å¹³å®‰é©¾æ ¡ç§‘ç›®äºŒ 127
 108          
 109            char code Serial_id[] = "D17E01A3A2BCED,D17E016EA2BCF1,D17E01B2A2BD0D,D17E0133A2BD05,D17E45F201668F,\
 110                                    D17E461B016689,D17E45F101668F,D17E01B2A2BD0D";      
 111              
 112          #elif(BOARD_NO  ==  GZ_TR_XJB_KM2)     //è´µå·çœé“œä»å¸‚è®¸å®¶åç§‘ç›®äºŒè€ƒåœº  128
 113          
 114            char code Serial_id[] = "D17E461B01687B,D17E45F0016881";    
 115            
C51 COMPILER V9.60.0.0   CHECK                                                             09/20/2025 15:17:36 PAGE 3   

 116          #elif(BOARD_NO  ==  GZ_QNZ_HSJD_KM2)   //è´µå·çœé»”å—å·æƒ æ°´é‡‘éƒ½ç§‘ç›®äºŒ 131
 117          
 118            char code Serial_id[] = "D17E45EB017F7E,D17E45EC017F7C,D17E45EA017F6D,D17E45F3017F67,D17E00D402F3EC,\
 119                                    D17E8165195A92,D17E81331954D0,D17E8133195406,D17E81CD205EE2,D17E44B201E279,\
 120                                    D17E0141038263,D17E81CD205EE2,D17E00D402F3EC,D17E8165195A92,D17E8133195406";  
 121            
 122          #elif(BOARD_NO  ==  GZ_QDN_TZRH_KM2)   //è´µå·çœé»”ä¸œå—å·å¤©æŸ±å¿åµ˜åç§‘ç›®äºŒ   133
 123          
 124            char code Serial_id[] = "D17E84894E54E4,D17E81951D1C07,D17E8489500626,D17E84B24E54E4,D17E84A15005F2,\
 125                                    D17E84B24E54E4,D17E44A101E1BB,D17E448901E1B8,D17E0168001399,D17E44A1029E67,\
 126                                    D17E8139169C9C,D17E8489500626,D17E0139FDB367,D17E8139169C9C,D17EC5F0044E51";    
 127            
 128          #elif(BOARD_NO  ==  NM_CF_AQTD_KM2_3)  //å†…è’™å¤èµ¤å³°å¸‚é˜¿æ——é€šè¾¾é©¾æ ¡ç§‘ç›®äºŒã€ä¸‰ 134
 129          
 130            char code Serial_id[] = "D17E840750063E,D17E8407500650,D17E8407500644,D17E8407500624,D17E8407500626,\
 131                                    D17E84B2500617,D17E440702A6CF,D17E44A102A07D,D17E440702A6FC"; 
 132          
 133          #elif(BOARD_NO  ==  NM_CF_YBSHD_KM3)    //å†…è’™å¤èµ¤å³°å¸‚å…ƒå®å±±èµ«è¾¾é©¾æ ¡ç§‘ç›®ä¸‰ 135
 134          
 135            char code Serial_id[] = "D17E813D573887,D17E84B24E54BF,D17E84B25005FB,D17E84A1500643,D17E84A1500622,\
 136                                    D17E84A1500644,D17E84A1500623,D17E84A150064E,D17E848950058B,D17E81CD206163,\
 137                                    D17E81F81AD996,D17E81951D2014,D17E84B25005FC,D17E813D573887,D17E44B202A07F,\
 138                                    D17E448902A08B";  
 139          
 140          #elif(BOARD_NO  ==  GZ_QNZ_WAJF_KM2)    //è´µå·çœé»”å—å·ç“®å®‰æ±Ÿæ²£ç§‘ç›®äºŒ 136
 141          
 142            char code Serial_id[] = "D17E45F2016871,D17E45F0016879,D17E461B01687F,D17E45F3017F5D,D17E45EB017F74,\
 143                                    D17E81951D1E81,D17E44B201E1AA,D17E01A3A2BD44";  
 144          
 145          #elif(BOARD_NO  ==  GZ_QNZ_FQJC_KM2_3)  //è´µå·çœé»”å—å·ç¦æ³‰å¸‚é”¦ç¨‹é©¾æ ¡ç§‘ç›®äºŒ ä¸‰ 140
 146          
 147            char code Serial_id[] = "D17E45F0016856,D17E45F201684D,D17E45F101685E,D17E45F101685D,D17E45F0016855,\
 148                                    D17E461B01685A,D17E84075005F1,D17E84B24E54E5,D17E45F30281BA,D17E45F30281BB,\
 149                                    D17E440701E186,D17E448901E189,D17E44A101E18D,D17E44B201E18B,D17E440701E185,\
 150                                    D17E44B201E18A,D17E448901E188,D17E44A101E18C,D17E440701E184,D17E45EB02821A,\
 151                                    D17E44B201E189,D17E44A101E1C4,D17E45EA028219,D17E45F0026EAD";
 152          
 153          #elif(BOARD_NO  ==  GZ_QDN_ZYJT_KM2_3)  //è´µå·çœé»”ä¸œå—é•‡è¿œé‡‘é€šé©¾æ ¡ç§‘ç›®äºŒã€ä¸‰  141
 154          
 155            char code Serial_id[] = "D17E45EB017F7A,D17E45EA017F62,D17E45EB017F75,D17E45EC017F73,D17E45F3017F5C,\
 156                                    D17E45F001684C,D17E461B016850,D17E45F001684D,D17E45F001684B,D17E461B016852,\
 157                                    D17E45EA017F63,D17E813D573886,D17E45EC017F72,D17E461B016851,D17E45EB017F73,\
 158                                    D17E45EA017F61,D17E45F2016846,D17E45F2016845,D17E45F00167D1,D17E45F10167D7,\
 159                                    D17E45F00167D0,D17E461B0167D5,D17E45F20167CD,D17E45F20167CE,D17E45F1016854,\
 160                                    D17E45F1016855,D17E44B201E20C,D17E45EC017F6F,D17E45F001681B,D17E014400111C,\
 161                                    D17EC5F104D6BA,D17EC5F004D229,D17E84A14E54E8,D17EC5F204D28C,D17EC62E0356A8,\
 162                                    D17EC5F104D6BC,D17EC5F004D22C,D17E45F0016865,D17EC5F30658DD,D17E4489029FEC,\
 163                                    D17E8168169C75,D17E016800114D,D17E0168001095";
 164          
 165          #elif(BOARD_NO  ==  GZ_QNZ_QYDQS_KM3)    //è´µå·çœé»”å—é»”äº‘æ ‹é’æ ‘é‡‘éƒ½ç§‘ç›®ä¸‰  142
 166            
 167            char code Serial_id[] = "D17E461B016853,D17E440701E193,D17E44A101E199,D17E448901E196,D17E448901E195,\
 168                                    D17E44A101E19A,D17E440701E192,D17E44A101E1B9,D17E44B201E198,D17E448901E27B,\
 169                                    D17E44B201E27B,D17E44A101E260,D17E440701E25A,D17E44B201E260,D17E44A101E262,\
 170                                    D17E448901E25E,D17E44A101E261,D17E440701E25B,D17E44B201E25F,D17E448901E25F,\
 171                                    D17E448901E209,D17E44A101E201,D17E448901E1FF,D17E440701E1FC,D17E440701E1FD,\
 172                                    D17E44B201E1FF,D17E448901E200,D17E44B201E201,D17E44B201E200,D17E44A101E202,\
 173                                    D17E440701E1FB,D17E440702A031,D17E44A1029FF3,D17E01340013BC,D17E4489029FEC,\
 174                                    D17E8168169C75";
 175          
 176          #elif(BOARD_NO  ==  GZ_QDN_TZRH_KM3)      //è´µå·çœé»”ä¸œå—å·å¤©æŸ±å¿åµ˜åé©¾æ ¡ç§‘ç›®ä¸‰ 143
 177            
C51 COMPILER V9.60.0.0   CHECK                                                             09/20/2025 15:17:36 PAGE 4   

 178            char code Serial_id[] = "D17E84B24E34E5,D17E84B24E54E5,D17E84894E54E4,D17E81E7196C13,D17E45F3017F68,\
 179                                    D17E45EB017F80,D17E45EA017F6F,D17E45EB017F7F,D17E817C198978,D17E0144001084,\
 180                                    D17E8168169CDF,D17E81E7196C13,D17E440701E1A1,D17E440701E225,D17E44B201E1A6,\
 181                                    D17E8139169C9C,D17E0139FDB367,D17E0168001075,D17E8139169D05,D17EC5F1045292";
 182          
 183          #elif(BOARD_NO  ==  GZ_GY_YG_KM2)         //è´µå·çœè´µé˜³å¸‚é˜³å…‰é©¾æ ¡ç§‘ç›®äºŒ  151
 184            
 185            char code Serial_id[] = "D17E461B016865,D17E45F201685B,D17E45F0016862,D17E45F00168B2,D17E461B016866,\
 186                                    D17E45F201685A,D17E45F2016866,D17EC62E02089F,D17E45F0016862";
 187          
 188          #elif(BOARD_NO  ==  HN_YZ_XTYG_KM2)       //æ¹–å—çœæ°¸å·å¸‚æ–°ç”°é˜³å…‰é©¾æ ¡ç§‘ç›®äºŒ152
 189            
 190            char code Serial_id[] = "D17E84B2500588,D17E84A15005AA,D17E84B250054A,D17E84B950061B,D17E8489500551,\
 191                                    D17E84B9500601,D17E84A1500624,D17E84A1500567,D17E848950058C,D17E84A1500568,\
 192                                    D17E84895005FF,D17E848950058D,D17E848950061D,D17E848950061B,D17E84B9500601,\
 193                                    D17E8489500601,D17E84B2500621,D17E44B202A6C1,D17E44B202A6C2,D17E448902A6BD,\
 194                                    D17E440702A6C0,D17E84A1500569,D17E44A102A6C6,D17E84B2500618,D17E448902A0CB";
 195            
 196          #elif(BOARD_NO  ==  GZ_QDN_JPLX_KM3)      //è´µå·çœé»”ä¸œå—å·é”¦å±å¿é¾™ç¿”é©¾æ ¡ç§‘ç›®ä¸‰153
 197            
 198            char code Serial_id[] = "D17E448901E194,D17E448901E193,D17E44A101E198,D17E44A101E20D,D17E45F2016885,\
 199                                    D17E45EA017EF2,D17E45EC017F7D,D17E45EA017F6E,D17E01F4B88DC9,D17E0133B894FF,\
 200                                    D17E0165B88FBB,D17E0165B88FBC,D17E01A3B8959F,D17E01F4B88DCA,D17E01A3B8959E,\
 201                                    D17E01F1B8958D,D17E0133B894FD,D17E0133B89551,D17E01B2B8953C,D17E01680012DC,\
 202                                    D17E01D3B88F71";
 203          
 204          #elif(BOARD_NO  ==  GZ_QDN_BJHZ_KM3)       //è´µå·çœé»”ä¸œå—å·æ¯•èŠ‚èµ«ç« ç§‘ä¸‰154
 205            
 206            char code Serial_id[] = "D17E448901E194,D17E448901E280,D17E44B201E27F,D17E440701E220,D17E44A101E1A5,\
 207                                    D17E440701E27D,D17E44A101E1D8,D17E44B201E21D,D17E44A101E282,D17E448901E193,\
 208                                    D17E448901E1A2,D17E440701E26E,D17E440701E219,D17E448901E27F,D17E44B201E1A4,\
 209                                    D17E44A101E198,D17EC5EC03330F";
 210            
 211          #elif(BOARD_NO  ==  GZ_QNZ_PTDF_KM3)       //è´µå·çœé»”å—å·å¹³å¡˜å¿ä¸œæ–¹é©¾æ ¡ç§‘ç›®ä¸‰156
 212            
 213            char code Serial_id[] = "D17E440701E249,D17E44B201E202,D17E448901E202,D17E440701E1FE,D17E44B201E258,\
 214                                    D17E44A101E203,D17E44B201E280,D17E448901E255,D17E44A101E22A,D17E448901E281,\
 215                                    D17E0168001142,D17E01B2B89597,D17E01F1B89594,D17E45EC028209,D17E81331954CF,\
 216                                    D17E44B201E1B9,D17E01B2A2BD51,D17E45F001688C,D17E0133B89559,D17E440701E249,\
 217                                    D17E44B201E280,D17E0144FAD64D";
 218            
 219          #elif(BOARD_NO  ==  GZ_GY_KC_KM2_3)        //è´µå·çœè´µé˜³å¸‚å‡¯åŸæ±½è½¦é©¾é©¶åŸ¹è®­æœ‰é™å…¬å¸ç§‘ç›®äºŒ ä
             -¸‰  157
 220            
 221            char code Serial_id[] = "D17E01A3A2BCED,D17E016EA2BCF1,D17E01B2A2BD0D,D17E0133A2BD05,D17E461B01681B,\
 222                                    D17E45F2016812,D17E461B016855,D17E45F101681F,D17E461B016819,D17E45F0016819,\
 223                                    D17E461B01681A,D17E45F2016813,D17E461B0167D4,D17E45F10167D6,D17E81331954CF,\
 224                                    D17E45F20167CC,D17E45F001681B,D17E45EB017F71,D17E45F3017F59,D17E45EC017F6F,\
 225                                    D17E45EA017F5F,D17E45F3017F66,D17E45EB017F7D,D17E448901E1A1,D17E440701E19E,\
 226                                    D17E44B201E1A2,D17E44A101E1A4,D17E44B201E1A3,D17E44A101E151,D17E448901E1A0,\
 227                                    D17E45F101686B,D17E461B016893,D17E45F0016863,D17E461B016868,D17E461B016867,\
 228                                    D17E45F101686C,D17E45F10167D6,D17E45F20167CC,D17E461B0167D4,D17E45F001681B,\
 229                                    D17E45EB017F71,D17E45EB017F7D,D17E45EA017F5F,D17E45EC017F6F,D17E45F3017F59,\
 230                                    D17E45F3017F66,D17E45F00167CF,D17E44A101E1C9,D17E448901E1C6,D17E44A101E1CA,\
 231                                    D17E44A101E1CC,D17E448901E1C9,D17E440701E1C3,D17E448901E1C7,D17E44B201E1C7,\
 232                                    D17E44B201E1C8,D17E440701E1C2,D17E44A101E20C,D17E44B201E20C,D17E45F10167D6,\
 233                                    D17E448901E1A0,D17E44B201E1CA,D17E44A101E20D,D17E44B201E225,D17E440701E252,\
 234                                    D17E44A101E284,D17E440701E27B,D17E448901E228,D17E440701E27C,D17E44A101E283,\
 235                                    D17E44B201E27E,D17E44A101E19E,D17E448901E1D0,D17E448901E1A3,D17E45F30281BA,\
 236                                    D17E448901E172,D17E45F30281BC,D17E45F2026ED1,D17E448901E256,D17E440701E254,\
 237                                    D17E44A101E259,D17E448901E203,D17E448901E27A,D17E44A101E258,D17E440701E278,\
 238                                    D17E44B201E204,D17E44A101E27D,D17E45EB017F7D,D17E45EA017F5F,D17E44A101E24F,\
C51 COMPILER V9.60.0.0   CHECK                                                             09/20/2025 15:17:36 PAGE 5   

 239                                    D17E44A101E27E,D17E440701E277,D17E448901E228,D17E440701E277";
 240            
 241          #elif(BOARD_NO  ==  GZ_GY_JYCX_KM2)        //è´µå·çœè´µé˜³å¸‚é‡‘é˜³è¯šä¿¡é©¾æ ¡ç§‘ç›®äºŒ        158
 242            
 243            char code Serial_id[] = "D17E440701E1FF,D17E448901E279,D17E44B201E203,D17E44B201E257,D17E440701E253,\
 244                                    D17E440701E276,D17E44B201E27A,D17E44A101E204,D17E44A102A013";
 245            
 246          #elif(BOARD_NO  ==  GZ_QNZ_LPXSD_KM2)       //è´µå·çœé»”å—å·è”æ³¢å¿å…´ç››è¾¾é©¾æ ¡ç§‘ç›®äºŒ   159
 247            
 248            char code Serial_id[] = "D17E01F1B89535,D17E45F2016886,D17E01A3B895BC,D17E0133B8956B,D17E8168169CDF";
 249            
 250          #elif(BOARD_NO  ==  GZ_QDN_KLGL_KM2)       //è´µå·çœé»”ä¸œå—å·å‡¯é‡Œå¸‚è´µé¾™é©¾æ ¡ç§‘ç›®äºŒ  160
 251            
 252            char code Serial_id[] = "D17E461B016887,D17E45F101688C,D17E45F0016882,D17E45F201687A,D17E461B016889,\
 253                                    D17E45F2016878";
 254            
 255          #elif(BOARD_NO  ==  SD_WF_AQAJ_KM2)        //å±±ä¸œæ½åŠå®‰ä¸˜å®‰é©¾ç§‘ç›®äºŒ  162
 256            
 257            char code Serial_id[] = "D17EC5F3044F32,D17EC5EB044FA7,D17EC5EC045034,D17EC5EB044FA5,D17EC5F3044F31,\
 258                                    D17EC5EC045036,D17EC5EB044FA6,D17EC5F3044F30,D17EC5EC045035,D17EC5F2044EA1,\
 259                                    D17EC62E032222,D17EC5F0044FA9,D17EC62E03239A";
 260            
 261          #elif(BOARD_NO  ==  GZ_GY_ZJDLP_KM2)       //è´µå·çœè´µé˜³å¸‚æ™ºæ°é©¾æ ¡ç¯ç¬¼å¡åˆ†æ ¡ç§‘ç›®äºŒ  164
 262            
 263            char code Serial_id[] = "D17E45F0016866,D17E440701E207,D17E45F201685D,D17E461B016869,D17E45F101686E,\
 264                                    D17E45F101686D";
 265            
 266          #elif(BOARD_NO  ==  GZ_QNZ_FQXQ_KM3)       //è´µå·çœé»”å—å·ç¦æ³‰å¸‚é‘«æ³‰é©¾æ ¡ç§‘ç›®ä¸‰  165
 267            
 268            char code Serial_id[] = "D17E44A101E176,D17E44B201E175,D17E44A101E177,D17E440701E16F,D17E448901E172,\
 269                                    D17E44B201E174,D17E440701E16E,D17E440701E170,D17E461B026EBA,D17E44B201E171,\
 270                                    D17E448901E171,D17E45F1026EDE,D17E45F2026ED0,D17E00D402F3EC,D17E8165195A92,\
 271                                    D17E81331954D0,D17E8133195406,D17E81CD205EE2,D17E44B201E279,D17E45F101686A,\
 272                                    D17E461B016854,D17E45F1016858,D17E44B2029FFE,D17E440701E1FE";
 273            
 274          #elif(BOARD_NO  ==  GZ_GY_YMG_KM2)       //è´µå·çœè´µé˜³å¸‚æ°¸é“­è´µé©¾æ ¡ç§‘ç›®äºŒ  168
 275            
 276            char code Serial_id[] = "D17E45F1016858,D17E45F2016848,D17E45F0016850,D17E461B016854,D17E45F2016849,\
 277                                    D17E45F001684F,D17EC5F3033181";
 278            
 279          #elif(BOARD_NO  ==  GZ_QNZ_SDXX_KM2)    //è´µå·çœé»”å—å·ä¸‰éƒ½å¿å…´é‘«é©¾æ ¡ç§‘ç›®äºŒ   170
 280            
 281            char code Serial_id[] = "D17E45F2016865,D17E461B016871,D17E45F001686D";
 282            
 283          #elif(BOARD_NO  ==  GZ_QNZ_HSQL_KM2)   //è´µå·çœé»”å—å·æƒ æ°´é»”å²­ç§‘ç›®äºŒï¼ˆæ”¹é€ ï¼‰ 171
 284            
 285            char code Serial_id[] = "D17E45F2016889,D17E45F001688E,D17E461B016894,D17E45F101689C,D17E461B016895,\
 286                                    D17E45F101689B";
 287            
 288          #elif(BOARD_NO  ==  GZ_QDN_TZQT_KM3)   //è´µå·çœé»”ä¸œå—å·å¤©æŸ±å¿æ“å¤©é©¾æ ¡ç§‘ç›®ä¸‰    172
 289            
 290            char code Serial_id[] = "D17E448901E27C,D17E44A101E19B,D17E44B201E1AB,D17E44A101E197,D17E448901E1AA,\
 291                                    D17E44A101E1AE,D17E440701E1A7,D17E44B201E195,D17E440701E208,D17E440701E18F,\
 292                                    D17E44B201E27C,D17E44A101E27F,D17E448901E20B,D17E448901E192,D17E440701E1A5,\
 293                                    D17E440701E190,D17E440701E279,D17E44A101E1AC,D17E440701E1A6,D17E448901E1A9,\
 294                                    D17E440701E15A,D17E44A101E1AD,D17E44B201E1AC,D17E44B201E20D,D17E44B201E196,\
 295                                    D17E440701E191,D17E01A105CFFE";
 296            
 297          #elif(BOARD_NO  ==  GZ_QNZ_HSSX_KM3)   //è´µå·çœé»”å—å·æƒ æ°´å¿é¡ºè¡Œé©¾æ ¡ç§‘ç›®ä¸‰      173
 298            
 299            char code Serial_id[] = "D17E44B201E1BA,D17E448901E1B7,D17E440701E1B5,D17E440701E1A8,D17E448901E1B9,\
 300                                    D17E44B201E1AD,D17E44A101E1AF,D17E448901E1AC,D17E44B201E19E,D17E44A101E19F,\
C51 COMPILER V9.60.0.0   CHECK                                                             09/20/2025 15:17:36 PAGE 6   

 301                                    D17E448901E19C,D17E440701E199,D17E44B201E19F,D17E44A101E1A0,D17E440701E198,\
 302                                    D17E448901E19B,D17E4489029FDD,D17E4407029FB9,D17E440702A066,D17E440702A0A4,\
 303                                    D17E44B2029FD4,D17E44A1029FF3,D17E440702A063,D17E448902A058,D17E44B2029E5B,\
 304                                    D17E44B202A04C,D17E4489029FDE";
 305            
 306          #elif(BOARD_NO  ==  GZ_GY_QF_KM3)     //è´µå·çœè´µé˜³å¸‚é»”ä¸°é©¾æ ¡ç§‘ç›®ä¸‰   174
 307            
 308            char code Serial_id[] = "D17E448901E271,D17E44A101E274,D17E44A101E1C5,D17E440701E1A2,D17E44B201E1C3,\
 309                                    D17E44B201E271,D17E44B201E256,D17E44A101E257,D17E44B201E1A7,D17E448901E1C2,\
 310                                    D17E440701E1BF,D17E44B201E255,D17E440701E26E,D17E440701E251,D17E448901E254,\
 311                                    D17E44A101E281,D17E448901E27E,D17E440701E27B,D17E440701E27A,D17E44A101E22A,\
 312                                    D17E448901E228,D17E44B201E27D,D17E44A101E280,D17E440701E1BE,D17E440701E224,\
 313                                    D17E44A101E256,D17E44B201E229,D17E448901E27D,D17E448901E253,D17E448901E1A5,\
 314                                    D17E44A101E283,D17E440701E27C,D17E44B201E27E,D17E448901E27D,D17EC5F2045047";
 315            
 316          #elif(BOARD_NO  ==  GZ_BJ_HZZH_KM2)    //è´µå·çœæ¯•èŠ‚å¸‚èµ«ç« å¿ä¼—æ±‡ç§‘ç›®äºŒæ™ºèƒ½åŒ–è€ƒè¯•æœåŠ¡æœ‰é™
             -è´£ä»»å…¬å¸ 175
 317            
 318            char code Serial_id[] = "D17E01340013BB,D17E440701E225,D17E44A101E22B,D17E448901E229,D17E448901E194,\
 319                                    D17E440701E194,D17E44B201E199,D17E01340013BC,D17E01340013BB,D17E81341688C5,\
 320                                    D17E84B24E54E5,D17E84075005F0,D17E84075005F0,D17EC61B0E0B91,D17EC62E0EF0ED";
 321            
 322          #elif(BOARD_NO  ==  GZ_QDN_TZYY_KM2)   //è´µå·çœé»”ä¸œå—å·å¤©æŸ±å¿å‹è°Šé©¾æ ¡ç§‘ç›®äºŒ      177
 323            
 324            char code Serial_id[] = "D17E45F3017EE8,D17E45EB017EFC,D17E45F001686E,D17E45F2016847,D17E45EC017EFC,\
 325                                    D17E45F001684E";
 326            
 327          #elif(BOARD_NO  ==  GZ_QNZ_QC_KM2)    ``//è´µå·çœé»”å—å·æƒ æ°´å¯ç¨‹æœºåŠ¨è½¦é©¾é©¶åŸ¹è®­æœ‰é™å…¬å¸ç§‘
             -ç›®äºŒ 178
 328            
 329            char code Serial_id[] = "D17E8195102015,D17E81F81AD995,D17E45F1016899,D17E461B016892,D17E45F001688D";
 330            
 331          #elif(BOARD_NO  ==  GZ_QNZ_DYHOY_KM2)   //è´µå·çœé»”å—å·éƒ½åŒ€å¸‚å®æºé©¾æ ¡ç§‘ç›®äºŒ179
 332            
 333            char code Serial_id[] = "D17E45F0016849,D17E45F2016842,D17E45F1016852,D17E461B01684E";
 334            
 335          #elif(BOARD_NO  ==  GZ_QNZ_PTXSD_KM2)       //è´µå·çœé»”å—å·å¹³å¡˜å¿å…´ç››è¾¾é©¾æ ¡ç§‘ç›®äºŒ 180
 336            
 337            char code Serial_id[] = "D17E461B016880,D17E461B016883,D17E461B01687E,D17E45F1016883,D17EC5F10335D8";
 338            
 339          #elif(BOARD_NO  ==  GZ_GY_SF_KM2)         //è´µå·çœè´µé˜³å¸‚æ—¶å‘é©¾æ ¡ç§‘ç›®äºŒ 184
 340            
 341            char code Serial_id[] = "D17E45EC017F71,D17E45EA017F60,D17E45EB017F72,D17E45F3017F5A,D17E45EC017F70,\
 342                                    D17E45F201685E,D17E461B016869";
 343            
 344          #elif(BOARD_NO  ==  SD_JN_MY_KM2_3)       //å±±ä¸œçœæµå—å¸‚æ˜è‹‘ç§‘ç›®äºŒè€ƒåœº    185
 345            
 346            char code Serial_id[] = "D17E0144FDB377,D17E0134FDB386,D17E0139FDB367,D17E0168FDB35A,D17E0139FDB366,\
 347                                    D17E0144FDB376,D17E0134FDB385,D17E0168FDB359,D17E0144FB02DB,D17E0168FB02DD,\
 348                                    D17E84074E542E,D17E84894E542E,D17E84A14E5433,D17E81DC1765E8,D17E84B24E542F,\
 349                                    D17E84894E542C,D17E84A14E5432,D17E84894E542D,D17E84B24E5430,D17E84074E542D,\
 350                                    D17E84B24E5460,D17E84894E545F,D17E84A14E5466,D17E84074E545F,D17E84B24E5449,\
 351                                    D17E84074E5460,D17E81DC1765E7,D17E84B24E5461,D17E84A14E5465,D17E84A14E544D,\
 352                                    D17E81E7177C86,D17E8133177501,D17E84894E545E,D17E8133177502,D17E81E7177C88,\
 353                                    D17E84074E542E,D17E8133177503,D17E81E7177C87,D17E81E7177C85,D17E81DC1765E5,\
 354                                    D17E81DC1765E6,D17E84B24E5138,D17E84894E5136,D17E84A14E5152,D17E84B24E533D,\
 355                                    D17E84B24E5139,D17E84A14E5153,D17E84074E5131,D17E84074E545E,D17E84A14E5464,\
 356                                    D17E0134FAFE66,D17E84894E5135,D17E84894E5041,D17E0165B88EFD,D17E01D3B88EB7,\
 357                                    D17E0144001396,D17E013FB88EF6,D17E0165B88EFC,D17E013FB88EE5,D17E0144001070,\
 358                                    D17E01D3B88EB8,D17E01F4B88D08,D17E0144FB033F,D17E0139FB0353,D17E84A14E5153,\
 359                                    D17E84074E549F,D17E84074E545E,D17E0139001430,D17E0139FB0353,D17E81E7197043,\
 360                                    D17E84074E555C,D17E01F4B88D08,D17E0168FB0341,";
C51 COMPILER V9.60.0.0   CHECK                                                             09/20/2025 15:17:36 PAGE 7   

 361            
 362          #elif(BOARD_NO  ==  GZ_QNZ_FQQY_KM2)     //è´µå·çœé»”å—å·ç¦æ³‰å¸‚éªæºé©¾æ ¡ç§‘ç›®äºŒ      186
 363            
 364            char code Serial_id[] = "D17E45F0016878,D17E45F2016864,D17E45F1016875,D17E45F001686C";
 365            
 366          #elif(BOARD_NO  ==  GZ_QNZ_WAYL_KM2)      //è´µå·çœé»”å—å·ç“®å®‰å¿äº‘å²­é©¾æ ¡ç§‘ç›®äºŒ  188
 367            
 368            char code Serial_id[] = "D17E45F1016884,D17E45F1016885,D17E45F001687A,D17E45F2016872,F527C4B200E088,\
 369                                    D17EC5F2033286";
 370          
 371          #elif(BOARD_NO  ==  GZ_QNZ_SDSS_KM2)      //è´µå·çœé»”å—å·ä¸‰éƒ½å±±æ°´ç§‘äºŒ  189
 372            
 373            char code Serial_id[] = "D17E45F1016877,D17E461B016870,D17E45F1016876,D17E45F2016866,D17E45F201685C,\
 374                                    D17E45F201685C";
 375          
 376          #elif(BOARD_NO  ==  GZ_QNZ_QYJD_KM2)    //è´µå·çœé»”å—å·é‡‘éƒ½é»”äº‘ç§‘äºŒ    190
 377            
 378            char code Serial_id[] = "D17E45F001684A,D17E45F2016843,D17E461B01684F,D17E45F1016853,D17E81341688C5,\
 379                                    D17E013400114C,D17E0134001097,D17E01340010CE,D17E01680013B2,D17E01680013BZ";
 380            
 381          #elif(BOARD_NO  ==  GZ_GY_KYXT_KM2)       //è´µå·çœè´µé˜³å¼€é˜³æ–°å¤©ç§‘ç›®äºŒ   192
 382            
 383            char code Serial_id[] = "D17E016541E8B4,D17E01F441E8B8,D17E01F441E947,D17E01681CF408";
 384            
 385          #elif(BOARD_NO  ==  GZ_GY_XFXT_KM2)       //è´µå·çœè´µé˜³å¸‚æ¯å³°å¿æ–°å¤©é©¾æ ¡ç§‘ç›®äºŒ 194
 386            
 387            char code Serial_id[] = "D17E01441CEEEC,D17E01391CEEFC,D17E01341CEED7,D17E01391CEEF4";
 388            
 389          #elif(BOARD_NO  ==  GZ_QNZ_CS_KM2)      //è´µå·çœé»”å—å·é•¿é¡ºé©¾æ ¡ç§‘ç›®äºŒè€ƒåœº   195
 390            
 391            char code Serial_id[] = "D17E01D341E899,D17E01D341E873,D17E01F441E8B7,D17E013907F6EB,D17E01391CF420,\
 392                                    D17EC5F3044F32,F527C48911A363,F527448900F162";
 393          
 394          #elif(BOARD_NO  ==  GZ_QNZ_HSXS_KM3)      //è´µå·çœé»”å—æƒ æ°´é‘«ç››ç§‘ç›®ä¸‰   196
 395            
 396            char code Serial_id[] = "D17E0133B89301,D17E01F4B88D00,D17E01390012DE,D17E01F4B88CF7,D17E0165B88EE9,\
 397                                    D17E81951D1C07,D17E44B201E1AA,D17E44A101E19E,D17E44B201E19D,D17E448901E1D1,\
 398                                    D17E44B201E1D3,D17E440701E1CE,D17E440701E1CD,D17E44B201E1D2,D17E448901E1D0,\
 399                                    D17E44A101E1D4,D17E448901E1A3,D17E44B201E1A5,D17E44A101E1A7,D17E448901E1A4,\
 400                                    D17E448901E228,D17E44B201E27D,D17E44A101E280,D17E440701E1BE,D17E440701E224,\
 401                                    D17E8134168857,D17E8139169C9D,D17E01441CF409,D17E016EA2BCEF";
 402            
 403          #elif(BOARD_NO  ==  TJ_XD_KM3)            //å¤©æ´¥å¸‚å…ˆè¾¾é©¾æ ¡ç§‘ç›®ä¸‰è€ƒåœº    197
 404            
 405            char code Serial_id[] = "D17E0134FAFEB2,D17E016EA2BD47,D17E0168FAFEA5,D17E01A3A2BD33,D17E0144FAFE46,\
 406                                    D17E0133A2BD48,D17E01F4A2BB07,D17E0139FAFEC7,D17E0168FAFD55,D17E0144FAFE98,\
 407                                    D17E0134FAFEB1,D17E0139FAFD4E,D17E0144FAFD45,D17E0168FAFE79,D17E01B2A2BD64,\
 408                                    D17E0139FAFEC8,D17E01B2A2BD52,D17E0168FAFEC8,D17E0133A2BD44,D17E01348579C6,\
 409                                    D17E013FB88FD5,D17E0133A2BD4B,D17E01F4B88DF6,D17E01B2B8953B,D17E01B2B89345,\
 410                                    D17E0133B89318,D17E01F1B89341,D17E01B2B89344,D17E01F1B89327,D17E01B2B8931E,\
 411                                    D17E01A3B89358,D17E01F1B89340,D17E01B2B89343,D17E0133B892FF,D17E01B2B8932A,\
 412                                    D17E01F1B89328,D17E01B2B8932B,D17E01A3B89340,D17E0133B89300,D17E013FB88FA9,\
 413                                    D17E01A3B8933F,D17E013FB88FAB,D17E01A3B89357,D17E01440012D3,D17E0133A2BD36,\
 414                                    D17E01D3B88F9B,D17E0165B88FE6,D17E012C02CC65";
 415            
 416          #elif(BOARD_NO  ==  SD_RZ_SJ_ZNC)       //å±±ä¸œçœæ—¥ç…§é¡ºå‰é©¾æ ¡æ™ºèƒ½åŸ¹è®­è½¦ 198
 417            
 418            char code Serial_id[] = "D17E0168FAFE7A,D17E012C02D63C,D17E0144FAFE6C,D17E0139FAFE7A,D17E0168FAFE7B,\
 419                                    D17E01D3B88EB8,D17E01F4B88D07";
 420          
 421          #elif(BOARD_NO  ==  GZ_GY_DHY_KM2)      //è´µå·çœè´µé˜³å¤§å…³äº‘é¡ºè¾¾ç§‘ç›®äºŒ   199
 422            
C51 COMPILER V9.60.0.0   CHECK                                                             09/20/2025 15:17:36 PAGE 8   

 423            char code Serial_id[] = "D17E01F1B8958B,D17E0133B89552,D17E01F1B895A9,D17E01A3B895A0,D17E01448579CB,\
 424                                    D17E01A3B895B7,D17E45F0016866,D17E45F201685D,D17E461B016869,D17E45F101686E,\
 425                                    D17E45F101686D,D17E45F0016865,D17E01B2B8958D,D17E44A101E22B,D17EC5F311BE9D";
 426          
 427          #elif(BOARD_NO  ==  GZ_QNZ_DSXSD_KM2)   //è´µå·çœé»”å—å·ç‹¬å±±å…´ç››è¾¾ç§‘ç›®äºŒ  200 
 428            
 429            char code Serial_id[] = "D17E01398579D3,D17E016800112A,D17E013400112A,D17E0139001128,D17E016800112B,\
 430                                    D17E014400111C,D17E01390013B9";
 431            
 432          #elif(BOARD_NO  ==  GZ_QNZ_DSXY_KM2)    //è´µå·çœé»”å—å·ç‹¬å±±å¿å…´å®‡é©¾æ ¡ç§‘ç›®äºŒ  201
 433            
 434            char code Serial_id[] = "D17E01B2B8958E,D17E45F0016864,D17E45F101689A,D17E45F001688F";
 435            
 436          #elif(BOARD_NO  ==  GZ_QNZ_GDWT_KM2)  //è´µå·çœé»”å—è´µå®šä¸‡é€šé©¾æ ¡ç§‘ç›®äºŒ    202
 437            
 438            char code Serial_id[] = "D17E0133B89550,D17E01B2B895AA,D17E0134FAFE91,D17E01F1B8958C,D17E013FB88FAA,\
 439                                    D17E448902A6E0,D17E0139FAFEAB";
 440            
 441          #elif(BOARD_NO  ==  GZ_QNZ_GDDC_KM3) //è´µå·çœé»”å—å·è´µå®šå¿ä¸œæˆé©¾æ ¡ç§‘ç›®ä¸‰ 204
 442            
 443            char code Serial_id[] = "D17E01A3B8954A,D17E01B2B89595,D17E0133B89301,D17E01F1B89594,D17E01398579D3,\
 444                                    D17E01448579D8,D17E01D3B88F9D,D17E0133B89559,D17E01F1B89342,D17E01F1B89335,\
 445                                    D17E01B2B89597,D17E011C0266CE,D17E0139FAFECC,D17E0134001416,D17E01680010D1,\
 446                                    D17E0134001075,D17E01340010CB,D17E014400107F,D17E013900108B,D17E0144001133,\
 447                                    D17E01D3B88F90,D17E01390010CD,D17E0168001096,D17E01440010C1,D17E01440013AB,\
 448                                    D17E0134001416,D17E01440010CD,D17E013400138C,D17E016800135B,D17E01440013AB,\
 449                                    D17E01B2A2BD51,D17E0134001141,D17E0139001140,D17E0133B89301,D17E016800114C,\
 450                                    D17E0144001352,D17E014400113E,D17E0139001090,D17E01340012EF,D17E0133A2BD04,\
 451                                    D17E01440013C2,D17E01390010CD,D17E01390012EC,D17E01390013A0,D17E81951D1E01,\
 452                                    D17E01440010C0,D17E84B25005CA,D17E0134001097";
 453            
 454          #elif(BOARD_NO  ==  HN_YZ_NYZN_KM2)       //æ¹–å—çœæ°¸å·å®è¿œå¿ å—é©¾æ ¡ç§‘ç›®äºŒ 205  
 455            
 456            char code Serial_id[] = "D17E0165B88CAA,D17E013FB88C9B,D17E01D3B88C80,D17E01D3B88C7F,D17E01F1B89329,\
 457                                    D17E013FB88C9D,D17E01D3B88C81,D17E013FB88C9C,D17E01A3B89341,D17E0165B88CAC,\
 458                                    D17E013FB88C9E,D17E0165B88CAB,D17E01680012E9,D17E01440012DF,F405011B0169CE";
 459            
 460          #elif(BOARD_NO  ==  GZ_QDN_ZYQXJT_KM2)    //è´µå·çœé»”ä¸œå—é•‡è¿œæ¸…æºªé‡‘é€šç§‘ç›®äºŒ 206
 461            
 462            char code Serial_id[] = "D17E01D3B88EA3,D17E013900139F,D17E014400111C,D17E013900106F,D17E01390010CD,\
 463                                    D17E016800139A,D17EC62E0356A9";
 464            
 465          #elif(BOARD_NO  ==  SD_RZ_LXKT_KM2)       //å±±ä¸œçœæ—¥ç…§è’å¿å¤æ¶›ç§‘ç›®äºŒè®­ç»ƒ 207
 466            
 467            char code Serial_id[] = "D17E0144001071,D17E0134001083,D17E0168001083,D17E013900142F";
 468            
 469          #elif(BOARD_NO  ==  SD_JN_YSJX_KM2)      //å±±ä¸œçœæµå—å¸‚å½±å±±ä¿Šç¿”ç§‘ç›®äºŒè®­ç»ƒ 208
 470            
 471            char code Serial_id[] = "D17E0134001433,D17E0144001422,D17E0144001399,D17E01390013A1,D17E01340013A4,\
 472                                    D17E0168001426,D17E013FB88EE6";
 473            
 474          #elif(BOARD_NO  ==  TJ_JHDS_KM3)        //å¤©æ´¥å¸‚é™æµ·éƒ½é¡ºé©¾æ ¡ç§‘ç›®ä¸‰è€ƒåœº 209
 475            
 476            char code Serial_id[] = "D17E01440012E1,D17E01340012F0,D17E01440012E0,D17E813D573721,D17E81651958FE,\
 477                                    D17E817C198801,D17E81F81AD82F,D17E817C1987FF,D17E813D573F22,D17E013FB88ED3,\
 478                                    D17E81F81AD830,D17E01390013D1,D17E817C198888,D17E81F81AD82E,D17E813D573723,\
 479                                    D17E81F81AD831,D17E01390012EB,D17E01340012E0,D17E817C19897A,D17E81E7196D8F,\
 480                                    D17E81951D1D87,D17E81951D1D89,D17E81F81AD997,D17E81951D1D88,D17E817C198800,\
 481                                    D17E01340012E1,D17E01390012DD,D17E81951D2077,D17E813D5738C6,D17E81331956CA,\
 482                                    D17E817C19899D,D17E813D5738AA,D17E81F81AD9B9,D17E81331953D4,D17E81331953D5,\
 483                                    D17E81E7196D92,D17E81E7196D90,D17E81951D1D8A,D17E8165195A93,D17E817C19899E,\
 484                                    D17E81F81AD9BB,D17E813D5738AB,D17E01440012D2,D17E813D573722,D17E0165B88EE8,\
C51 COMPILER V9.60.0.0   CHECK                                                             09/20/2025 15:17:36 PAGE 9   

 485                                    D17E013FB88ED2,D17E8168169C72,D17E81E719701C";
 486            
 487          #elif(BOARD_NO  ==  GZ_LPS_KD_KM3)        //è´µå·å…­ç›˜æ°´å‡¯è¾¾é©¾æ ¡ç§‘ç›®ä¸‰ 210
 488            
 489            char code Serial_id[] = "D17E81951D1DBB,D17E8133195691,D17E81CD205EE0,D17E817C1989BB,D17E81E7196DBD,\
 490                                    D17E81CD205EE1,D17E8133195664,D17E81E7196E07,D17E81F81AD9D6,D17E01F1B89594,\
 491                                    D17E84B24E54E3,D17E81CD206139,D17E81E7196DDE,D17E813D5738C7,D17E81F81AD9BA,\
 492                                    D17E81E7196DBF,D17E81951D1DBA,D17E01440012D3,D17E01680012DB,D17E01440012D1,\
 493                                    D17E81E7196E86,D17E81331953D6,D17E81951010BB,D17E81E7196D91,D17E81E719707A,\
 494                                    D17E84074E54E4,D17E81E7196DBE,D17E817C198979,D17E0139001140,D17E84074E54E3,\
 495                                    D17E84895005CF,D17E01680012DA,D17E84895005CF,D17E84075005F1";
 496            
 497          #elif(BOARD_NO  ==  SD_TA_DCBFS_KM2)      //å±±ä¸œæ³°å®‰å¸‚ä¸œæˆå¿ç™½ä½›å±±é©¾æ ¡ç§‘ç›®äºŒè®­ç»ƒ   211
 498            
 499            char code Serial_id[] = "D17E01F4B88D09,D17E01390013A7";
 500            
 501            
 502          #elif(BOARD_NO  ==  GZ_QNZ_LLXX_KM2)       //è´µå·çœé»”å—å·é¾™é‡Œå…´é‘«ç§‘ç›®äºŒ   212
 503            
 504            char code Serial_id[] = "D17E84B2500587,D17E8165195A71,D17E85A14E54E7,D17E84894E54E3,D17E8165195A72,\
 505                                    D17E84A14E54E7";
 506            
 507          #elif(BOARD_NO  ==  SD_JN_LS_KM2)           //å±±ä¸œçœæµå—å¸‚è·¯èˆœé©¾æ ¡ç§‘ç›®äºŒè®­ç»ƒ  213
 508            
 509            char code Serial_id[] = "D17E0134FAFE65,D17E84894E54E7,D17E01D3B88EB6,D17E0168FAFE8C,D17E0134FAFE64,\
 510                                    D17E0165B88EFB,D17E84B24E54E8,D17E013FB88EE6";
 511            
 512          #elif(BOARD_NO  ==  GZ_LPS_DA_KM2)          //è´µå·çœå…­ç›˜æ°´è¾¾å®‰é©¾æ ¡ç§‘ç›®äºŒè€ƒåœº  214
 513            
 514            char code Serial_id[] = "D17E8168169C74,D17E8139169C9B,D17E8168169C73,D17E8134168858";
 515            
 516          #elif(BOARD_NO  ==  HN_YZ_QY_KM2)          //æ¹–å—çœæ°¸å·å¸‚ç¥é˜³ç§‘ç›®äºŒè€ƒåœº        215
 517            
 518            char code Serial_id[] = "D17E44A102A6FA,D17E44B202A6E6,D17E44A102A6E8,D17E44B202A6E4,D17E440702A6E3,\
 519                                    D17E448902A6DF,D17E44B202A6F5,D17E440702A6E4,D17E448902A6F1,D17E44A102A6EA,\
 520                                    D17E44A102A6E9,D17E440702A6F5,D17E0133A2BD06,D17E448902A6F0,D17E440702A6F4,\
 521                                    D17E44A102A6F5,D17E44A102A6F9,D17E448902A6BC,D17E44A102A6C5,D17E44B202A6F6,\
 522                                    D17E44B202A6C0,D17E440702A6BF,D17E44B202A04D,D17E44B2029FE1,D17E4407029FE9,\
 523                                    D17E448902A00F,D17E00D5058B59,D17E448902A6CC";  
 524            
 525          #elif(BOARD_NO  ==  SD_JN_SHXF_KM2)       //å±±ä¸œçœæµå—å¸‚å•†æ²³è°¢èŠ³é©¾æ ¡ç§‘ç›®äºŒè®­ç»ƒåœº  216
 526            
 527            char code Serial_id[] = "D17E01390013A4,D17E013900107C,D17E0168FB0341,D17E0139001430,D17E84A14E5560,\
 528                                    D17E84074E555C,D17E84894E555C,D17E012C02D63C,D17E81E7197043,D17E84074E549F";
 529            
 530          #elif(BOARD_NO  ==  LJ82_HCLL_ZZPP)         //82å†›åˆæˆ6æ—…æ™ºèƒ½è¯„åˆ¤ç³»ç»Ÿ  220
 531            
 532            char code Serial_id[] = "D17E448902A059,D17E4489029FDF,D17E44A1029FF2,D17E8144169D50,D17E8144169D50,\
 533                                    D17E013FB88ED1,D17E013FB88ED1";
 534            
 535          #elif(BOARD_NO  ==  LJ81_ZLZYL_ZZPP)      //81å†›æˆ˜ç•¥æ”¯æ´æ—…æ™ºèƒ½è¯„åˆ¤ç³»ç»Ÿ  221
 536            
 537            char code Serial_id[] = "D17E440702A033,D17E44A1029FF1,D17E4407029FC7,D17E448902A08A,D17E440702A065,\
 538                                    D17E44B2029FD3,D17E44A102A05D,D17E448902A057";  
 539            
 540          #elif(BOARD_NO  ==  GZ_QNZ_WAYL_KM3)      //è´µå·çœé»”å—å·ç“®å®‰äº‘å²­ç§‘ç›®ä¸‰è€ƒåœº  227
 541            
 542            char code Serial_id[] = "D17EC5F2033286,D17EC62E0323BB,D17EC5F0044FCE,D17EC5F1045407,D17EC5F0044FF1,\
 543                                    D17EC5F0044FF1,D17EC5F0044FF1,D17EC61B01A9D2,D17EC62E032372,D17EC5F2045026,\
 544                                    D17EC5F0044FB1,D17EC5F2045025,D17EC5F1045427,D17EC62E03237A,D17EC5F0033205,\
 545                                    D17EC62E02089E,D17EC5F10335D9,D17EC5F0033204,D17EC5EB0332B1,D17EC5F1045408";
 546            
C51 COMPILER V9.60.0.0   CHECK                                                             09/20/2025 15:17:36 PAGE 10  

 547          #endif
 548            
 549          */
 550          //========================================================================
 551          // å‡½æ•°: void ByteToHexStr(const char* source, unsigned char* dest, int sourceLen)
 552          // æè¿°: å°†å­—èŠ‚æµè½¬æ¢ä¸ºåå…­è¿›åˆ¶å­—ç¬¦ä¸²ã€‚
 553          // å‚æ•°ï¼šsourceæ•°æ®æºåœ°å€  destè½¬æ¢åä¿å­˜çš„ç›®æ ‡åœ°å€  sourceLenè½¬æ¢é•¿åº¦ 
 554          // è¿”å›: æ— 
 555          // ç‰ˆæœ¬: V1.0, 2022-10-17
 556          //========================================================================
 557          //void ByteToHexStr(const unsigned char* source, char* dest, int sourceLen)   
 558          //{  
 559          //    xdata short i=0;  
 560          //    xdata unsigned char highByte, lowByte;  
 561          //    for (i = 0; i < sourceLen; i++)  
 562          //    {  
 563          //        highByte = source[i] >> 4;  
 564          //        lowByte = source[i] & 0x0f;  
 565          //  
 566          //        highByte += 0x30;  
 567          //  
 568          //        if (highByte > 0x39)  
 569          //            dest[i * 2] = highByte + 0x07;  
 570          //        else  
 571          //            dest[i * 2] = highByte;  
 572          //  
 573          //        lowByte += 0x30;  
 574          //        if (lowByte > 0x39)  
 575          //            dest[i * 2 + 1] = lowByte + 0x07;  
 576          //        else  
 577          //            dest[i * 2 + 1] = lowByte;  
 578          //    }  
 579          //    return;  
 580          //}   
 581          //========================================================================
 582          // å‡½æ•°: u8 Check_Serial_Id(void)
 583          // æè¿°: æ ¡éªŒIDä¿¡æ¯
 584          // å‚æ•°ï¼šæ— 
 585          // è¿”å›: æ£€éªŒæœ‰æ•ˆè¿”å›TURE,æ ¡éªŒå¤±è´¥è¿”å›FALSE
 586          // ç‰ˆæœ¬: V1.0, 2022-10-17
 587          //========================================================================
 588          void Check_Serial_Id(void)   //æ ¡éªŒIDä¿¡æ¯
 589          {
 590   1          xdata char sn[3] = "";
 591   1          xdata char strid[ID_LENTH * 2+1] = "";
 592   1          xdata u8 i = 0;
 593   1        
 594   1          BSP_GetlocalId(localid);  //è¯»å–æœ¬æœºå•ç‰‡æœºIDä¿¡æ¯
 595   1          
 596   1          for (i = 0; i < ID_LENTH; i++)
 597   1          {
 598   2                sprintf(sn,"%b02X",localid[i]);
 599   2                strcat(strid,sn);
 600   2          }
 601   1          
 602   1          
 603   1          #ifdef DEBUG
                      printf("DEBUG SN = %s\r\n",strid);
                  #endif
 606   1          
 607   1          #ifdef CHECKID
                  
C51 COMPILER V9.60.0.0   CHECK                                                             09/20/2025 15:17:36 PAGE 11  

                    if(strstr(Serial_id,strid) != NULL)//æ¯”è¾ƒå­—ç¬¦ä¸²
                    {
                      
                      #ifdef DEBUG
                        delay_ms(1000);
                        printf("DEBUG checkid,ok!\r\n");  
                      #endif
                      return;
                    }
                    else 
                    {
                        while(1)  //åºåˆ—å·ä¸åŒ¹é…åœ¨æ­¤å¤„æ­»å¾ªç¯
                        {
                          printf("SN = %s\r\n",strid);
                          USART_Sendbuffer(DEBUG_USART,strid,strlen(strid));
                          USART_Sendbuffer(DEBUG_USART,"\r\n",2);
                          #ifdef  STC15W4K48S4
                          USART_Sendbuffer(NETWORK_USART,strid,strlen(strid));
                          USART_Sendbuffer(NETWORK_USART,"\r\n",2);
                          #endif
                          delay_ms(1000);
                        }
                      
                      //return FLASE;
                    }
                  #endif
 635   1            
 636   1          #ifndef CHECKID
 637   1              #ifdef DEBUG
                      printf("DEBUG NO_CHECKID!!!\r\n");
                      #endif
 640   1          #endif
 641   1      }
 642          //========================================================================
 643          // å‡½æ•°: u8 Checksum(void)
 644          // æè¿°: è®¡ç®—æ ¡éªŒå’Œï¼Œå°†æ£€éªŒå’Œä¿å­˜åˆ°ç¼“å­˜çš„æœ€åä¸€ä¸ªå­—èŠ‚
 645          // å‚æ•°ï¼špbufferéœ€è¦æ ¡éªŒçš„ç¼“å­˜åŒºåœ°å€ï¼Œlenthéœ€è¦è®¡ç®—çš„é•¿åº¦
 646          // è¿”å›: 
 647          // ç‰ˆæœ¬: V1.0, 2022-10-17
 648          //========================================================================
 649          void Checksum(u8 *pbuffer, u16 lenth)  //è®¡ç®—æ ¡éªŒå’Œ
 650          {
 651   1        xdata u16 i = 0;
 652   1        xdata u8 *psum = (pbuffer + lenth -1);
 653   1        for (i = 0; i<(lenth-1);i++)
 654   1        {
 655   2      
 656   2          *psum += *pbuffer++;    //ç´¯åŠ æ ¡éªŒå’Œ
 657   2      //    *psum ^= *pbuffer++;    //å¼‚æˆ–æ ¡éªŒå’Œ
 658   2          
 659   2        }
 660   1      }
 661          
 662          //========================================================================
 663          // å‡½æ•°: void ByteArrayCompar(const u8 *source, const u8 *dest,u16 lenth)
 664          // æè¿°: æ¯”è¾ƒä¸¤ä¸ªå†…å­˜ï¼Œçœ‹sourceæ˜¯å¦åŒ…å«destï¼Œ
 665          // å‚æ•°ï¼š*sourceéœ€è¦æ¯”è¾ƒçš„æºæ•°æ®,    srclenä¸ºæºæ•°æ®çš„é•¿åº¦  
 666          //        *destéœ€è¦æ¯”è¾ƒçš„ç›®æ ‡æ•°æ®,   deslenä¸ºç›®æ ‡æ•°æ®çš„é•¿åº¦
 667          // è¿”å›: å‡ºç°ç›®æ ‡æ•°æ®çš„åœ°å€ï¼Œä¸åŒ…å«è¿”å›NULL
 668          // ç‰ˆæœ¬: V1.0, 2022-10-17
 669          //========================================================================
 670          u8 * ByteArrayCompar(const u8 *source,u16 srclen, const u8 *dest,u16 deslen)  
C51 COMPILER V9.60.0.0   CHECK                                                             09/20/2025 15:17:36 PAGE 12  

 671          {
 672   1        xdata u16 slen= srclen; 
 673   1        xdata u16 dlen= deslen;
 674   1        
 675   1        xdata const u8 *psrc = source;
 676   1        xdata const u8 *pdes = dest;
 677   1        xdata const u8 *p = source;
 678   1        
 679   1        while(slen >= dlen)
 680   1        {
 681   2            psrc = p;
 682   2            pdes = dest;
 683   2            dlen = deslen;
 684   2            slen--;
 685   2            while((*psrc == *pdes) && (dlen > 0))
 686   2            {
 687   3              psrc++;
 688   3              pdes++; 
 689   3              dlen--;       
 690   3            }
 691   2            if(dlen == 0)
 692   2            {
 693   3              return (char *)p;
 694   3            }     
 695   2            p++;
 696   2        }
 697   1        return NULL;
 698   1      
 699   1      }
 700          #ifdef  STC15W4K48S4
              //========================================================================
              // å‡½æ•°: void ByteArrayCompar(const u8 *source, const u8 *dest,u16 lenth)
              // æè¿°: æ¯”è¾ƒä¸¤ä¸ªå†…å­˜ï¼Œçœ‹sourceæ˜¯å¦åŒ…å«destï¼Œ
              // å‚æ•°ï¼š*sourceéœ€è¦æ¯”è¾ƒçš„æºæ•°æ®,    srclenä¸ºæºæ•°æ®çš„é•¿åº¦  
              //        *destéœ€è¦æ¯”è¾ƒçš„ç›®æ ‡æ•°æ®,   deslenä¸ºç›®æ ‡æ•°æ®çš„é•¿åº¦
              // è¿”å›: æœ€åå‡ºç°ç›®æ ‡æ•°æ®çš„åœ°å€ï¼Œä¸åŒ…å«è¿”å›NULLï¼ˆä»åå¾€å‰è¿›è¡Œæ¯”è¾ƒï¼‰
              // ç‰ˆæœ¬: V1.0, 2022-10-17
              //========================================================================
              u8 * ByteArrayCompar_r(const u8 *source,u16 srclen, const u8 *dest,u16 deslen)  
              {
                xdata u16 slen= srclen; 
                xdata u16 dlen= deslen;
                
                xdata const u8 *psrc = (u8 *)(source + srclen - 1);
                xdata const u8 *pdes = dest;
                xdata const u8 *p = (u8 *)(source + srclen - 1);
                
                while(slen > 0)
                {
                    psrc = p;
                    pdes = dest;
                    dlen = deslen;
                    slen--;
                    while((*psrc == *pdes) && (dlen > 0) && (psrc < (source + srclen)))
                    {
                      psrc++;
                      pdes++; 
                      dlen--;       
                    }
                    if(dlen == 0)
                    {
                      return (char *)p;
C51 COMPILER V9.60.0.0   CHECK                                                             09/20/2025 15:17:36 PAGE 13  

                    }     
                    p--;
                }
                return NULL;
              
              }
              #endif


MODULE INFORMATION:   STATIC OVERLAYABLE
   CODE SIZE        =    528    ----
   CONSTANT SIZE    =     24    ----
   XDATA SIZE       =      7      48
   PDATA SIZE       =   ----    ----
   DATA SIZE        =   ----    ----
   IDATA SIZE       =   ----    ----
   BIT SIZE         =   ----    ----
END OF MODULE INFORMATION.


C51 COMPILATION COMPLETE.  0 WARNING(S),  0 ERROR(S)
