C51 COMPILER V9.60.0.0   GPIO                                                              09/20/2025 15:17:34 PAGE 1   


C51 COMPILER V9.60.0.0, COMPILATION OF MODULE GPIO
OBJECT MODULE PLACED IN .\Objects\gpio.obj
COMPILER INVOKED BY: C:\Keil_v5\C51\BIN\C51.EXE Source\gpio.c LARGE OPTIMIZE(8,SPEED) BROWSE DEBUG OBJECTEXTEND PRINT(.\
                    -Listings\gpio.lst) TABS(2) OBJECT(.\Objects\gpio.obj)

line level    source

   1          #include  "./User/includes.h"
   2          
   3          //========================================================================
   4          // 函数: u8 GPIO_Inilize(u8 GPIO, GPIO_InitTypeDef *GPIOx)
   5          // 描述: 初始化MCU的IO口.
   6          // 参数: GPIO_InitTypeDef: 结构参数,请参考gpio.h里的定义.
   7          // 返回: 成功返回0, 空操作返回1,错误返回2.
   8          // 版本: V1.0, 2022-10-17
   9          //========================================================================
  10          u8  GPIO_Inilize(u8 GPIO, GPIO_InitTypeDef *GPIOx)
  11          {
  12   1        if(GPIO > GPIO_P5)        return 1; //空操作
  13   1        if(GPIOx->Mode > GPIO_OUT_PP) return 2; //错误
  14   1        if(GPIO == GPIO_P0)
  15   1        {
  16   2          if(GPIOx->Mode == GPIO_PullUp)    P0M1 &= ~GPIOx->Pin,  P0M0 &= ~GPIOx->Pin;   //上拉准双向口
  17   2          if(GPIOx->Mode == GPIO_HighZ)     P0M1 |=  GPIOx->Pin,  P0M0 &= ~GPIOx->Pin;   //浮空输入
  18   2          if(GPIOx->Mode == GPIO_OUT_OD)    P0M1 |=  GPIOx->Pin,  P0M0 |=  GPIOx->Pin;   //开漏输出
  19   2          if(GPIOx->Mode == GPIO_OUT_PP)    P0M1 &= ~GPIOx->Pin,  P0M0 |=  GPIOx->Pin;   //推挽输出
  20   2        }
  21   1        if(GPIO == GPIO_P1)
  22   1        {
  23   2          if(GPIOx->Mode == GPIO_PullUp)    P1M1 &= ~GPIOx->Pin,  P1M0 &= ~GPIOx->Pin;   //上拉准双向口
  24   2          if(GPIOx->Mode == GPIO_HighZ)     P1M1 |=  GPIOx->Pin,  P1M0 &= ~GPIOx->Pin;   //浮空输入
  25   2          if(GPIOx->Mode == GPIO_OUT_OD)    P1M1 |=  GPIOx->Pin,  P1M0 |=  GPIOx->Pin;   //开漏输出
  26   2          if(GPIOx->Mode == GPIO_OUT_PP)    P1M1 &= ~GPIOx->Pin,  P1M0 |=  GPIOx->Pin;   //推挽输出
  27   2        }
  28   1        if(GPIO == GPIO_P2)
  29   1        {
  30   2          if(GPIOx->Mode == GPIO_PullUp)    P2M1 &= ~GPIOx->Pin,  P2M0 &= ~GPIOx->Pin;   //上拉准双向口
  31   2          if(GPIOx->Mode == GPIO_HighZ)     P2M1 |=  GPIOx->Pin,  P2M0 &= ~GPIOx->Pin;   //浮空输入
  32   2          if(GPIOx->Mode == GPIO_OUT_OD)    P2M1 |=  GPIOx->Pin,  P2M0 |=  GPIOx->Pin;   //开漏输出
  33   2          if(GPIOx->Mode == GPIO_OUT_PP)    P2M1 &= ~GPIOx->Pin,  P2M0 |=  GPIOx->Pin;   //推挽输出
  34   2        }
  35   1        if(GPIO == GPIO_P3)
  36   1        {
  37   2          if(GPIOx->Mode == GPIO_PullUp)    P3M1 &= ~GPIOx->Pin,  P3M0 &= ~GPIOx->Pin;   //上拉准双向口
  38   2          if(GPIOx->Mode == GPIO_HighZ)     P3M1 |=  GPIOx->Pin,  P3M0 &= ~GPIOx->Pin;   //浮空输入
  39   2          if(GPIOx->Mode == GPIO_OUT_OD)    P3M1 |=  GPIOx->Pin,  P3M0 |=  GPIOx->Pin;   //开漏输出
  40   2          if(GPIOx->Mode == GPIO_OUT_PP)    P3M1 &= ~GPIOx->Pin,  P3M0 |=  GPIOx->Pin;   //推挽输出
  41   2        }
  42   1        if(GPIO == GPIO_P4)
  43   1        {
  44   2          if(GPIOx->Mode == GPIO_PullUp)    P4M1 &= ~GPIOx->Pin,  P4M0 &= ~GPIOx->Pin;   //上拉准双向口
  45   2          if(GPIOx->Mode == GPIO_HighZ)     P4M1 |=  GPIOx->Pin,  P4M0 &= ~GPIOx->Pin;   //浮空输入
  46   2          if(GPIOx->Mode == GPIO_OUT_OD)    P4M1 |=  GPIOx->Pin,  P4M0 |=  GPIOx->Pin;   //开漏输出
  47   2          if(GPIOx->Mode == GPIO_OUT_PP)    P4M1 &= ~GPIOx->Pin,  P4M0 |=  GPIOx->Pin;   //推挽输出
  48   2        }
  49   1        if(GPIO == GPIO_P5)
  50   1        {
  51   2          if(GPIOx->Mode == GPIO_PullUp)    P5M1 &= ~GPIOx->Pin,  P5M0 &= ~GPIOx->Pin;   //上拉准双向口
  52   2          if(GPIOx->Mode == GPIO_HighZ)     P5M1 |=  GPIOx->Pin,  P5M0 &= ~GPIOx->Pin;   //浮空输入
  53   2          if(GPIOx->Mode == GPIO_OUT_OD)    P5M1 |=  GPIOx->Pin,  P5M0 |=  GPIOx->Pin;   //开漏输出
  54   2          if(GPIOx->Mode == GPIO_OUT_PP)    P5M1 &= ~GPIOx->Pin,  P5M0 |=  GPIOx->Pin;   //推挽输出
C51 COMPILER V9.60.0.0   GPIO                                                              09/20/2025 15:17:34 PAGE 2   

  55   2        }
  56   1        return 0; //成功
  57   1      }
  58          
  59          


MODULE INFORMATION:   STATIC OVERLAYABLE
   CODE SIZE        =    481    ----
   CONSTANT SIZE    =   ----    ----
   XDATA SIZE       =   ----    ----
   PDATA SIZE       =   ----    ----
   DATA SIZE        =   ----    ----
   IDATA SIZE       =   ----    ----
   BIT SIZE         =   ----    ----
END OF MODULE INFORMATION.


C51 COMPILATION COMPLETE.  0 WARNING(S),  0 ERROR(S)
