C51 COMPILER V9.60.0.0   USART                                                             09/20/2025 15:17:34 PAGE 1   


C51 COMPILER V9.60.0.0, COMPILATION OF MODULE USART
OBJECT MODULE PLACED IN .\Objects\usart.obj
COMPILER INVOKED BY: C:\Keil_v5\C51\BIN\C51.EXE Source\usart.c LARGE OPTIMIZE(8,SPEED) BROWSE DEBUG OBJECTEXTEND PRINT(.
                    -\Listings\usart.lst) TABS(2) OBJECT(.\Objects\usart.obj)

line level    source

   1          #include "./User/includes.h"
   2          #include <stdio.h>
   3          #include <string.h>
   4          
   5          #ifdef  STC12C5A60S2  
   6          xdata MessageQueue  Msg_RX[2];
   7          xdata u8 Msg_Rx1Buffer[Q_BUF_LENTH];      //ç¼“å­˜åŒº
   8          xdata u8 Msg_Rx2Buffer[Q_BUF_LENTH];      //ç¼“å­˜åŒº
   9          #endif
  10          
  11          #ifdef  STC15W4K48S4  
              xdata volatile MessageQueue  Msg_RX[4];
              //ä¸ºèŠ‚çº¦å†…å­˜ï¼Œåšé¢„ç¼–è¯‘å¤„ç†ï¼Œä»…å°†GPSçš„ä¸²å£ç¼“å­˜åˆ†é…512å­—èŠ‚ï¼Œå…¶ä»–ä¸º128ä¸ªå­—èŠ‚
              xdata u8 Msg_Rx1Buffer[Q_GPS_BUF_LENTH];  //ç¼“å­˜åŒº
              xdata u8 Msg_Rx2Buffer[Q_BUF_LENTH];      //ç¼“å­˜åŒº
              xdata u8 Msg_Rx3Buffer[Q_BUF_LENTH];      //ç¼“å­˜åŒº
              xdata u8 Msg_Rx4Buffer[Q_BUF_LENTH];      //ç¼“å­˜åŒº 
              #endif
  19          
  20          //========================================================================
  21          // å‡½æ•°: u8 USART_Configuration(unsigned char UARTx, COMx_InitDefine *COMx)
  22          // æè¿°: åˆå§‹åŒ–MCUçš„UARTå£.
  23          // å‚æ•°: COMx_InitDefine: ç»“æ„å‚æ•°,è¯·å‚è€ƒuart.hé‡Œçš„å®šä¹‰.
  24          // è¿”å›: æ— 
  25          // ç‰ˆæœ¬: V1.0, 2022-10-17
  26          //========================================================================
  27          void USART_Configuration(unsigned char UARTx, COMx_InitDefine *COMx)
  28          {
  29   1        unsigned char i=0;
  30   1        if(UARTx == USART1)
  31   1        {
  32   2          Msg_RX[UARTx-1].pStart  =   Msg_Rx1Buffer;                                //ç¼“å­˜åŒºå¼€å§‹åœ°å€
  33   2          Msg_RX[UARTx-1].pEnd    =   Msg_Rx1Buffer + sizeof(Msg_Rx1Buffer) - 1;    //ç¼“å­˜åŒºç»“æŸåœ°å€
  34   2          Msg_RX[UARTx-1].pOut    =   Msg_RX[UARTx-1].pStart;                       //æ•°æ®å‡ºå£æŒ‡é’ˆ
  35   2          Msg_RX[UARTx-1].pIn     =   Msg_RX[UARTx-1].pStart; //æ•°æ®å…¥å£æŒ‡é’ˆ  
  36   2          Msg_RX[UARTx-1].overflow_flag = 0;//ç¼“å­˜æº¢å‡ºæ ‡å¿—
  37   2          memset(Msg_Rx1Buffer,0,sizeof(Msg_Rx1Buffer));
  38   2          if(COMx->UART_BRT_Use == BRT_Timer1)
  39   2            {
  40   3                PCON &= 0x7F;   //æ³¢ç‰¹ç‡ä¸å€é€Ÿ
  41   3                SCON = 0x50;    //8ä½æ•°æ®,å¯å˜æ³¢ç‰¹ç‡
  42   3                AUXR |= 0x40;   //å®šæ—¶å™¨1æ—¶é’Ÿä¸ºFosc,å³1T
  43   3                AUXR &= 0xFE;   //ä¸²å£1é€‰æ‹©å®šæ—¶å™¨1ä¸ºæ³¢ç‰¹ç‡å‘ç”Ÿå™¨
  44   3                TMOD &= 0x0F;   //æ¸…é™¤å®šæ—¶å™¨1æ¨¡å¼ä½
  45   3                TMOD |= 0x20;   //è®¾å®šå®šæ—¶å™¨1ä¸º8ä½è‡ªåŠ¨é‡è£…æ–¹å¼
  46   3                TL1 = 256-(MAIN_Fosc / 32) / COMx->UART_BaudRate;   //è®¾å®šå®šæ—¶åˆå€¼
  47   3                TH1 = 256-(MAIN_Fosc / 32) / COMx->UART_BaudRate;   //è®¾å®šå®šæ—¶å™¨é‡è£…å€¼
  48   3                ET1 = 0;    //ç¦æ­¢å®šæ—¶å™¨1ä¸­æ–­
  49   3                TR1 = 1;    //å¯åŠ¨å®šæ—¶å™¨1
  50   3                ES=COMx->UART_Interrupt;//ä¸­æ–­å…è®¸
  51   3            }
  52   2          else if(COMx->UART_BRT_Use == BRT_Timer2)
  53   2            {
  54   3              #ifdef  STC15W4K48S4  
C51 COMPILER V9.60.0.0   USART                                                             09/20/2025 15:17:34 PAGE 2   

                        SCON = 0x50;    //8ä½æ•°æ®,å¯å˜æ³¢ç‰¹ç‡
                        AUXR |= 0x01;   //ä¸²å£1é€‰æ‹©å®šæ—¶å™¨2ä¸ºæ³¢ç‰¹ç‡å‘ç”Ÿå™¨
                        AUXR |= 0x04;   //å®šæ—¶å™¨2æ—¶é’Ÿä¸ºFosc,å³1T
                        T2L = (u8)(65535UL - ((MAIN_Fosc / 4) / COMx->UART_BaudRate));
                        T2H = (u8)((65535UL - ((MAIN_Fosc / 4) / COMx->UART_BaudRate))>>8);   //è®¾å®šå®šæ—¶åˆå€¼
                        AUXR |= 0x10;   //å¯åŠ¨å®šæ—¶å™¨2
                        ES=COMx->UART_Interrupt;//ä¸­æ–­å…è®¸
                      #endif
  63   3              
  64   3              #ifdef  STC12C5A60S2    
  65   3                PCON &= 0x7F;   //æ³¢ç‰¹ç‡ä¸å€é€Ÿ
  66   3                SCON = 0x50;    //8ä½æ•°æ®,å¯å˜æ³¢ç‰¹ç‡
  67   3                AUXR |= 0x04;   //ç‹¬ç«‹æ³¢ç‰¹ç‡å‘ç”Ÿå™¨æ—¶é’Ÿä¸ºFosc,å³1T
  68   3                BRT = 256-(MAIN_Fosc / 32) / COMx->UART_BaudRate;   //è®¾å®šç‹¬ç«‹æ³¢ç‰¹ç‡å‘ç”Ÿå™¨é‡è£…å€¼
  69   3                AUXR |= 0x01;   //ä¸²å£1é€‰æ‹©ç‹¬ç«‹æ³¢ç‰¹ç‡å‘ç”Ÿå™¨ä¸ºæ³¢ç‰¹ç‡å‘ç”Ÿå™¨
  70   3                AUXR |= 0x10;   //å¯åŠ¨ç‹¬ç«‹æ³¢ç‰¹ç‡å‘ç”Ÿå™¨
  71   3                ES=COMx->UART_Interrupt;//ä¸­æ–­å…è®¸
  72   3              #endif
  73   3            }
  74   2      
  75   2        }
  76   1        if(UARTx == USART2)
  77   1        {
  78   2          Msg_RX[UARTx-1].pStart  =   Msg_Rx2Buffer;                                //ç¼“å­˜åŒºå¼€å§‹åœ°å€
  79   2          Msg_RX[UARTx-1].pEnd    =   Msg_Rx2Buffer + sizeof(Msg_Rx2Buffer) - 1;  //ç¼“å­˜åŒºç»“æŸåœ°å€
  80   2          Msg_RX[UARTx-1].pOut    =   Msg_RX[UARTx-1].pStart;                               //æ•°æ®å‡ºå£æŒ‡é’ˆ
  81   2          Msg_RX[UARTx-1].pIn     =   Msg_RX[UARTx-1].pStart; //æ•°æ®å…¥å£æŒ‡é’ˆ  
  82   2          Msg_RX[UARTx-1].overflow_flag = 0;//ç¼“å­˜æº¢å‡ºæ ‡å¿—
  83   2          memset(Msg_Rx2Buffer,0,sizeof(Msg_Rx2Buffer));                            //æ•°æ®å…¥å£æŒ‡é’ˆ    
  84   2      
  85   2          #ifdef  STC15W4K48S4  
                    S2CON = 0x50;   //8ä½æ•°æ®,å¯å˜æ³¢ç‰¹ç‡
                    AUXR |= 0x04;   //å®šæ—¶å™¨2æ—¶é’Ÿä¸ºFosc,å³1T
                    T2L = (u8)(65535UL - ((MAIN_Fosc / 4) / COMx->UART_BaudRate));
                    T2H = (u8)((65535UL - ((MAIN_Fosc / 4) / COMx->UART_BaudRate))>>8);   //è®¾å®šå®šæ—¶åˆå€¼
                    AUXR |= 0x10;   //å¯åŠ¨å®šæ—¶å™¨2  
                    IE2 |=COMx->UART_Interrupt; //å¼€ä¸²å£2ä¸­æ–­  ES2=1=COMx->UART_Interrupt;//ä¸­æ–­å…è®¸
                  #endif
  93   2          
  94   2          #ifdef  STC12C5A60S2    
  95   2            AUXR &= 0xF7;   //æ³¢ç‰¹ç‡ä¸å€é€Ÿ
  96   2            S2CON = 0x50;   //8ä½æ•°æ®,å¯å˜æ³¢ç‰¹ç‡
  97   2            AUXR |= 0x04;   //ç‹¬ç«‹æ³¢ç‰¹ç‡å‘ç”Ÿå™¨æ—¶é’Ÿä¸ºFosc,å³1T
  98   2            BRT = 256-(MAIN_Fosc / 32) / COMx->UART_BaudRate; //è®¾å®šç‹¬ç«‹æ³¢ç‰¹ç‡å‘ç”Ÿå™¨é‡è£…å€¼
  99   2            AUXR |= 0x10;   //å¯åŠ¨ç‹¬ç«‹æ³¢ç‰¹ç‡å‘ç”Ÿå™¨
 100   2            IE2 |=COMx->UART_Interrupt; //å¼€ä¸²å£2ä¸­æ–­  ES2=1=COMx->UART_Interrupt;//ä¸­æ–­å…è®¸
 101   2          #endif
 102   2        }
 103   1        #ifdef  STC15W4K48S4  
                if(UARTx == USART3)
                {
                  Msg_RX[UARTx-1].pStart  =   Msg_Rx3Buffer;                                //ç¼“å­˜åŒºå¼€å§‹åœ°å€
                  Msg_RX[UARTx-1].pEnd    =   Msg_Rx3Buffer + sizeof(Msg_Rx3Buffer) - 1;  //ç¼“å­˜åŒºç»“æŸåœ°å€
                  Msg_RX[UARTx-1].pOut    =   Msg_RX[UARTx-1].pStart;                               //æ•°æ®å‡ºå£æŒ‡é’ˆ
                  Msg_RX[UARTx-1].pIn     =   Msg_RX[UARTx-1].pStart; //æ•°æ®å…¥å£æŒ‡é’ˆ  
                  Msg_RX[UARTx-1].overflow_flag = 0;//ç¼“å­˜æº¢å‡ºæ ‡å¿—
                  memset(Msg_Rx3Buffer,0,sizeof(Msg_Rx3Buffer));                            //æ•°æ®å…¥å£æŒ‡é’ˆ  
                  if(COMx->UART_BRT_Use == BRT_Timer2)
                  {
                    S3CON = 0x10;   //8ä½æ•°æ®,å¯å˜æ³¢ç‰¹ç‡
                    S3CON &= 0xBF;    //ä¸²å£3é€‰æ‹©å®šæ—¶å™¨2ä¸ºæ³¢ç‰¹ç‡å‘ç”Ÿå™¨
                    AUXR |= 0x04;   //å®šæ—¶å™¨2æ—¶é’Ÿä¸ºFosc,å³1T
C51 COMPILER V9.60.0.0   USART                                                             09/20/2025 15:17:34 PAGE 3   

                    T2L = (u8)(65535UL - ((MAIN_Fosc / 4) / COMx->UART_BaudRate));
                    T2H = (u8)((65535UL - ((MAIN_Fosc / 4) / COMx->UART_BaudRate))>>8);   //è®¾å®šå®šæ—¶åˆå€¼
                    AUXR |= 0x10;   //å¯åŠ¨å®šæ—¶å™¨2
                    IE2 |= (COMx->UART_Interrupt << 3);//ä¸­æ–­å…è®¸
                  }
                  else if(COMx->UART_BRT_Use == BRT_Timer3)
                  {
                    S3CON = 0x10;   //8ä½æ•°æ®,å¯å˜æ³¢ç‰¹ç‡
                    S3CON |= 0x40;    //ä¸²å£3é€‰æ‹©å®šæ—¶å™¨3ä¸ºæ³¢ç‰¹ç‡å‘ç”Ÿå™¨
                    T4T3M |= 0x02;    //å®šæ—¶å™¨3æ—¶é’Ÿä¸ºFosc,å³1T
                    T3L = (u8)(65535UL - ((MAIN_Fosc / 4) / COMx->UART_BaudRate));
                    T3H = (u8)((65535UL - ((MAIN_Fosc / 4) / COMx->UART_BaudRate))>>8);   //è®¾å®šå®šæ—¶åˆå€¼
                    T4T3M |= 0x08;    //å¯åŠ¨å®šæ—¶å™¨3  
                    IE2 |= (COMx->UART_Interrupt << 3);//ä¸­æ–­å…è®¸     
                  }
                
                }
                if(UARTx == USART4)
                {
                  Msg_RX[UARTx-1].pStart  =   Msg_Rx4Buffer;                                //ç¼“å­˜åŒºå¼€å§‹åœ°å€
                  Msg_RX[UARTx-1].pEnd    =   Msg_Rx4Buffer + sizeof(Msg_Rx4Buffer) - 1;    //ç¼“å­˜åŒºç»“æŸåœ°å€
                  Msg_RX[UARTx-1].pOut    =   Msg_RX[UARTx-1].pStart;                       //æ•°æ®å‡ºå£æŒ‡é’ˆ
                  Msg_RX[UARTx-1].pIn     =   Msg_RX[UARTx-1].pStart;                       //æ•°æ®å…¥å£æŒ‡é’ˆ  
                  Msg_RX[UARTx-1].overflow_flag = 0;                                        //ç¼“å­˜æº¢å‡ºæ ‡å¿—
                  memset(Msg_Rx4Buffer,0,sizeof(Msg_Rx4Buffer));                            //æ•°æ®å…¥å£æŒ‡é’ˆ  
                  if(COMx->UART_BRT_Use == BRT_Timer2)
                  {
                    S4CON = 0x10;   //8ä½æ•°æ®,å¯å˜æ³¢ç‰¹ç‡
                    S4CON &= 0xBF;    //ä¸²å£4é€‰æ‹©å®šæ—¶å™¨2ä¸ºæ³¢ç‰¹ç‡å‘ç”Ÿå™¨
                    AUXR |= 0x04;   //å®šæ—¶å™¨2æ—¶é’Ÿä¸ºFosc,å³1T
                    T2L = (u8)(65535UL - ((MAIN_Fosc / 4) / COMx->UART_BaudRate));
                    T2H = (u8)((65535UL - ((MAIN_Fosc / 4) / COMx->UART_BaudRate))>>8);   //è®¾å®šå®šæ—¶åˆå€¼
                    AUXR |= 0x10;   //å¯åŠ¨å®šæ—¶å™¨2
                    IE2 |= (COMx->UART_Interrupt << 4);//ä¸­æ–­å…è®¸ 
                  }
                  else if(COMx->UART_BRT_Use == BRT_Timer4)
                  {
                    S4CON = 0x10;   //8ä½æ•°æ®,å¯å˜æ³¢ç‰¹ç‡
                    S4CON |= 0x40;    //ä¸²å£4é€‰æ‹©å®šæ—¶å™¨4ä¸ºæ³¢ç‰¹ç‡å‘ç”Ÿå™¨
                    T4T3M |= 0x20;    //å®šæ—¶å™¨4æ—¶é’Ÿä¸ºFosc,å³1T
                    T4L = (u8)(65535UL - ((MAIN_Fosc / 4) / COMx->UART_BaudRate));
                    T4H = (u8)((65535UL - ((MAIN_Fosc / 4) / COMx->UART_BaudRate))>>8);   //è®¾å®šå®šæ—¶åˆå€¼  
                    T4T3M |= 0x80;    //å¯åŠ¨å®šæ—¶å™¨4  
                    IE2 |= (COMx->UART_Interrupt << 4);//ä¸­æ–­å…è®¸   
                  } 
                }
                #endif
 164   1        
 165   1      }
 166          /*******************************************************************************/
 167          void int_4(void) interrupt 4 //ä¸²å£1ä¸­æ–­
 168          {
 169   1        if(RI==1)
 170   1        { 
 171   2          RI=0;
 172   2          if((Msg_RX[0].pIn >= Msg_RX[0].pOut) && (Msg_RX[0].overflow_flag == 1))
 173   2          {
 174   3      
 175   3            Msg_RX[0].pIn = Msg_RX[0].pStart;
 176   3            Msg_RX[0].pOut = Msg_RX[0].pStart;
 177   3            Msg_RX[0].overflow_flag = 0;  
 178   3          }
C51 COMPILER V9.60.0.0   USART                                                             09/20/2025 15:17:34 PAGE 4   

 179   2          if(Msg_RX[0].pIn == Msg_RX[0].pEnd)   //å¤„ç†è¾¹ç•Œ
 180   2          {
 181   3            *Msg_RX[0].pIn  = SBUF;           //æ•°æ®å…¥é˜Ÿ  
 182   3            Msg_RX[0].pIn   = Msg_RX[0].pStart; //å¾ªç¯åˆ°åˆå§‹ä½ç½®
 183   3            Msg_RX[0].overflow_flag = 1;      //å·²ç»ç»è¿‡è¾¹ç•Œ
 184   3          }
 185   2          else 
 186   2          {
 187   3            *Msg_RX[0].pIn++ = SBUF;
 188   3          }
 189   2      
 190   2        }
 191   1      }
 192          /*****************************************************************************/
 193          void int_8(void) interrupt 8 //ä¸²å£2ä¸­æ–­
 194          {
 195   1        if(S2CON&0x01)  //S2RI=1
 196   1        {
 197   2          S2CON&=0xfe; 
 198   2          if((Msg_RX[1].pIn == Msg_RX[1].pOut) && (Msg_RX[1].overflow_flag == 1))//é˜Ÿåˆ—æº¢å‡º
 199   2          {
 200   3            Msg_RX[1].pIn = Msg_RX[1].pStart;
 201   3            Msg_RX[1].pOut = Msg_RX[1].pStart;
 202   3            Msg_RX[1].overflow_flag = 0;  
 203   3          }
 204   2          if(Msg_RX[1].pIn == Msg_RX[1].pEnd)   //å¤„ç†è¾¹ç•Œ
 205   2          {
 206   3            *Msg_RX[1].pIn  = S2BUF;            //æ•°æ®å…¥é˜Ÿ  
 207   3            Msg_RX[1].pIn   = Msg_RX[1].pStart; //å¾ªç¯åˆ°åˆå§‹ä½ç½®
 208   3            Msg_RX[1].overflow_flag = 1;      //å·²ç»ç»è¿‡è¾¹ç•Œ
 209   3          }
 210   2          else 
 211   2          {
 212   3            *Msg_RX[1].pIn++ = S2BUF; 
 213   3          }
 214   2        }
 215   1        
 216   1      }
 217          
 218          #ifdef  STC15W4K48S4  
              //========================================================================
              //æè¿°: ä¸²å£3ä¸­æ–­
              //========================================================================
              void UART3_int (void) interrupt UART3_VECTOR //ä¸²å£ä¸­æ–­3
              {
                if(RI3) 
                {
                  CLR_RI3(); 
                  if((Msg_RX[2].pIn == Msg_RX[2].pOut) && (Msg_RX[2].overflow_flag == 1))//é˜Ÿåˆ—æº¢å‡º
                  {
                    Msg_RX[2].pIn = Msg_RX[2].pStart;
                    Msg_RX[2].pOut = Msg_RX[2].pStart;
                    Msg_RX[2].overflow_flag = 0;  
                  }
                  if(Msg_RX[2].pIn == Msg_RX[2].pEnd)   //å¤„ç†è¾¹ç•Œ
                  {
                    *Msg_RX[2].pIn  = S3BUF;            //æ•°æ®å…¥é˜Ÿ  
                    Msg_RX[2].pIn   = Msg_RX[2].pStart; //å¾ªç¯åˆ°åˆå§‹ä½ç½®
                    Msg_RX[2].overflow_flag = 1;      //å·²ç»ç»è¿‡è¾¹ç•Œ
                  }
                  else 
                  {
C51 COMPILER V9.60.0.0   USART                                                             09/20/2025 15:17:34 PAGE 5   

                    *Msg_RX[2].pIn++ = S3BUF; 
                  }
                }
                
              }
              #endif
 247          #ifdef  STC15W4K48S4  
              //========================================================================
              //æè¿°: ä¸²å£4ä¸­æ–­
              //========================================================================
              void UART4_int (void) interrupt UART4_VECTOR //ä¸²å£ä¸­æ–­4
              {
                if(RI4) 
                {   
                  CLR_RI4();
                  if((Msg_RX[3].pIn == Msg_RX[3].pOut) && (Msg_RX[3].overflow_flag == 1))//é˜Ÿåˆ—æº¢å‡º
                  {
                    Msg_RX[3].pIn = Msg_RX[3].pStart;
                    Msg_RX[3].pOut = Msg_RX[3].pStart;
                    Msg_RX[3].overflow_flag = 0;  
                  }
                  if(Msg_RX[3].pIn == Msg_RX[3].pEnd)   //å¤„ç†è¾¹ç•Œ
                  {
                    *Msg_RX[3].pIn  = S4BUF;            //æ•°æ®å…¥é˜Ÿ  
                    Msg_RX[3].pIn   = Msg_RX[3].pStart; //å¾ªç¯åˆ°åˆå§‹ä½ç½®
                    Msg_RX[3].overflow_flag = 1;      //å·²ç»ç»è¿‡è¾¹ç•Œ
                  }
                  else 
                  {
                    *Msg_RX[3].pIn++ = S4BUF; 
                  }
                }
                
              }
              #endif
 276          //========================================================================
 277          // å‡½æ•°: u8 USART_ReadRxBuffer(u8 UARTxï¼Œu8 *pbuffer,u16 *lenth)
 278          // æè¿°: è¯»å–ä¸²å£çš„ç¼“å­˜æ•°æ®åˆ°æŒ‡å®šçš„å†…å­˜å—
 279          // å‚æ•°: u8 UARTxéœ€è¦è¯»çš„ç«¯å£å·ï¼Œu8 *pbufferå†…å­˜å—çš„åœ°å€ï¼Œu16 Buflenthä¸ºç¼“å­˜åŒºçš„å¤§å
             -°.
 280          // è¿”å›: è¿”å›è¯»å–æ•°æ®çš„é•¿åº¦
 281          // ç‰ˆæœ¬: V1.0, 2022-10-17
 282          //========================================================================
 283          u16 USART_ReadRxBuffer(u8 UARTx, u8 *pbuffer, u16 Buflenth)
 284          {
 285   1        u8 *pIn   =   Msg_RX[UARTx-1].pIn;
 286   1        u8 *pOut  =   Msg_RX[UARTx-1].pOut;
 287   1        xdata u16 lenth = 0;
 288   1        xdata u8 *ptemp = pbuffer;
 289   1      
 290   1        while(pOut != pIn)          //1æ¬¡è¯»å–æ‰€æœ‰çš„ç¼“å­˜
 291   1        {
 292   2          lenth++;  //è®°å½•è¯»å‡ºçš„æ•°æ®é•¿åº¦ 
 293   2          if (lenth < Buflenth)           //åˆ¤æ–­æ•°ç»„æ˜¯å¦è¶Šç•Œ
 294   2          {    
 295   3              if(pOut == Msg_RX[UARTx-1].pEnd)  //å¤„ç†è¾¹ç•Œ
 296   3              {
 297   4                  *pbuffer++ = *pOut;   //æ•°æ®å‡ºé˜Ÿ        
 298   4                    pOut     = Msg_RX[UARTx-1].pStart;//å¾ªç¯åˆ°åˆå§‹ä½ç½®
 299   4                  Msg_RX[UARTx-1].overflow_flag = 0;    //æº¢å‡ºæ ‡å¿—æ¸…0
 300   4              }
 301   3              else 
C51 COMPILER V9.60.0.0   USART                                                             09/20/2025 15:17:34 PAGE 6   

 302   3              {       
 303   4                  *pbuffer++ = *pOut++; //æ•°æ®å‡ºé˜Ÿ 
 304   4              }
 305   3            #ifdef DEBUG
                      printf("RxBuffer[%bd] = %b02x",(u8)(lenth-1),*(pbuffer-1)); 
                      printf("\r\n");
                    #endif
 309   3          }
 310   2          else          //ç¼“å­˜æ•°ç»„è¶Šç•Œ
 311   2          {
 312   3            #ifdef DEBUG
                    printf("USART_ReadRxBuffer:Index overflow!!!\r\n"); 
                    #endif    
 315   3            break;//é€€å‡ºï¼Œä¸å†æ‹·è´
 316   3          }
 317   2        }
 318   1        Msg_RX[UARTx-1].pOut = pIn; //å°†æ•°æ®å‡ºå£ä½ç½®ç§»åˆ°å…¥å£ä½ç½®ï¼Œå‡†å¤‡è¿›è¡Œä¸‹ä¸€è½®è¯»å–
 319   1        return lenth;
 320   1          
 321   1      }
 322          
 323          
 324          //========================================================================
 325          // å‡½æ•°: void USART_CloseInterrupt(u8 UARTx)
 326          // æè¿°: å…³é—­ä¸²å£ä¸­æ–­
 327          // å‚æ•°: u8 UARTxéœ€è¦å…³é—­çš„ä¸²å£å·
 328          // è¿”å›: 
 329          // ç‰ˆæœ¬: V1.0, 2022-10-17
 330          //========================================================================
 331          void USART_CloseInterrupt(u8 UARTx)
 332          {
 333   1            switch(UARTx)
 334   1            {
 335   2              case USART1:
 336   2                          ES = 0;//å…³é—­ä¸­æ–­
 337   2                          break;
 338   2              case USART2:
 339   2                          IE2 &= ~(1<< 0);//å…³é—­ä¸­æ–­
 340   2                          break;
 341   2      #ifdef  STC15W4K48S4  
                      case USART3:
                                  IE2 &= ~(1<< 3);//å…³é—­ä¸­æ–­
                                  break;
                      case USART4:
                                  IE2 &= ~(1<< 4);//å…³é—­ä¸­æ–­
                                  break;
              #endif
 349   2              default:
 350   2                          return;
 351   2            } 
 352   1      }
 353          
 354          //========================================================================
 355          // å‡½æ•°: void USART_OpenInterrupt(u8 UARTx)
 356          // æè¿°: å¼€å¯ä¸²å£ä¸­æ–­
 357          // å‚æ•°: u8 UARTxéœ€è¦å¼€å¯çš„ä¸²å£å·
 358          // è¿”å›: 
 359          // ç‰ˆæœ¬: V1.0, 2022-10-17
 360          //========================================================================
 361          void USART_OpenInterrupt(u8 UARTx)
 362          {
 363   1            switch(UARTx)
C51 COMPILER V9.60.0.0   USART                                                             09/20/2025 15:17:34 PAGE 7   

 364   1            {
 365   2              case USART1:
 366   2                          ES = 1;//å¼€å¯ä¸­æ–­
 367   2                          break;
 368   2              case USART2:
 369   2                          IE2 |=(1<< 0);//å¼€å¯ä¸­æ–­
 370   2                          break;
 371   2      #ifdef  STC15W4K48S4
                      case USART3:
                                  IE2 |= (1<< 3);//å¼€å¯ä¸­æ–­
                                  break;
                      case USART4:
                                  IE2 |= (1<< 4);//å¼€å¯ä¸­æ–­
                                  break;
                      default:
                                  return;
              #endif
 381   2            }
 382   1      }
 383          //========================================================================
 384          // å‡½æ•°: void USART_ClearMsgQueueRxBuffer(u8 UARTx)
 385          // æè¿°: æ¸…ç†ä¸²å£ç¼“å­˜æ•°æ®
 386          // å‚æ•°: u8 UARTxéœ€è¦æ¸…ç†çš„ä¸²å£å·
 387          // è¿”å›: 
 388          // ç‰ˆæœ¬: V1.0, 2022-10-17
 389          //========================================================================
 390          void USART_ClearMsgQueueRxBuffer(u8 UARTx)
 391          {
 392   1            u16 Bufferlenth = 0;
 393   1        
 394   1            if(UARTx != DISABLE)
 395   1            {
 396   2        
 397   2              USART_CloseInterrupt(UARTx);//å…³é—­ä¸­æ–­
 398   2      
 399   2              Bufferlenth = Msg_RX[UARTx-1].pEnd - Msg_RX[UARTx-1].pStart +1;//è®¡ç®—ç¼“å­˜åŒºçš„é•¿åº¦
 400   2          
 401   2              memset(Msg_RX[UARTx-1].pStart,0,Bufferlenth);//æ¸…ç†ç¼“å­˜
 402   2          
 403   2              Msg_RX[UARTx-1].pIn = Msg_RX[UARTx-1].pStart;//å¤ä½æ•°æ®å…¥å£æŒ‡é’ˆ
 404   2          
 405   2              Msg_RX[UARTx-1].pOut = Msg_RX[UARTx-1].pStart;//å¤ä½æ•°æ®å‡ºå£æŒ‡é’ˆ
 406   2          
 407   2              Msg_RX[UARTx-1].overflow_flag = 0;//æº¢å‡ºæ ‡å¿—æ¸…é›¶
 408   2          
 409   2              USART_OpenInterrupt(UARTx);//å¼€å¯ä¸­æ–­
 410   2            }
 411   1        
 412   1          
 413   1      }


MODULE INFORMATION:   STATIC OVERLAYABLE
   CODE SIZE        =   1747    ----
   CONSTANT SIZE    =   ----    ----
   XDATA SIZE       =     90      21
   PDATA SIZE       =   ----    ----
   DATA SIZE        =   ----    ----
   IDATA SIZE       =   ----    ----
   BIT SIZE         =   ----    ----
END OF MODULE INFORMATION.


C51 COMPILATION COMPLETE.  0 WARNING(S),  0 ERROR(S)
